16-Aug-2017 12:44:48.160 INFO [main] org.apache.catalina.startup.VersionLoggerListener.log Server version:        Apache Tomcat/8.0.24
16-Aug-2017 12:44:48.162 INFO [main] org.apache.catalina.startup.VersionLoggerListener.log Server built:          Jul 1 2015 20:19:55 UTC
16-Aug-2017 12:44:48.163 INFO [main] org.apache.catalina.startup.VersionLoggerListener.log Server number:         8.0.24.0
16-Aug-2017 12:44:48.163 INFO [main] org.apache.catalina.startup.VersionLoggerListener.log OS Name:               Linux
16-Aug-2017 12:44:48.164 INFO [main] org.apache.catalina.startup.VersionLoggerListener.log OS Version:            4.9.36-moby
16-Aug-2017 12:44:48.164 INFO [main] org.apache.catalina.startup.VersionLoggerListener.log Architecture:          amd64
16-Aug-2017 12:44:48.164 INFO [main] org.apache.catalina.startup.VersionLoggerListener.log Java Home:             /usr/lib/jvm/java-8-oracle/jre
16-Aug-2017 12:44:48.164 INFO [main] org.apache.catalina.startup.VersionLoggerListener.log JVM Version:           1.8.0_25-b17
16-Aug-2017 12:44:48.165 INFO [main] org.apache.catalina.startup.VersionLoggerListener.log JVM Vendor:            Oracle Corporation
16-Aug-2017 12:44:48.165 INFO [main] org.apache.catalina.startup.VersionLoggerListener.log CATALINA_BASE:         /opt/tomcat
16-Aug-2017 12:44:48.165 INFO [main] org.apache.catalina.startup.VersionLoggerListener.log CATALINA_HOME:         /opt/tomcat
16-Aug-2017 12:44:48.166 INFO [main] org.apache.catalina.startup.VersionLoggerListener.log Command line argument: -Djava.util.logging.config.file=/opt/tomcat/conf/logging.properties
16-Aug-2017 12:44:48.166 INFO [main] org.apache.catalina.startup.VersionLoggerListener.log Command line argument: -Djava.util.logging.manager=org.apache.juli.ClassLoaderLogManager
16-Aug-2017 12:44:48.166 INFO [main] org.apache.catalina.startup.VersionLoggerListener.log Command line argument: -Djava.security.egd=file:/dev/./urandom
16-Aug-2017 12:44:48.166 INFO [main] org.apache.catalina.startup.VersionLoggerListener.log Command line argument: -Djava.endorsed.dirs=/opt/tomcat/endorsed
16-Aug-2017 12:44:48.167 INFO [main] org.apache.catalina.startup.VersionLoggerListener.log Command line argument: -Dcatalina.base=/opt/tomcat
16-Aug-2017 12:44:48.167 INFO [main] org.apache.catalina.startup.VersionLoggerListener.log Command line argument: -Dcatalina.home=/opt/tomcat
16-Aug-2017 12:44:48.167 INFO [main] org.apache.catalina.startup.VersionLoggerListener.log Command line argument: -Djava.io.tmpdir=/opt/tomcat/temp
16-Aug-2017 12:44:48.167 INFO [main] org.apache.catalina.core.AprLifecycleListener.lifecycleEvent The APR based Apache Tomcat Native library which allows optimal performance in production environments was not found on the java.library.path: /usr/java/packages/lib/amd64:/usr/lib64:/lib64:/lib:/usr/lib
16-Aug-2017 12:44:48.322 INFO [main] org.apache.coyote.AbstractProtocol.init Initializing ProtocolHandler ["http-nio-8080"]
16-Aug-2017 12:44:48.341 INFO [main] org.apache.tomcat.util.net.NioSelectorPool.getSharedSelector Using a shared selector for servlet write/read
16-Aug-2017 12:44:48.345 INFO [main] org.apache.coyote.AbstractProtocol.init Initializing ProtocolHandler ["ajp-nio-8009"]
16-Aug-2017 12:44:48.347 INFO [main] org.apache.tomcat.util.net.NioSelectorPool.getSharedSelector Using a shared selector for servlet write/read
16-Aug-2017 12:44:48.347 INFO [main] org.apache.catalina.startup.Catalina.load Initialization processed in 614 ms
16-Aug-2017 12:44:48.381 INFO [main] org.apache.catalina.core.StandardService.startInternal Starting service Catalina
16-Aug-2017 12:44:48.381 INFO [main] org.apache.catalina.core.StandardEngine.startInternal Starting Servlet Engine: Apache Tomcat/8.0.24
16-Aug-2017 12:44:48.418 INFO [localhost-startStop-1] org.apache.catalina.startup.HostConfig.deployWAR Deploying web application archive /opt/tomcat/webapps/rest-0.1.0.war
16-Aug-2017 12:44:50.171 INFO [localhost-startStop-1] org.apache.jasper.servlet.TldScanner.scanJars At least one JAR was scanned for TLDs yet contained no TLDs. Enable debug logging for this logger for a complete list of JARs that were scanned but no TLDs were found in them. Skipping unneeded JARs during scanning can improve startup time and JSP compilation time.
16-Aug-2017 12:44:50.330 SEVERE [localhost-startStop-1] org.apache.catalina.core.ContainerBase.addChildInternal ContainerBase.addChild: start: 
 org.apache.catalina.LifecycleException: Failed to start component [StandardEngine[Catalina].StandardHost[localhost].StandardContext[/rest-0.1.0]]
	at org.apache.catalina.util.LifecycleBase.start(LifecycleBase.java:154)
	at org.apache.catalina.core.ContainerBase.addChildInternal(ContainerBase.java:725)
	at org.apache.catalina.core.ContainerBase.addChild(ContainerBase.java:701)
	at org.apache.catalina.core.StandardHost.addChild(StandardHost.java:717)
	at org.apache.catalina.startup.HostConfig.deployWAR(HostConfig.java:945)
	at org.apache.catalina.startup.HostConfig$DeployWar.run(HostConfig.java:1768)
	at java.util.concurrent.Executors$RunnableAdapter.call(Executors.java:511)
	at java.util.concurrent.FutureTask.run(FutureTask.java:266)
	at java.util.concurrent.ThreadPoolExecutor.runWorker(ThreadPoolExecutor.java:1142)
	at java.util.concurrent.ThreadPoolExecutor$Worker.run(ThreadPoolExecutor.java:617)
	at java.lang.Thread.run(Thread.java:745)
Caused by: java.lang.NullPointerException
	at com.consequentialdata.rest.configuration.WarInitializer.onStartup(WarInitializer.java:26)
	at org.springframework.web.SpringServletContainerInitializer.onStartup(SpringServletContainerInitializer.java:169)
	at org.apache.catalina.core.StandardContext.startInternal(StandardContext.java:5156)
	at org.apache.catalina.util.LifecycleBase.start(LifecycleBase.java:150)
	... 10 more

16-Aug-2017 12:44:50.332 SEVERE [localhost-startStop-1] org.apache.catalina.startup.HostConfig.deployWAR Error deploying web application archive /opt/tomcat/webapps/rest-0.1.0.war
 java.lang.IllegalStateException: ContainerBase.addChild: start: org.apache.catalina.LifecycleException: Failed to start component [StandardEngine[Catalina].StandardHost[localhost].StandardContext[/rest-0.1.0]]
	at org.apache.catalina.core.ContainerBase.addChildInternal(ContainerBase.java:729)
	at org.apache.catalina.core.ContainerBase.addChild(ContainerBase.java:701)
	at org.apache.catalina.core.StandardHost.addChild(StandardHost.java:717)
	at org.apache.catalina.startup.HostConfig.deployWAR(HostConfig.java:945)
	at org.apache.catalina.startup.HostConfig$DeployWar.run(HostConfig.java:1768)
	at java.util.concurrent.Executors$RunnableAdapter.call(Executors.java:511)
	at java.util.concurrent.FutureTask.run(FutureTask.java:266)
	at java.util.concurrent.ThreadPoolExecutor.runWorker(ThreadPoolExecutor.java:1142)
	at java.util.concurrent.ThreadPoolExecutor$Worker.run(ThreadPoolExecutor.java:617)
	at java.lang.Thread.run(Thread.java:745)

16-Aug-2017 12:44:50.333 INFO [localhost-startStop-1] org.apache.catalina.startup.HostConfig.deployWAR Deployment of web application archive /opt/tomcat/webapps/rest-0.1.0.war has finished in 1,915 ms
16-Aug-2017 12:44:50.335 INFO [localhost-startStop-1] org.apache.catalina.startup.HostConfig.deployDirectory Deploying web application directory /opt/tomcat/webapps/manager
16-Aug-2017 12:44:50.391 INFO [localhost-startStop-1] org.apache.catalina.startup.HostConfig.deployDirectory Deployment of web application directory /opt/tomcat/webapps/manager has finished in 55 ms
16-Aug-2017 12:44:50.391 INFO [localhost-startStop-1] org.apache.catalina.startup.HostConfig.deployDirectory Deploying web application directory /opt/tomcat/webapps/host-manager
16-Aug-2017 12:44:50.411 INFO [localhost-startStop-1] org.apache.catalina.startup.HostConfig.deployDirectory Deployment of web application directory /opt/tomcat/webapps/host-manager has finished in 20 ms
16-Aug-2017 12:44:50.412 INFO [localhost-startStop-1] org.apache.catalina.startup.HostConfig.deployDirectory Deploying web application directory /opt/tomcat/webapps/ROOT
16-Aug-2017 12:44:50.423 INFO [localhost-startStop-1] org.apache.catalina.startup.HostConfig.deployDirectory Deployment of web application directory /opt/tomcat/webapps/ROOT has finished in 11 ms
16-Aug-2017 12:44:50.429 INFO [main] org.apache.coyote.AbstractProtocol.start Starting ProtocolHandler ["http-nio-8080"]
16-Aug-2017 12:44:50.469 INFO [main] org.apache.coyote.AbstractProtocol.start Starting ProtocolHandler ["ajp-nio-8009"]
16-Aug-2017 12:44:50.479 INFO [main] org.apache.catalina.startup.Catalina.start Server startup in 2131 ms
16-Aug-2017 13:05:01.450 INFO [ContainerBackgroundProcessor[StandardEngine[Catalina]]] org.apache.catalina.startup.HostConfig.undeploy Undeploying context [/rest-0.1.0]
16-Aug-2017 13:05:19.356 INFO [main] org.apache.catalina.startup.VersionLoggerListener.log Server version:        Apache Tomcat/8.0.24
16-Aug-2017 13:05:19.358 INFO [main] org.apache.catalina.startup.VersionLoggerListener.log Server built:          Jul 1 2015 20:19:55 UTC
16-Aug-2017 13:05:19.359 INFO [main] org.apache.catalina.startup.VersionLoggerListener.log Server number:         8.0.24.0
16-Aug-2017 13:05:19.360 INFO [main] org.apache.catalina.startup.VersionLoggerListener.log OS Name:               Linux
16-Aug-2017 13:05:19.360 INFO [main] org.apache.catalina.startup.VersionLoggerListener.log OS Version:            4.9.36-moby
16-Aug-2017 13:05:19.361 INFO [main] org.apache.catalina.startup.VersionLoggerListener.log Architecture:          amd64
16-Aug-2017 13:05:19.362 INFO [main] org.apache.catalina.startup.VersionLoggerListener.log Java Home:             /usr/lib/jvm/java-8-oracle/jre
16-Aug-2017 13:05:19.362 INFO [main] org.apache.catalina.startup.VersionLoggerListener.log JVM Version:           1.8.0_25-b17
16-Aug-2017 13:05:19.363 INFO [main] org.apache.catalina.startup.VersionLoggerListener.log JVM Vendor:            Oracle Corporation
16-Aug-2017 13:05:19.363 INFO [main] org.apache.catalina.startup.VersionLoggerListener.log CATALINA_BASE:         /opt/tomcat
16-Aug-2017 13:05:19.364 INFO [main] org.apache.catalina.startup.VersionLoggerListener.log CATALINA_HOME:         /opt/tomcat
16-Aug-2017 13:05:19.365 INFO [main] org.apache.catalina.startup.VersionLoggerListener.log Command line argument: -Djava.util.logging.config.file=/opt/tomcat/conf/logging.properties
16-Aug-2017 13:05:19.365 INFO [main] org.apache.catalina.startup.VersionLoggerListener.log Command line argument: -Djava.util.logging.manager=org.apache.juli.ClassLoaderLogManager
16-Aug-2017 13:05:19.366 INFO [main] org.apache.catalina.startup.VersionLoggerListener.log Command line argument: -Djava.security.egd=file:/dev/./urandom
16-Aug-2017 13:05:19.366 INFO [main] org.apache.catalina.startup.VersionLoggerListener.log Command line argument: -Djava.endorsed.dirs=/opt/tomcat/endorsed
16-Aug-2017 13:05:19.367 INFO [main] org.apache.catalina.startup.VersionLoggerListener.log Command line argument: -Dcatalina.base=/opt/tomcat
16-Aug-2017 13:05:19.367 INFO [main] org.apache.catalina.startup.VersionLoggerListener.log Command line argument: -Dcatalina.home=/opt/tomcat
16-Aug-2017 13:05:19.368 INFO [main] org.apache.catalina.startup.VersionLoggerListener.log Command line argument: -Djava.io.tmpdir=/opt/tomcat/temp
16-Aug-2017 13:05:19.368 INFO [main] org.apache.catalina.core.AprLifecycleListener.lifecycleEvent The APR based Apache Tomcat Native library which allows optimal performance in production environments was not found on the java.library.path: /usr/java/packages/lib/amd64:/usr/lib64:/lib64:/lib:/usr/lib
16-Aug-2017 13:05:19.529 INFO [main] org.apache.coyote.AbstractProtocol.init Initializing ProtocolHandler ["http-nio-8080"]
16-Aug-2017 13:05:19.555 INFO [main] org.apache.tomcat.util.net.NioSelectorPool.getSharedSelector Using a shared selector for servlet write/read
16-Aug-2017 13:05:19.560 INFO [main] org.apache.coyote.AbstractProtocol.init Initializing ProtocolHandler ["ajp-nio-8009"]
16-Aug-2017 13:05:19.562 INFO [main] org.apache.tomcat.util.net.NioSelectorPool.getSharedSelector Using a shared selector for servlet write/read
16-Aug-2017 13:05:19.563 INFO [main] org.apache.catalina.startup.Catalina.load Initialization processed in 638 ms
16-Aug-2017 13:05:19.595 INFO [main] org.apache.catalina.core.StandardService.startInternal Starting service Catalina
16-Aug-2017 13:05:19.595 INFO [main] org.apache.catalina.core.StandardEngine.startInternal Starting Servlet Engine: Apache Tomcat/8.0.24
16-Aug-2017 13:05:19.634 INFO [localhost-startStop-1] org.apache.catalina.startup.HostConfig.deployWAR Deploying web application archive /opt/tomcat/webapps/rest-0.1.0.war
16-Aug-2017 13:05:21.440 INFO [localhost-startStop-1] org.apache.jasper.servlet.TldScanner.scanJars At least one JAR was scanned for TLDs yet contained no TLDs. Enable debug logging for this logger for a complete list of JARs that were scanned but no TLDs were found in them. Skipping unneeded JARs during scanning can improve startup time and JSP compilation time.
16-Aug-2017 13:05:21.610 SEVERE [localhost-startStop-1] org.apache.catalina.core.ContainerBase.addChildInternal ContainerBase.addChild: start: 
 org.apache.catalina.LifecycleException: Failed to start component [StandardEngine[Catalina].StandardHost[localhost].StandardContext[/rest-0.1.0]]
	at org.apache.catalina.util.LifecycleBase.start(LifecycleBase.java:154)
	at org.apache.catalina.core.ContainerBase.addChildInternal(ContainerBase.java:725)
	at org.apache.catalina.core.ContainerBase.addChild(ContainerBase.java:701)
	at org.apache.catalina.core.StandardHost.addChild(StandardHost.java:717)
	at org.apache.catalina.startup.HostConfig.deployWAR(HostConfig.java:945)
	at org.apache.catalina.startup.HostConfig$DeployWar.run(HostConfig.java:1768)
	at java.util.concurrent.Executors$RunnableAdapter.call(Executors.java:511)
	at java.util.concurrent.FutureTask.run(FutureTask.java:266)
	at java.util.concurrent.ThreadPoolExecutor.runWorker(ThreadPoolExecutor.java:1142)
	at java.util.concurrent.ThreadPoolExecutor$Worker.run(ThreadPoolExecutor.java:617)
	at java.lang.Thread.run(Thread.java:745)
Caused by: java.lang.NullPointerException
	at com.consequentialdata.rest.configuration.WarInitializer.onStartup(WarInitializer.java:30)
	at org.springframework.web.SpringServletContainerInitializer.onStartup(SpringServletContainerInitializer.java:169)
	at org.apache.catalina.core.StandardContext.startInternal(StandardContext.java:5156)
	at org.apache.catalina.util.LifecycleBase.start(LifecycleBase.java:150)
	... 10 more

16-Aug-2017 13:05:21.612 SEVERE [localhost-startStop-1] org.apache.catalina.startup.HostConfig.deployWAR Error deploying web application archive /opt/tomcat/webapps/rest-0.1.0.war
 java.lang.IllegalStateException: ContainerBase.addChild: start: org.apache.catalina.LifecycleException: Failed to start component [StandardEngine[Catalina].StandardHost[localhost].StandardContext[/rest-0.1.0]]
	at org.apache.catalina.core.ContainerBase.addChildInternal(ContainerBase.java:729)
	at org.apache.catalina.core.ContainerBase.addChild(ContainerBase.java:701)
	at org.apache.catalina.core.StandardHost.addChild(StandardHost.java:717)
	at org.apache.catalina.startup.HostConfig.deployWAR(HostConfig.java:945)
	at org.apache.catalina.startup.HostConfig$DeployWar.run(HostConfig.java:1768)
	at java.util.concurrent.Executors$RunnableAdapter.call(Executors.java:511)
	at java.util.concurrent.FutureTask.run(FutureTask.java:266)
	at java.util.concurrent.ThreadPoolExecutor.runWorker(ThreadPoolExecutor.java:1142)
	at java.util.concurrent.ThreadPoolExecutor$Worker.run(ThreadPoolExecutor.java:617)
	at java.lang.Thread.run(Thread.java:745)

16-Aug-2017 13:05:21.615 INFO [localhost-startStop-1] org.apache.catalina.startup.HostConfig.deployWAR Deployment of web application archive /opt/tomcat/webapps/rest-0.1.0.war has finished in 1,983 ms
16-Aug-2017 13:05:21.616 INFO [localhost-startStop-1] org.apache.catalina.startup.HostConfig.deployDirectory Deploying web application directory /opt/tomcat/webapps/manager
16-Aug-2017 13:05:21.675 INFO [localhost-startStop-1] org.apache.catalina.startup.HostConfig.deployDirectory Deployment of web application directory /opt/tomcat/webapps/manager has finished in 59 ms
16-Aug-2017 13:05:21.676 INFO [localhost-startStop-1] org.apache.catalina.startup.HostConfig.deployDirectory Deploying web application directory /opt/tomcat/webapps/host-manager
16-Aug-2017 13:05:21.699 INFO [localhost-startStop-1] org.apache.catalina.startup.HostConfig.deployDirectory Deployment of web application directory /opt/tomcat/webapps/host-manager has finished in 23 ms
16-Aug-2017 13:05:21.700 INFO [localhost-startStop-1] org.apache.catalina.startup.HostConfig.deployDirectory Deploying web application directory /opt/tomcat/webapps/ROOT
16-Aug-2017 13:05:21.714 INFO [localhost-startStop-1] org.apache.catalina.startup.HostConfig.deployDirectory Deployment of web application directory /opt/tomcat/webapps/ROOT has finished in 15 ms
16-Aug-2017 13:05:21.723 INFO [main] org.apache.coyote.AbstractProtocol.start Starting ProtocolHandler ["http-nio-8080"]
16-Aug-2017 13:05:21.732 INFO [main] org.apache.coyote.AbstractProtocol.start Starting ProtocolHandler ["ajp-nio-8009"]
16-Aug-2017 13:05:21.779 INFO [main] org.apache.catalina.startup.Catalina.start Server startup in 2215 ms
16-Aug-2017 13:07:12.277 INFO [ContainerBackgroundProcessor[StandardEngine[Catalina]]] org.apache.catalina.startup.HostConfig.undeploy Undeploying context [/rest-0.1.0]
16-Aug-2017 13:07:22.413 INFO [main] org.apache.catalina.startup.VersionLoggerListener.log Server version:        Apache Tomcat/8.0.24
16-Aug-2017 13:07:22.415 INFO [main] org.apache.catalina.startup.VersionLoggerListener.log Server built:          Jul 1 2015 20:19:55 UTC
16-Aug-2017 13:07:22.415 INFO [main] org.apache.catalina.startup.VersionLoggerListener.log Server number:         8.0.24.0
16-Aug-2017 13:07:22.415 INFO [main] org.apache.catalina.startup.VersionLoggerListener.log OS Name:               Linux
16-Aug-2017 13:07:22.416 INFO [main] org.apache.catalina.startup.VersionLoggerListener.log OS Version:            4.9.36-moby
16-Aug-2017 13:07:22.416 INFO [main] org.apache.catalina.startup.VersionLoggerListener.log Architecture:          amd64
16-Aug-2017 13:07:22.416 INFO [main] org.apache.catalina.startup.VersionLoggerListener.log Java Home:             /usr/lib/jvm/java-8-oracle/jre
16-Aug-2017 13:07:22.416 INFO [main] org.apache.catalina.startup.VersionLoggerListener.log JVM Version:           1.8.0_25-b17
16-Aug-2017 13:07:22.416 INFO [main] org.apache.catalina.startup.VersionLoggerListener.log JVM Vendor:            Oracle Corporation
16-Aug-2017 13:07:22.417 INFO [main] org.apache.catalina.startup.VersionLoggerListener.log CATALINA_BASE:         /opt/tomcat
16-Aug-2017 13:07:22.417 INFO [main] org.apache.catalina.startup.VersionLoggerListener.log CATALINA_HOME:         /opt/tomcat
16-Aug-2017 13:07:22.417 INFO [main] org.apache.catalina.startup.VersionLoggerListener.log Command line argument: -Djava.util.logging.config.file=/opt/tomcat/conf/logging.properties
16-Aug-2017 13:07:22.418 INFO [main] org.apache.catalina.startup.VersionLoggerListener.log Command line argument: -Djava.util.logging.manager=org.apache.juli.ClassLoaderLogManager
16-Aug-2017 13:07:22.418 INFO [main] org.apache.catalina.startup.VersionLoggerListener.log Command line argument: -Djava.security.egd=file:/dev/./urandom
16-Aug-2017 13:07:22.418 INFO [main] org.apache.catalina.startup.VersionLoggerListener.log Command line argument: -Djava.endorsed.dirs=/opt/tomcat/endorsed
16-Aug-2017 13:07:22.418 INFO [main] org.apache.catalina.startup.VersionLoggerListener.log Command line argument: -Dcatalina.base=/opt/tomcat
16-Aug-2017 13:07:22.419 INFO [main] org.apache.catalina.startup.VersionLoggerListener.log Command line argument: -Dcatalina.home=/opt/tomcat
16-Aug-2017 13:07:22.419 INFO [main] org.apache.catalina.startup.VersionLoggerListener.log Command line argument: -Djava.io.tmpdir=/opt/tomcat/temp
16-Aug-2017 13:07:22.419 INFO [main] org.apache.catalina.core.AprLifecycleListener.lifecycleEvent The APR based Apache Tomcat Native library which allows optimal performance in production environments was not found on the java.library.path: /usr/java/packages/lib/amd64:/usr/lib64:/lib64:/lib:/usr/lib
16-Aug-2017 13:07:22.594 INFO [main] org.apache.coyote.AbstractProtocol.init Initializing ProtocolHandler ["http-nio-8080"]
16-Aug-2017 13:07:22.616 INFO [main] org.apache.tomcat.util.net.NioSelectorPool.getSharedSelector Using a shared selector for servlet write/read
16-Aug-2017 13:07:22.620 INFO [main] org.apache.coyote.AbstractProtocol.init Initializing ProtocolHandler ["ajp-nio-8009"]
16-Aug-2017 13:07:22.621 INFO [main] org.apache.tomcat.util.net.NioSelectorPool.getSharedSelector Using a shared selector for servlet write/read
16-Aug-2017 13:07:22.622 INFO [main] org.apache.catalina.startup.Catalina.load Initialization processed in 650 ms
16-Aug-2017 13:07:22.657 INFO [main] org.apache.catalina.core.StandardService.startInternal Starting service Catalina
16-Aug-2017 13:07:22.657 INFO [main] org.apache.catalina.core.StandardEngine.startInternal Starting Servlet Engine: Apache Tomcat/8.0.24
16-Aug-2017 13:07:22.707 INFO [localhost-startStop-1] org.apache.catalina.startup.HostConfig.deployWAR Deploying web application archive /opt/tomcat/webapps/rest-0.1.0.war
16-Aug-2017 13:07:24.494 INFO [localhost-startStop-1] org.apache.jasper.servlet.TldScanner.scanJars At least one JAR was scanned for TLDs yet contained no TLDs. Enable debug logging for this logger for a complete list of JARs that were scanned but no TLDs were found in them. Skipping unneeded JARs during scanning can improve startup time and JSP compilation time.
16-Aug-2017 13:07:24.654 SEVERE [localhost-startStop-1] org.apache.catalina.core.ContainerBase.addChildInternal ContainerBase.addChild: start: 
 org.apache.catalina.LifecycleException: Failed to start component [StandardEngine[Catalina].StandardHost[localhost].StandardContext[/rest-0.1.0]]
	at org.apache.catalina.util.LifecycleBase.start(LifecycleBase.java:154)
	at org.apache.catalina.core.ContainerBase.addChildInternal(ContainerBase.java:725)
	at org.apache.catalina.core.ContainerBase.addChild(ContainerBase.java:701)
	at org.apache.catalina.core.StandardHost.addChild(StandardHost.java:717)
	at org.apache.catalina.startup.HostConfig.deployWAR(HostConfig.java:945)
	at org.apache.catalina.startup.HostConfig$DeployWar.run(HostConfig.java:1768)
	at java.util.concurrent.Executors$RunnableAdapter.call(Executors.java:511)
	at java.util.concurrent.FutureTask.run(FutureTask.java:266)
	at java.util.concurrent.ThreadPoolExecutor.runWorker(ThreadPoolExecutor.java:1142)
	at java.util.concurrent.ThreadPoolExecutor$Worker.run(ThreadPoolExecutor.java:617)
	at java.lang.Thread.run(Thread.java:745)
Caused by: java.lang.NullPointerException
	at com.consequentialdata.rest.configuration.WarInitializer.onStartup(WarInitializer.java:36)
	at org.springframework.web.SpringServletContainerInitializer.onStartup(SpringServletContainerInitializer.java:169)
	at org.apache.catalina.core.StandardContext.startInternal(StandardContext.java:5156)
	at org.apache.catalina.util.LifecycleBase.start(LifecycleBase.java:150)
	... 10 more

16-Aug-2017 13:07:24.655 SEVERE [localhost-startStop-1] org.apache.catalina.startup.HostConfig.deployWAR Error deploying web application archive /opt/tomcat/webapps/rest-0.1.0.war
 java.lang.IllegalStateException: ContainerBase.addChild: start: org.apache.catalina.LifecycleException: Failed to start component [StandardEngine[Catalina].StandardHost[localhost].StandardContext[/rest-0.1.0]]
	at org.apache.catalina.core.ContainerBase.addChildInternal(ContainerBase.java:729)
	at org.apache.catalina.core.ContainerBase.addChild(ContainerBase.java:701)
	at org.apache.catalina.core.StandardHost.addChild(StandardHost.java:717)
	at org.apache.catalina.startup.HostConfig.deployWAR(HostConfig.java:945)
	at org.apache.catalina.startup.HostConfig$DeployWar.run(HostConfig.java:1768)
	at java.util.concurrent.Executors$RunnableAdapter.call(Executors.java:511)
	at java.util.concurrent.FutureTask.run(FutureTask.java:266)
	at java.util.concurrent.ThreadPoolExecutor.runWorker(ThreadPoolExecutor.java:1142)
	at java.util.concurrent.ThreadPoolExecutor$Worker.run(ThreadPoolExecutor.java:617)
	at java.lang.Thread.run(Thread.java:745)

16-Aug-2017 13:07:24.656 INFO [localhost-startStop-1] org.apache.catalina.startup.HostConfig.deployWAR Deployment of web application archive /opt/tomcat/webapps/rest-0.1.0.war has finished in 1,948 ms
16-Aug-2017 13:07:24.658 INFO [localhost-startStop-1] org.apache.catalina.startup.HostConfig.deployDirectory Deploying web application directory /opt/tomcat/webapps/manager
16-Aug-2017 13:07:24.711 INFO [localhost-startStop-1] org.apache.catalina.startup.HostConfig.deployDirectory Deployment of web application directory /opt/tomcat/webapps/manager has finished in 52 ms
16-Aug-2017 13:07:24.711 INFO [localhost-startStop-1] org.apache.catalina.startup.HostConfig.deployDirectory Deploying web application directory /opt/tomcat/webapps/host-manager
16-Aug-2017 13:07:24.728 INFO [localhost-startStop-1] org.apache.catalina.startup.HostConfig.deployDirectory Deployment of web application directory /opt/tomcat/webapps/host-manager has finished in 17 ms
16-Aug-2017 13:07:24.729 INFO [localhost-startStop-1] org.apache.catalina.startup.HostConfig.deployDirectory Deploying web application directory /opt/tomcat/webapps/ROOT
16-Aug-2017 13:07:24.744 INFO [localhost-startStop-1] org.apache.catalina.startup.HostConfig.deployDirectory Deployment of web application directory /opt/tomcat/webapps/ROOT has finished in 16 ms
16-Aug-2017 13:07:24.750 INFO [main] org.apache.coyote.AbstractProtocol.start Starting ProtocolHandler ["http-nio-8080"]
16-Aug-2017 13:07:24.758 INFO [main] org.apache.coyote.AbstractProtocol.start Starting ProtocolHandler ["ajp-nio-8009"]
16-Aug-2017 13:07:24.838 INFO [main] org.apache.catalina.startup.Catalina.start Server startup in 2215 ms
16-Aug-2017 13:09:13.023 INFO [Thread-5] org.apache.coyote.AbstractProtocol.pause Pausing ProtocolHandler ["http-nio-8080"]
16-Aug-2017 13:09:13.079 INFO [Thread-5] org.apache.coyote.AbstractProtocol.pause Pausing ProtocolHandler ["ajp-nio-8009"]
16-Aug-2017 13:09:13.132 INFO [Thread-5] org.apache.catalina.core.StandardService.stopInternal Stopping service Catalina
16-Aug-2017 13:09:13.159 INFO [Thread-5] org.apache.coyote.AbstractProtocol.stop Stopping ProtocolHandler ["http-nio-8080"]
16-Aug-2017 13:09:13.160 INFO [Thread-5] org.apache.coyote.AbstractProtocol.stop Stopping ProtocolHandler ["ajp-nio-8009"]
16-Aug-2017 13:09:13.162 INFO [Thread-5] org.apache.coyote.AbstractProtocol.destroy Destroying ProtocolHandler ["http-nio-8080"]
16-Aug-2017 13:09:13.163 INFO [Thread-5] org.apache.coyote.AbstractProtocol.destroy Destroying ProtocolHandler ["ajp-nio-8009"]
16-Aug-2017 13:09:19.306 INFO [main] org.apache.catalina.startup.VersionLoggerListener.log Server version:        Apache Tomcat/8.0.24
16-Aug-2017 13:09:19.309 INFO [main] org.apache.catalina.startup.VersionLoggerListener.log Server built:          Jul 1 2015 20:19:55 UTC
16-Aug-2017 13:09:19.309 INFO [main] org.apache.catalina.startup.VersionLoggerListener.log Server number:         8.0.24.0
16-Aug-2017 13:09:19.309 INFO [main] org.apache.catalina.startup.VersionLoggerListener.log OS Name:               Linux
16-Aug-2017 13:09:19.310 INFO [main] org.apache.catalina.startup.VersionLoggerListener.log OS Version:            4.9.36-moby
16-Aug-2017 13:09:19.310 INFO [main] org.apache.catalina.startup.VersionLoggerListener.log Architecture:          amd64
16-Aug-2017 13:09:19.310 INFO [main] org.apache.catalina.startup.VersionLoggerListener.log Java Home:             /usr/lib/jvm/java-8-oracle/jre
16-Aug-2017 13:09:19.310 INFO [main] org.apache.catalina.startup.VersionLoggerListener.log JVM Version:           1.8.0_25-b17
16-Aug-2017 13:09:19.311 INFO [main] org.apache.catalina.startup.VersionLoggerListener.log JVM Vendor:            Oracle Corporation
16-Aug-2017 13:09:19.311 INFO [main] org.apache.catalina.startup.VersionLoggerListener.log CATALINA_BASE:         /opt/tomcat
16-Aug-2017 13:09:19.311 INFO [main] org.apache.catalina.startup.VersionLoggerListener.log CATALINA_HOME:         /opt/tomcat
16-Aug-2017 13:09:19.312 INFO [main] org.apache.catalina.startup.VersionLoggerListener.log Command line argument: -Djava.util.logging.config.file=/opt/tomcat/conf/logging.properties
16-Aug-2017 13:09:19.312 INFO [main] org.apache.catalina.startup.VersionLoggerListener.log Command line argument: -Djava.util.logging.manager=org.apache.juli.ClassLoaderLogManager
16-Aug-2017 13:09:19.312 INFO [main] org.apache.catalina.startup.VersionLoggerListener.log Command line argument: -Djava.security.egd=file:/dev/./urandom
16-Aug-2017 13:09:19.313 INFO [main] org.apache.catalina.startup.VersionLoggerListener.log Command line argument: -Djava.endorsed.dirs=/opt/tomcat/endorsed
16-Aug-2017 13:09:19.313 INFO [main] org.apache.catalina.startup.VersionLoggerListener.log Command line argument: -Dcatalina.base=/opt/tomcat
16-Aug-2017 13:09:19.313 INFO [main] org.apache.catalina.startup.VersionLoggerListener.log Command line argument: -Dcatalina.home=/opt/tomcat
16-Aug-2017 13:09:19.313 INFO [main] org.apache.catalina.startup.VersionLoggerListener.log Command line argument: -Djava.io.tmpdir=/opt/tomcat/temp
16-Aug-2017 13:09:19.314 INFO [main] org.apache.catalina.core.AprLifecycleListener.lifecycleEvent The APR based Apache Tomcat Native library which allows optimal performance in production environments was not found on the java.library.path: /usr/java/packages/lib/amd64:/usr/lib64:/lib64:/lib:/usr/lib
16-Aug-2017 13:09:19.478 INFO [main] org.apache.coyote.AbstractProtocol.init Initializing ProtocolHandler ["http-nio-8080"]
16-Aug-2017 13:09:19.499 INFO [main] org.apache.tomcat.util.net.NioSelectorPool.getSharedSelector Using a shared selector for servlet write/read
16-Aug-2017 13:09:19.502 INFO [main] org.apache.coyote.AbstractProtocol.init Initializing ProtocolHandler ["ajp-nio-8009"]
16-Aug-2017 13:09:19.503 INFO [main] org.apache.tomcat.util.net.NioSelectorPool.getSharedSelector Using a shared selector for servlet write/read
16-Aug-2017 13:09:19.504 INFO [main] org.apache.catalina.startup.Catalina.load Initialization processed in 677 ms
16-Aug-2017 13:09:19.543 INFO [main] org.apache.catalina.core.StandardService.startInternal Starting service Catalina
16-Aug-2017 13:09:19.544 INFO [main] org.apache.catalina.core.StandardEngine.startInternal Starting Servlet Engine: Apache Tomcat/8.0.24
16-Aug-2017 13:09:19.581 INFO [localhost-startStop-1] org.apache.catalina.startup.HostConfig.deployWAR Deploying web application archive /opt/tomcat/webapps/rest-0.1.0.war
16-Aug-2017 13:09:19.660 INFO [localhost-startStop-1] org.apache.catalina.startup.ExpandWar.expand An expanded directory [/opt/tomcat/webapps/rest-0.1.0] was found with a last modified time that did not match the associated WAR. It will be deleted.
16-Aug-2017 13:09:21.377 INFO [localhost-startStop-1] org.apache.jasper.servlet.TldScanner.scanJars At least one JAR was scanned for TLDs yet contained no TLDs. Enable debug logging for this logger for a complete list of JARs that were scanned but no TLDs were found in them. Skipping unneeded JARs during scanning can improve startup time and JSP compilation time.
16-Aug-2017 13:09:21.547 SEVERE [localhost-startStop-1] org.apache.catalina.core.ContainerBase.addChildInternal ContainerBase.addChild: start: 
 org.apache.catalina.LifecycleException: Failed to start component [StandardEngine[Catalina].StandardHost[localhost].StandardContext[/rest-0.1.0]]
	at org.apache.catalina.util.LifecycleBase.start(LifecycleBase.java:154)
	at org.apache.catalina.core.ContainerBase.addChildInternal(ContainerBase.java:725)
	at org.apache.catalina.core.ContainerBase.addChild(ContainerBase.java:701)
	at org.apache.catalina.core.StandardHost.addChild(StandardHost.java:717)
	at org.apache.catalina.startup.HostConfig.deployWAR(HostConfig.java:945)
	at org.apache.catalina.startup.HostConfig$DeployWar.run(HostConfig.java:1768)
	at java.util.concurrent.Executors$RunnableAdapter.call(Executors.java:511)
	at java.util.concurrent.FutureTask.run(FutureTask.java:266)
	at java.util.concurrent.ThreadPoolExecutor.runWorker(ThreadPoolExecutor.java:1142)
	at java.util.concurrent.ThreadPoolExecutor$Worker.run(ThreadPoolExecutor.java:617)
	at java.lang.Thread.run(Thread.java:745)
Caused by: java.lang.NullPointerException
	at com.consequentialdata.rest.configuration.WarInitializer.onStartup(WarInitializer.java:36)
	at org.springframework.web.SpringServletContainerInitializer.onStartup(SpringServletContainerInitializer.java:169)
	at org.apache.catalina.core.StandardContext.startInternal(StandardContext.java:5156)
	at org.apache.catalina.util.LifecycleBase.start(LifecycleBase.java:150)
	... 10 more

16-Aug-2017 13:09:21.549 SEVERE [localhost-startStop-1] org.apache.catalina.startup.HostConfig.deployWAR Error deploying web application archive /opt/tomcat/webapps/rest-0.1.0.war
 java.lang.IllegalStateException: ContainerBase.addChild: start: org.apache.catalina.LifecycleException: Failed to start component [StandardEngine[Catalina].StandardHost[localhost].StandardContext[/rest-0.1.0]]
	at org.apache.catalina.core.ContainerBase.addChildInternal(ContainerBase.java:729)
	at org.apache.catalina.core.ContainerBase.addChild(ContainerBase.java:701)
	at org.apache.catalina.core.StandardHost.addChild(StandardHost.java:717)
	at org.apache.catalina.startup.HostConfig.deployWAR(HostConfig.java:945)
	at org.apache.catalina.startup.HostConfig$DeployWar.run(HostConfig.java:1768)
	at java.util.concurrent.Executors$RunnableAdapter.call(Executors.java:511)
	at java.util.concurrent.FutureTask.run(FutureTask.java:266)
	at java.util.concurrent.ThreadPoolExecutor.runWorker(ThreadPoolExecutor.java:1142)
	at java.util.concurrent.ThreadPoolExecutor$Worker.run(ThreadPoolExecutor.java:617)
	at java.lang.Thread.run(Thread.java:745)

16-Aug-2017 13:09:21.552 INFO [localhost-startStop-1] org.apache.catalina.startup.HostConfig.deployWAR Deployment of web application archive /opt/tomcat/webapps/rest-0.1.0.war has finished in 1,971 ms
16-Aug-2017 13:09:21.554 INFO [localhost-startStop-1] org.apache.catalina.startup.HostConfig.deployDirectory Deploying web application directory /opt/tomcat/webapps/manager
16-Aug-2017 13:09:21.608 INFO [localhost-startStop-1] org.apache.catalina.startup.HostConfig.deployDirectory Deployment of web application directory /opt/tomcat/webapps/manager has finished in 54 ms
16-Aug-2017 13:09:21.609 INFO [localhost-startStop-1] org.apache.catalina.startup.HostConfig.deployDirectory Deploying web application directory /opt/tomcat/webapps/host-manager
16-Aug-2017 13:09:21.629 INFO [localhost-startStop-1] org.apache.catalina.startup.HostConfig.deployDirectory Deployment of web application directory /opt/tomcat/webapps/host-manager has finished in 20 ms
16-Aug-2017 13:09:21.630 INFO [localhost-startStop-1] org.apache.catalina.startup.HostConfig.deployDirectory Deploying web application directory /opt/tomcat/webapps/ROOT
16-Aug-2017 13:09:21.647 INFO [localhost-startStop-1] org.apache.catalina.startup.HostConfig.deployDirectory Deployment of web application directory /opt/tomcat/webapps/ROOT has finished in 17 ms
16-Aug-2017 13:09:21.654 INFO [main] org.apache.coyote.AbstractProtocol.start Starting ProtocolHandler ["http-nio-8080"]
16-Aug-2017 13:09:21.678 INFO [main] org.apache.coyote.AbstractProtocol.start Starting ProtocolHandler ["ajp-nio-8009"]
16-Aug-2017 13:09:21.718 INFO [main] org.apache.catalina.startup.Catalina.start Server startup in 2213 ms
16-Aug-2017 13:11:02.199 INFO [ContainerBackgroundProcessor[StandardEngine[Catalina]]] org.apache.catalina.startup.HostConfig.undeploy Undeploying context [/rest-0.1.0]
16-Aug-2017 13:11:14.493 INFO [main] org.apache.catalina.startup.VersionLoggerListener.log Server version:        Apache Tomcat/8.0.24
16-Aug-2017 13:11:14.495 INFO [main] org.apache.catalina.startup.VersionLoggerListener.log Server built:          Jul 1 2015 20:19:55 UTC
16-Aug-2017 13:11:14.495 INFO [main] org.apache.catalina.startup.VersionLoggerListener.log Server number:         8.0.24.0
16-Aug-2017 13:11:14.495 INFO [main] org.apache.catalina.startup.VersionLoggerListener.log OS Name:               Linux
16-Aug-2017 13:11:14.495 INFO [main] org.apache.catalina.startup.VersionLoggerListener.log OS Version:            4.9.36-moby
16-Aug-2017 13:11:14.496 INFO [main] org.apache.catalina.startup.VersionLoggerListener.log Architecture:          amd64
16-Aug-2017 13:11:14.496 INFO [main] org.apache.catalina.startup.VersionLoggerListener.log Java Home:             /usr/lib/jvm/java-8-oracle/jre
16-Aug-2017 13:11:14.496 INFO [main] org.apache.catalina.startup.VersionLoggerListener.log JVM Version:           1.8.0_25-b17
16-Aug-2017 13:11:14.496 INFO [main] org.apache.catalina.startup.VersionLoggerListener.log JVM Vendor:            Oracle Corporation
16-Aug-2017 13:11:14.497 INFO [main] org.apache.catalina.startup.VersionLoggerListener.log CATALINA_BASE:         /opt/tomcat
16-Aug-2017 13:11:14.497 INFO [main] org.apache.catalina.startup.VersionLoggerListener.log CATALINA_HOME:         /opt/tomcat
16-Aug-2017 13:11:14.498 INFO [main] org.apache.catalina.startup.VersionLoggerListener.log Command line argument: -Djava.util.logging.config.file=/opt/tomcat/conf/logging.properties
16-Aug-2017 13:11:14.498 INFO [main] org.apache.catalina.startup.VersionLoggerListener.log Command line argument: -Djava.util.logging.manager=org.apache.juli.ClassLoaderLogManager
16-Aug-2017 13:11:14.499 INFO [main] org.apache.catalina.startup.VersionLoggerListener.log Command line argument: -Djava.security.egd=file:/dev/./urandom
16-Aug-2017 13:11:14.499 INFO [main] org.apache.catalina.startup.VersionLoggerListener.log Command line argument: -Djava.endorsed.dirs=/opt/tomcat/endorsed
16-Aug-2017 13:11:14.500 INFO [main] org.apache.catalina.startup.VersionLoggerListener.log Command line argument: -Dcatalina.base=/opt/tomcat
16-Aug-2017 13:11:14.500 INFO [main] org.apache.catalina.startup.VersionLoggerListener.log Command line argument: -Dcatalina.home=/opt/tomcat
16-Aug-2017 13:11:14.501 INFO [main] org.apache.catalina.startup.VersionLoggerListener.log Command line argument: -Djava.io.tmpdir=/opt/tomcat/temp
16-Aug-2017 13:11:14.501 INFO [main] org.apache.catalina.core.AprLifecycleListener.lifecycleEvent The APR based Apache Tomcat Native library which allows optimal performance in production environments was not found on the java.library.path: /usr/java/packages/lib/amd64:/usr/lib64:/lib64:/lib:/usr/lib
16-Aug-2017 13:11:14.657 INFO [main] org.apache.coyote.AbstractProtocol.init Initializing ProtocolHandler ["http-nio-8080"]
16-Aug-2017 13:11:14.676 INFO [main] org.apache.tomcat.util.net.NioSelectorPool.getSharedSelector Using a shared selector for servlet write/read
16-Aug-2017 13:11:14.679 INFO [main] org.apache.coyote.AbstractProtocol.init Initializing ProtocolHandler ["ajp-nio-8009"]
16-Aug-2017 13:11:14.681 INFO [main] org.apache.tomcat.util.net.NioSelectorPool.getSharedSelector Using a shared selector for servlet write/read
16-Aug-2017 13:11:14.683 INFO [main] org.apache.catalina.startup.Catalina.load Initialization processed in 610 ms
16-Aug-2017 13:11:14.722 INFO [main] org.apache.catalina.core.StandardService.startInternal Starting service Catalina
16-Aug-2017 13:11:14.723 INFO [main] org.apache.catalina.core.StandardEngine.startInternal Starting Servlet Engine: Apache Tomcat/8.0.24
16-Aug-2017 13:11:14.767 INFO [localhost-startStop-1] org.apache.catalina.startup.HostConfig.deployWAR Deploying web application archive /opt/tomcat/webapps/rest-0.1.0.war
16-Aug-2017 13:11:16.402 INFO [localhost-startStop-1] org.apache.jasper.servlet.TldScanner.scanJars At least one JAR was scanned for TLDs yet contained no TLDs. Enable debug logging for this logger for a complete list of JARs that were scanned but no TLDs were found in them. Skipping unneeded JARs during scanning can improve startup time and JSP compilation time.
16-Aug-2017 13:11:16.564 SEVERE [localhost-startStop-1] org.apache.catalina.core.ContainerBase.addChildInternal ContainerBase.addChild: start: 
 org.apache.catalina.LifecycleException: Failed to start component [StandardEngine[Catalina].StandardHost[localhost].StandardContext[/rest-0.1.0]]
	at org.apache.catalina.util.LifecycleBase.start(LifecycleBase.java:154)
	at org.apache.catalina.core.ContainerBase.addChildInternal(ContainerBase.java:725)
	at org.apache.catalina.core.ContainerBase.addChild(ContainerBase.java:701)
	at org.apache.catalina.core.StandardHost.addChild(StandardHost.java:717)
	at org.apache.catalina.startup.HostConfig.deployWAR(HostConfig.java:945)
	at org.apache.catalina.startup.HostConfig$DeployWar.run(HostConfig.java:1768)
	at java.util.concurrent.Executors$RunnableAdapter.call(Executors.java:511)
	at java.util.concurrent.FutureTask.run(FutureTask.java:266)
	at java.util.concurrent.ThreadPoolExecutor.runWorker(ThreadPoolExecutor.java:1142)
	at java.util.concurrent.ThreadPoolExecutor$Worker.run(ThreadPoolExecutor.java:617)
	at java.lang.Thread.run(Thread.java:745)
Caused by: java.lang.NullPointerException
	at com.consequentialdata.rest.configuration.WarInitializer.onStartup(WarInitializer.java:40)
	at org.springframework.web.SpringServletContainerInitializer.onStartup(SpringServletContainerInitializer.java:169)
	at org.apache.catalina.core.StandardContext.startInternal(StandardContext.java:5156)
	at org.apache.catalina.util.LifecycleBase.start(LifecycleBase.java:150)
	... 10 more

16-Aug-2017 13:11:16.566 SEVERE [localhost-startStop-1] org.apache.catalina.startup.HostConfig.deployWAR Error deploying web application archive /opt/tomcat/webapps/rest-0.1.0.war
 java.lang.IllegalStateException: ContainerBase.addChild: start: org.apache.catalina.LifecycleException: Failed to start component [StandardEngine[Catalina].StandardHost[localhost].StandardContext[/rest-0.1.0]]
	at org.apache.catalina.core.ContainerBase.addChildInternal(ContainerBase.java:729)
	at org.apache.catalina.core.ContainerBase.addChild(ContainerBase.java:701)
	at org.apache.catalina.core.StandardHost.addChild(StandardHost.java:717)
	at org.apache.catalina.startup.HostConfig.deployWAR(HostConfig.java:945)
	at org.apache.catalina.startup.HostConfig$DeployWar.run(HostConfig.java:1768)
	at java.util.concurrent.Executors$RunnableAdapter.call(Executors.java:511)
	at java.util.concurrent.FutureTask.run(FutureTask.java:266)
	at java.util.concurrent.ThreadPoolExecutor.runWorker(ThreadPoolExecutor.java:1142)
	at java.util.concurrent.ThreadPoolExecutor$Worker.run(ThreadPoolExecutor.java:617)
	at java.lang.Thread.run(Thread.java:745)

16-Aug-2017 13:11:16.568 INFO [localhost-startStop-1] org.apache.catalina.startup.HostConfig.deployWAR Deployment of web application archive /opt/tomcat/webapps/rest-0.1.0.war has finished in 1,800 ms
16-Aug-2017 13:11:16.570 INFO [localhost-startStop-1] org.apache.catalina.startup.HostConfig.deployDirectory Deploying web application directory /opt/tomcat/webapps/manager
16-Aug-2017 13:11:16.619 INFO [localhost-startStop-1] org.apache.catalina.startup.HostConfig.deployDirectory Deployment of web application directory /opt/tomcat/webapps/manager has finished in 49 ms
16-Aug-2017 13:11:16.620 INFO [localhost-startStop-1] org.apache.catalina.startup.HostConfig.deployDirectory Deploying web application directory /opt/tomcat/webapps/host-manager
16-Aug-2017 13:11:16.640 INFO [localhost-startStop-1] org.apache.catalina.startup.HostConfig.deployDirectory Deployment of web application directory /opt/tomcat/webapps/host-manager has finished in 20 ms
16-Aug-2017 13:11:16.640 INFO [localhost-startStop-1] org.apache.catalina.startup.HostConfig.deployDirectory Deploying web application directory /opt/tomcat/webapps/ROOT
16-Aug-2017 13:11:16.656 INFO [localhost-startStop-1] org.apache.catalina.startup.HostConfig.deployDirectory Deployment of web application directory /opt/tomcat/webapps/ROOT has finished in 16 ms
16-Aug-2017 13:11:16.660 INFO [main] org.apache.coyote.AbstractProtocol.start Starting ProtocolHandler ["http-nio-8080"]
16-Aug-2017 13:11:16.671 INFO [main] org.apache.coyote.AbstractProtocol.start Starting ProtocolHandler ["ajp-nio-8009"]
16-Aug-2017 13:11:16.719 INFO [main] org.apache.catalina.startup.Catalina.start Server startup in 2035 ms
16-Aug-2017 13:15:07.256 INFO [ContainerBackgroundProcessor[StandardEngine[Catalina]]] org.apache.catalina.startup.HostConfig.undeploy Undeploying context [/rest-0.1.0]
16-Aug-2017 13:15:08.701 INFO [Thread-5] org.apache.coyote.AbstractProtocol.pause Pausing ProtocolHandler ["http-nio-8080"]
16-Aug-2017 13:15:08.756 INFO [Thread-5] org.apache.coyote.AbstractProtocol.pause Pausing ProtocolHandler ["ajp-nio-8009"]
16-Aug-2017 13:15:08.807 INFO [Thread-5] org.apache.catalina.core.StandardService.stopInternal Stopping service Catalina
16-Aug-2017 13:15:08.825 INFO [Thread-5] org.apache.coyote.AbstractProtocol.stop Stopping ProtocolHandler ["http-nio-8080"]
16-Aug-2017 13:15:08.826 INFO [Thread-5] org.apache.coyote.AbstractProtocol.stop Stopping ProtocolHandler ["ajp-nio-8009"]
16-Aug-2017 13:15:08.837 INFO [Thread-5] org.apache.coyote.AbstractProtocol.destroy Destroying ProtocolHandler ["http-nio-8080"]
16-Aug-2017 13:15:08.838 INFO [Thread-5] org.apache.coyote.AbstractProtocol.destroy Destroying ProtocolHandler ["ajp-nio-8009"]
16-Aug-2017 13:15:15.838 INFO [main] org.apache.catalina.startup.VersionLoggerListener.log Server version:        Apache Tomcat/8.0.24
16-Aug-2017 13:15:15.841 INFO [main] org.apache.catalina.startup.VersionLoggerListener.log Server built:          Jul 1 2015 20:19:55 UTC
16-Aug-2017 13:15:15.842 INFO [main] org.apache.catalina.startup.VersionLoggerListener.log Server number:         8.0.24.0
16-Aug-2017 13:15:15.843 INFO [main] org.apache.catalina.startup.VersionLoggerListener.log OS Name:               Linux
16-Aug-2017 13:15:15.843 INFO [main] org.apache.catalina.startup.VersionLoggerListener.log OS Version:            4.9.36-moby
16-Aug-2017 13:15:15.844 INFO [main] org.apache.catalina.startup.VersionLoggerListener.log Architecture:          amd64
16-Aug-2017 13:15:15.846 INFO [main] org.apache.catalina.startup.VersionLoggerListener.log Java Home:             /usr/lib/jvm/java-8-oracle/jre
16-Aug-2017 13:15:15.847 INFO [main] org.apache.catalina.startup.VersionLoggerListener.log JVM Version:           1.8.0_25-b17
16-Aug-2017 13:15:15.848 INFO [main] org.apache.catalina.startup.VersionLoggerListener.log JVM Vendor:            Oracle Corporation
16-Aug-2017 13:15:15.849 INFO [main] org.apache.catalina.startup.VersionLoggerListener.log CATALINA_BASE:         /opt/tomcat
16-Aug-2017 13:15:15.849 INFO [main] org.apache.catalina.startup.VersionLoggerListener.log CATALINA_HOME:         /opt/tomcat
16-Aug-2017 13:15:15.851 INFO [main] org.apache.catalina.startup.VersionLoggerListener.log Command line argument: -Djava.util.logging.config.file=/opt/tomcat/conf/logging.properties
16-Aug-2017 13:15:15.851 INFO [main] org.apache.catalina.startup.VersionLoggerListener.log Command line argument: -Djava.util.logging.manager=org.apache.juli.ClassLoaderLogManager
16-Aug-2017 13:15:15.852 INFO [main] org.apache.catalina.startup.VersionLoggerListener.log Command line argument: -Djava.security.egd=file:/dev/./urandom
16-Aug-2017 13:15:15.852 INFO [main] org.apache.catalina.startup.VersionLoggerListener.log Command line argument: -Djava.endorsed.dirs=/opt/tomcat/endorsed
16-Aug-2017 13:15:15.853 INFO [main] org.apache.catalina.startup.VersionLoggerListener.log Command line argument: -Dcatalina.base=/opt/tomcat
16-Aug-2017 13:15:15.855 INFO [main] org.apache.catalina.startup.VersionLoggerListener.log Command line argument: -Dcatalina.home=/opt/tomcat
16-Aug-2017 13:15:15.856 INFO [main] org.apache.catalina.startup.VersionLoggerListener.log Command line argument: -Djava.io.tmpdir=/opt/tomcat/temp
16-Aug-2017 13:15:15.857 INFO [main] org.apache.catalina.core.AprLifecycleListener.lifecycleEvent The APR based Apache Tomcat Native library which allows optimal performance in production environments was not found on the java.library.path: /usr/java/packages/lib/amd64:/usr/lib64:/lib64:/lib:/usr/lib
16-Aug-2017 13:15:16.075 INFO [main] org.apache.coyote.AbstractProtocol.init Initializing ProtocolHandler ["http-nio-8080"]
16-Aug-2017 13:15:16.097 INFO [main] org.apache.tomcat.util.net.NioSelectorPool.getSharedSelector Using a shared selector for servlet write/read
16-Aug-2017 13:15:16.104 INFO [main] org.apache.coyote.AbstractProtocol.init Initializing ProtocolHandler ["ajp-nio-8009"]
16-Aug-2017 13:15:16.106 INFO [main] org.apache.tomcat.util.net.NioSelectorPool.getSharedSelector Using a shared selector for servlet write/read
16-Aug-2017 13:15:16.107 INFO [main] org.apache.catalina.startup.Catalina.load Initialization processed in 1127 ms
16-Aug-2017 13:15:16.150 INFO [main] org.apache.catalina.core.StandardService.startInternal Starting service Catalina
16-Aug-2017 13:15:16.151 INFO [main] org.apache.catalina.core.StandardEngine.startInternal Starting Servlet Engine: Apache Tomcat/8.0.24
16-Aug-2017 13:15:16.194 INFO [localhost-startStop-1] org.apache.catalina.startup.HostConfig.deployWAR Deploying web application archive /opt/tomcat/webapps/rest-0.1.0.war
16-Aug-2017 13:15:19.130 INFO [localhost-startStop-1] org.apache.jasper.servlet.TldScanner.scanJars At least one JAR was scanned for TLDs yet contained no TLDs. Enable debug logging for this logger for a complete list of JARs that were scanned but no TLDs were found in them. Skipping unneeded JARs during scanning can improve startup time and JSP compilation time.
16-Aug-2017 13:15:22.111 INFO [localhost-startStop-1] org.apache.catalina.startup.HostConfig.deployWAR Deployment of web application archive /opt/tomcat/webapps/rest-0.1.0.war has finished in 5,916 ms
16-Aug-2017 13:15:22.113 INFO [localhost-startStop-1] org.apache.catalina.startup.HostConfig.deployDirectory Deploying web application directory /opt/tomcat/webapps/manager
16-Aug-2017 13:15:22.141 INFO [localhost-startStop-1] org.apache.catalina.startup.HostConfig.deployDirectory Deployment of web application directory /opt/tomcat/webapps/manager has finished in 28 ms
16-Aug-2017 13:15:22.142 INFO [localhost-startStop-1] org.apache.catalina.startup.HostConfig.deployDirectory Deploying web application directory /opt/tomcat/webapps/host-manager
16-Aug-2017 13:15:22.159 INFO [localhost-startStop-1] org.apache.catalina.startup.HostConfig.deployDirectory Deployment of web application directory /opt/tomcat/webapps/host-manager has finished in 18 ms
16-Aug-2017 13:15:22.159 INFO [localhost-startStop-1] org.apache.catalina.startup.HostConfig.deployDirectory Deploying web application directory /opt/tomcat/webapps/ROOT
16-Aug-2017 13:15:22.174 INFO [localhost-startStop-1] org.apache.catalina.startup.HostConfig.deployDirectory Deployment of web application directory /opt/tomcat/webapps/ROOT has finished in 14 ms
16-Aug-2017 13:15:22.185 INFO [main] org.apache.coyote.AbstractProtocol.start Starting ProtocolHandler ["http-nio-8080"]
16-Aug-2017 13:15:22.192 INFO [main] org.apache.coyote.AbstractProtocol.start Starting ProtocolHandler ["ajp-nio-8009"]
16-Aug-2017 13:15:22.194 INFO [main] org.apache.catalina.startup.Catalina.start Server startup in 6086 ms
16-Aug-2017 13:25:52.926 INFO [ContainerBackgroundProcessor[StandardEngine[Catalina]]] org.apache.catalina.startup.HostConfig.undeploy Undeploying context [/rest-0.1.0]
16-Aug-2017 13:25:55.842 INFO [Thread-5] org.apache.coyote.AbstractProtocol.pause Pausing ProtocolHandler ["http-nio-8080"]
16-Aug-2017 13:25:55.897 INFO [Thread-5] org.apache.coyote.AbstractProtocol.pause Pausing ProtocolHandler ["ajp-nio-8009"]
16-Aug-2017 13:25:55.949 INFO [Thread-5] org.apache.catalina.core.StandardService.stopInternal Stopping service Catalina
16-Aug-2017 13:25:56.008 INFO [Thread-5] org.apache.coyote.AbstractProtocol.stop Stopping ProtocolHandler ["http-nio-8080"]
16-Aug-2017 13:25:56.009 INFO [Thread-5] org.apache.coyote.AbstractProtocol.stop Stopping ProtocolHandler ["ajp-nio-8009"]
16-Aug-2017 13:25:56.012 INFO [Thread-5] org.apache.coyote.AbstractProtocol.destroy Destroying ProtocolHandler ["http-nio-8080"]
16-Aug-2017 13:25:56.013 INFO [Thread-5] org.apache.coyote.AbstractProtocol.destroy Destroying ProtocolHandler ["ajp-nio-8009"]
16-Aug-2017 13:26:03.737 INFO [main] org.apache.catalina.startup.VersionLoggerListener.log Server version:        Apache Tomcat/8.0.24
16-Aug-2017 13:26:03.739 INFO [main] org.apache.catalina.startup.VersionLoggerListener.log Server built:          Jul 1 2015 20:19:55 UTC
16-Aug-2017 13:26:03.739 INFO [main] org.apache.catalina.startup.VersionLoggerListener.log Server number:         8.0.24.0
16-Aug-2017 13:26:03.740 INFO [main] org.apache.catalina.startup.VersionLoggerListener.log OS Name:               Linux
16-Aug-2017 13:26:03.740 INFO [main] org.apache.catalina.startup.VersionLoggerListener.log OS Version:            4.9.36-moby
16-Aug-2017 13:26:03.740 INFO [main] org.apache.catalina.startup.VersionLoggerListener.log Architecture:          amd64
16-Aug-2017 13:26:03.741 INFO [main] org.apache.catalina.startup.VersionLoggerListener.log Java Home:             /usr/lib/jvm/java-8-oracle/jre
16-Aug-2017 13:26:03.741 INFO [main] org.apache.catalina.startup.VersionLoggerListener.log JVM Version:           1.8.0_25-b17
16-Aug-2017 13:26:03.741 INFO [main] org.apache.catalina.startup.VersionLoggerListener.log JVM Vendor:            Oracle Corporation
16-Aug-2017 13:26:03.742 INFO [main] org.apache.catalina.startup.VersionLoggerListener.log CATALINA_BASE:         /opt/tomcat
16-Aug-2017 13:26:03.742 INFO [main] org.apache.catalina.startup.VersionLoggerListener.log CATALINA_HOME:         /opt/tomcat
16-Aug-2017 13:26:03.743 INFO [main] org.apache.catalina.startup.VersionLoggerListener.log Command line argument: -Djava.util.logging.config.file=/opt/tomcat/conf/logging.properties
16-Aug-2017 13:26:03.743 INFO [main] org.apache.catalina.startup.VersionLoggerListener.log Command line argument: -Djava.util.logging.manager=org.apache.juli.ClassLoaderLogManager
16-Aug-2017 13:26:03.744 INFO [main] org.apache.catalina.startup.VersionLoggerListener.log Command line argument: -Djava.security.egd=file:/dev/./urandom
16-Aug-2017 13:26:03.744 INFO [main] org.apache.catalina.startup.VersionLoggerListener.log Command line argument: -Djava.endorsed.dirs=/opt/tomcat/endorsed
16-Aug-2017 13:26:03.745 INFO [main] org.apache.catalina.startup.VersionLoggerListener.log Command line argument: -Dcatalina.base=/opt/tomcat
16-Aug-2017 13:26:03.745 INFO [main] org.apache.catalina.startup.VersionLoggerListener.log Command line argument: -Dcatalina.home=/opt/tomcat
16-Aug-2017 13:26:03.745 INFO [main] org.apache.catalina.startup.VersionLoggerListener.log Command line argument: -Djava.io.tmpdir=/opt/tomcat/temp
16-Aug-2017 13:26:03.746 INFO [main] org.apache.catalina.core.AprLifecycleListener.lifecycleEvent The APR based Apache Tomcat Native library which allows optimal performance in production environments was not found on the java.library.path: /usr/java/packages/lib/amd64:/usr/lib64:/lib64:/lib:/usr/lib
16-Aug-2017 13:26:03.908 INFO [main] org.apache.coyote.AbstractProtocol.init Initializing ProtocolHandler ["http-nio-8080"]
16-Aug-2017 13:26:03.930 INFO [main] org.apache.tomcat.util.net.NioSelectorPool.getSharedSelector Using a shared selector for servlet write/read
16-Aug-2017 13:26:03.935 INFO [main] org.apache.coyote.AbstractProtocol.init Initializing ProtocolHandler ["ajp-nio-8009"]
16-Aug-2017 13:26:03.937 INFO [main] org.apache.tomcat.util.net.NioSelectorPool.getSharedSelector Using a shared selector for servlet write/read
16-Aug-2017 13:26:03.938 INFO [main] org.apache.catalina.startup.Catalina.load Initialization processed in 629 ms
16-Aug-2017 13:26:03.982 INFO [main] org.apache.catalina.core.StandardService.startInternal Starting service Catalina
16-Aug-2017 13:26:03.982 INFO [main] org.apache.catalina.core.StandardEngine.startInternal Starting Servlet Engine: Apache Tomcat/8.0.24
16-Aug-2017 13:26:04.020 INFO [localhost-startStop-1] org.apache.catalina.startup.HostConfig.deployWAR Deploying web application archive /opt/tomcat/webapps/rest-0.1.0.war
16-Aug-2017 13:26:05.782 INFO [localhost-startStop-1] org.apache.jasper.servlet.TldScanner.scanJars At least one JAR was scanned for TLDs yet contained no TLDs. Enable debug logging for this logger for a complete list of JARs that were scanned but no TLDs were found in them. Skipping unneeded JARs during scanning can improve startup time and JSP compilation time.
16-Aug-2017 13:26:07.391 INFO [localhost-startStop-1] org.apache.catalina.startup.HostConfig.deployWAR Deployment of web application archive /opt/tomcat/webapps/rest-0.1.0.war has finished in 3,371 ms
16-Aug-2017 13:26:07.392 INFO [localhost-startStop-1] org.apache.catalina.startup.HostConfig.deployDirectory Deploying web application directory /opt/tomcat/webapps/manager
16-Aug-2017 13:26:07.415 INFO [localhost-startStop-1] org.apache.catalina.startup.HostConfig.deployDirectory Deployment of web application directory /opt/tomcat/webapps/manager has finished in 23 ms
16-Aug-2017 13:26:07.416 INFO [localhost-startStop-1] org.apache.catalina.startup.HostConfig.deployDirectory Deploying web application directory /opt/tomcat/webapps/host-manager
16-Aug-2017 13:26:07.432 INFO [localhost-startStop-1] org.apache.catalina.startup.HostConfig.deployDirectory Deployment of web application directory /opt/tomcat/webapps/host-manager has finished in 16 ms
16-Aug-2017 13:26:07.432 INFO [localhost-startStop-1] org.apache.catalina.startup.HostConfig.deployDirectory Deploying web application directory /opt/tomcat/webapps/ROOT
16-Aug-2017 13:26:07.444 INFO [localhost-startStop-1] org.apache.catalina.startup.HostConfig.deployDirectory Deployment of web application directory /opt/tomcat/webapps/ROOT has finished in 12 ms
16-Aug-2017 13:26:07.455 INFO [main] org.apache.coyote.AbstractProtocol.start Starting ProtocolHandler ["http-nio-8080"]
16-Aug-2017 13:26:07.463 INFO [main] org.apache.coyote.AbstractProtocol.start Starting ProtocolHandler ["ajp-nio-8009"]
16-Aug-2017 13:26:07.464 INFO [main] org.apache.catalina.startup.Catalina.start Server startup in 3525 ms
16-Aug-2017 13:56:18.697 INFO [ContainerBackgroundProcessor[StandardEngine[Catalina]]] org.apache.catalina.startup.HostConfig.undeploy Undeploying context [/rest-0.1.0]
16-Aug-2017 13:56:39.000 INFO [Thread-5] org.apache.coyote.AbstractProtocol.pause Pausing ProtocolHandler ["http-nio-8080"]
16-Aug-2017 13:56:39.060 INFO [Thread-5] org.apache.coyote.AbstractProtocol.pause Pausing ProtocolHandler ["ajp-nio-8009"]
16-Aug-2017 13:56:39.112 INFO [Thread-5] org.apache.catalina.core.StandardService.stopInternal Stopping service Catalina
16-Aug-2017 13:56:39.156 INFO [Thread-5] org.apache.coyote.AbstractProtocol.stop Stopping ProtocolHandler ["http-nio-8080"]
16-Aug-2017 13:56:39.159 INFO [Thread-5] org.apache.coyote.AbstractProtocol.stop Stopping ProtocolHandler ["ajp-nio-8009"]
16-Aug-2017 13:56:39.162 INFO [Thread-5] org.apache.coyote.AbstractProtocol.destroy Destroying ProtocolHandler ["http-nio-8080"]
16-Aug-2017 13:56:39.164 INFO [Thread-5] org.apache.coyote.AbstractProtocol.destroy Destroying ProtocolHandler ["ajp-nio-8009"]
16-Aug-2017 13:56:45.468 INFO [main] org.apache.catalina.startup.VersionLoggerListener.log Server version:        Apache Tomcat/8.0.24
16-Aug-2017 13:56:45.470 INFO [main] org.apache.catalina.startup.VersionLoggerListener.log Server built:          Jul 1 2015 20:19:55 UTC
16-Aug-2017 13:56:45.471 INFO [main] org.apache.catalina.startup.VersionLoggerListener.log Server number:         8.0.24.0
16-Aug-2017 13:56:45.471 INFO [main] org.apache.catalina.startup.VersionLoggerListener.log OS Name:               Linux
16-Aug-2017 13:56:45.472 INFO [main] org.apache.catalina.startup.VersionLoggerListener.log OS Version:            4.9.36-moby
16-Aug-2017 13:56:45.472 INFO [main] org.apache.catalina.startup.VersionLoggerListener.log Architecture:          amd64
16-Aug-2017 13:56:45.472 INFO [main] org.apache.catalina.startup.VersionLoggerListener.log Java Home:             /usr/lib/jvm/java-8-oracle/jre
16-Aug-2017 13:56:45.473 INFO [main] org.apache.catalina.startup.VersionLoggerListener.log JVM Version:           1.8.0_25-b17
16-Aug-2017 13:56:45.473 INFO [main] org.apache.catalina.startup.VersionLoggerListener.log JVM Vendor:            Oracle Corporation
16-Aug-2017 13:56:45.473 INFO [main] org.apache.catalina.startup.VersionLoggerListener.log CATALINA_BASE:         /opt/tomcat
16-Aug-2017 13:56:45.474 INFO [main] org.apache.catalina.startup.VersionLoggerListener.log CATALINA_HOME:         /opt/tomcat
16-Aug-2017 13:56:45.474 INFO [main] org.apache.catalina.startup.VersionLoggerListener.log Command line argument: -Djava.util.logging.config.file=/opt/tomcat/conf/logging.properties
16-Aug-2017 13:56:45.475 INFO [main] org.apache.catalina.startup.VersionLoggerListener.log Command line argument: -Djava.util.logging.manager=org.apache.juli.ClassLoaderLogManager
16-Aug-2017 13:56:45.475 INFO [main] org.apache.catalina.startup.VersionLoggerListener.log Command line argument: -Djava.security.egd=file:/dev/./urandom
16-Aug-2017 13:56:45.475 INFO [main] org.apache.catalina.startup.VersionLoggerListener.log Command line argument: -Djava.endorsed.dirs=/opt/tomcat/endorsed
16-Aug-2017 13:56:45.476 INFO [main] org.apache.catalina.startup.VersionLoggerListener.log Command line argument: -Dcatalina.base=/opt/tomcat
16-Aug-2017 13:56:45.476 INFO [main] org.apache.catalina.startup.VersionLoggerListener.log Command line argument: -Dcatalina.home=/opt/tomcat
16-Aug-2017 13:56:45.476 INFO [main] org.apache.catalina.startup.VersionLoggerListener.log Command line argument: -Djava.io.tmpdir=/opt/tomcat/temp
16-Aug-2017 13:56:45.476 INFO [main] org.apache.catalina.core.AprLifecycleListener.lifecycleEvent The APR based Apache Tomcat Native library which allows optimal performance in production environments was not found on the java.library.path: /usr/java/packages/lib/amd64:/usr/lib64:/lib64:/lib:/usr/lib
16-Aug-2017 13:56:45.634 INFO [main] org.apache.coyote.AbstractProtocol.init Initializing ProtocolHandler ["http-nio-8080"]
16-Aug-2017 13:56:45.656 INFO [main] org.apache.tomcat.util.net.NioSelectorPool.getSharedSelector Using a shared selector for servlet write/read
16-Aug-2017 13:56:45.661 INFO [main] org.apache.coyote.AbstractProtocol.init Initializing ProtocolHandler ["ajp-nio-8009"]
16-Aug-2017 13:56:45.663 INFO [main] org.apache.tomcat.util.net.NioSelectorPool.getSharedSelector Using a shared selector for servlet write/read
16-Aug-2017 13:56:45.664 INFO [main] org.apache.catalina.startup.Catalina.load Initialization processed in 614 ms
16-Aug-2017 13:56:45.696 INFO [main] org.apache.catalina.core.StandardService.startInternal Starting service Catalina
16-Aug-2017 13:56:45.697 INFO [main] org.apache.catalina.core.StandardEngine.startInternal Starting Servlet Engine: Apache Tomcat/8.0.24
16-Aug-2017 13:56:45.737 INFO [localhost-startStop-1] org.apache.catalina.startup.HostConfig.deployWAR Deploying web application archive /opt/tomcat/webapps/rest-0.1.0.war
16-Aug-2017 13:56:47.677 INFO [localhost-startStop-1] org.apache.jasper.servlet.TldScanner.scanJars At least one JAR was scanned for TLDs yet contained no TLDs. Enable debug logging for this logger for a complete list of JARs that were scanned but no TLDs were found in them. Skipping unneeded JARs during scanning can improve startup time and JSP compilation time.
16-Aug-2017 13:56:49.459 INFO [localhost-startStop-1] org.apache.catalina.startup.HostConfig.deployWAR Deployment of web application archive /opt/tomcat/webapps/rest-0.1.0.war has finished in 3,720 ms
16-Aug-2017 13:56:49.460 INFO [localhost-startStop-1] org.apache.catalina.startup.HostConfig.deployDirectory Deploying web application directory /opt/tomcat/webapps/manager
16-Aug-2017 13:56:49.489 INFO [localhost-startStop-1] org.apache.catalina.startup.HostConfig.deployDirectory Deployment of web application directory /opt/tomcat/webapps/manager has finished in 29 ms
16-Aug-2017 13:56:49.490 INFO [localhost-startStop-1] org.apache.catalina.startup.HostConfig.deployDirectory Deploying web application directory /opt/tomcat/webapps/host-manager
16-Aug-2017 13:56:49.505 INFO [localhost-startStop-1] org.apache.catalina.startup.HostConfig.deployDirectory Deployment of web application directory /opt/tomcat/webapps/host-manager has finished in 14 ms
16-Aug-2017 13:56:49.505 INFO [localhost-startStop-1] org.apache.catalina.startup.HostConfig.deployDirectory Deploying web application directory /opt/tomcat/webapps/ROOT
16-Aug-2017 13:56:49.519 INFO [localhost-startStop-1] org.apache.catalina.startup.HostConfig.deployDirectory Deployment of web application directory /opt/tomcat/webapps/ROOT has finished in 14 ms
16-Aug-2017 13:56:49.534 INFO [main] org.apache.coyote.AbstractProtocol.start Starting ProtocolHandler ["http-nio-8080"]
16-Aug-2017 13:56:49.544 INFO [main] org.apache.coyote.AbstractProtocol.start Starting ProtocolHandler ["ajp-nio-8009"]
16-Aug-2017 13:56:49.545 INFO [main] org.apache.catalina.startup.Catalina.start Server startup in 3880 ms
16-Aug-2017 14:15:00.402 INFO [ContainerBackgroundProcessor[StandardEngine[Catalina]]] org.apache.catalina.startup.HostConfig.undeploy Undeploying context [/rest-0.1.0]
16-Aug-2017 14:15:45.914 INFO [Thread-5] org.apache.coyote.AbstractProtocol.pause Pausing ProtocolHandler ["http-nio-8080"]
16-Aug-2017 14:15:45.971 INFO [Thread-5] org.apache.coyote.AbstractProtocol.pause Pausing ProtocolHandler ["ajp-nio-8009"]
16-Aug-2017 14:15:46.023 INFO [Thread-5] org.apache.catalina.core.StandardService.stopInternal Stopping service Catalina
16-Aug-2017 14:15:46.080 INFO [Thread-5] org.apache.coyote.AbstractProtocol.stop Stopping ProtocolHandler ["http-nio-8080"]
16-Aug-2017 14:15:46.156 INFO [Thread-5] org.apache.coyote.AbstractProtocol.stop Stopping ProtocolHandler ["ajp-nio-8009"]
16-Aug-2017 14:15:46.206 INFO [Thread-5] org.apache.coyote.AbstractProtocol.destroy Destroying ProtocolHandler ["http-nio-8080"]
16-Aug-2017 14:15:46.209 INFO [Thread-5] org.apache.coyote.AbstractProtocol.destroy Destroying ProtocolHandler ["ajp-nio-8009"]
16-Aug-2017 14:15:51.989 INFO [main] org.apache.catalina.startup.VersionLoggerListener.log Server version:        Apache Tomcat/8.0.24
16-Aug-2017 14:15:51.991 INFO [main] org.apache.catalina.startup.VersionLoggerListener.log Server built:          Jul 1 2015 20:19:55 UTC
16-Aug-2017 14:15:51.992 INFO [main] org.apache.catalina.startup.VersionLoggerListener.log Server number:         8.0.24.0
16-Aug-2017 14:15:51.992 INFO [main] org.apache.catalina.startup.VersionLoggerListener.log OS Name:               Linux
16-Aug-2017 14:15:51.993 INFO [main] org.apache.catalina.startup.VersionLoggerListener.log OS Version:            4.9.36-moby
16-Aug-2017 14:15:51.993 INFO [main] org.apache.catalina.startup.VersionLoggerListener.log Architecture:          amd64
16-Aug-2017 14:15:51.993 INFO [main] org.apache.catalina.startup.VersionLoggerListener.log Java Home:             /usr/lib/jvm/java-8-oracle/jre
16-Aug-2017 14:15:51.994 INFO [main] org.apache.catalina.startup.VersionLoggerListener.log JVM Version:           1.8.0_25-b17
16-Aug-2017 14:15:51.994 INFO [main] org.apache.catalina.startup.VersionLoggerListener.log JVM Vendor:            Oracle Corporation
16-Aug-2017 14:15:51.994 INFO [main] org.apache.catalina.startup.VersionLoggerListener.log CATALINA_BASE:         /opt/tomcat
16-Aug-2017 14:15:51.995 INFO [main] org.apache.catalina.startup.VersionLoggerListener.log CATALINA_HOME:         /opt/tomcat
16-Aug-2017 14:15:51.995 INFO [main] org.apache.catalina.startup.VersionLoggerListener.log Command line argument: -Djava.util.logging.config.file=/opt/tomcat/conf/logging.properties
16-Aug-2017 14:15:51.996 INFO [main] org.apache.catalina.startup.VersionLoggerListener.log Command line argument: -Djava.util.logging.manager=org.apache.juli.ClassLoaderLogManager
16-Aug-2017 14:15:51.996 INFO [main] org.apache.catalina.startup.VersionLoggerListener.log Command line argument: -Djava.security.egd=file:/dev/./urandom
16-Aug-2017 14:15:51.996 INFO [main] org.apache.catalina.startup.VersionLoggerListener.log Command line argument: -Djava.endorsed.dirs=/opt/tomcat/endorsed
16-Aug-2017 14:15:51.996 INFO [main] org.apache.catalina.startup.VersionLoggerListener.log Command line argument: -Dcatalina.base=/opt/tomcat
16-Aug-2017 14:15:51.997 INFO [main] org.apache.catalina.startup.VersionLoggerListener.log Command line argument: -Dcatalina.home=/opt/tomcat
16-Aug-2017 14:15:51.997 INFO [main] org.apache.catalina.startup.VersionLoggerListener.log Command line argument: -Djava.io.tmpdir=/opt/tomcat/temp
16-Aug-2017 14:15:51.997 INFO [main] org.apache.catalina.core.AprLifecycleListener.lifecycleEvent The APR based Apache Tomcat Native library which allows optimal performance in production environments was not found on the java.library.path: /usr/java/packages/lib/amd64:/usr/lib64:/lib64:/lib:/usr/lib
16-Aug-2017 14:15:52.164 INFO [main] org.apache.coyote.AbstractProtocol.init Initializing ProtocolHandler ["http-nio-8080"]
16-Aug-2017 14:15:52.186 INFO [main] org.apache.tomcat.util.net.NioSelectorPool.getSharedSelector Using a shared selector for servlet write/read
16-Aug-2017 14:15:52.190 INFO [main] org.apache.coyote.AbstractProtocol.init Initializing ProtocolHandler ["ajp-nio-8009"]
16-Aug-2017 14:15:52.191 INFO [main] org.apache.tomcat.util.net.NioSelectorPool.getSharedSelector Using a shared selector for servlet write/read
16-Aug-2017 14:15:52.191 INFO [main] org.apache.catalina.startup.Catalina.load Initialization processed in 638 ms
16-Aug-2017 14:15:52.227 INFO [main] org.apache.catalina.core.StandardService.startInternal Starting service Catalina
16-Aug-2017 14:15:52.227 INFO [main] org.apache.catalina.core.StandardEngine.startInternal Starting Servlet Engine: Apache Tomcat/8.0.24
16-Aug-2017 14:15:52.265 INFO [localhost-startStop-1] org.apache.catalina.startup.HostConfig.deployWAR Deploying web application archive /opt/tomcat/webapps/rest-0.1.0.war
16-Aug-2017 14:15:54.103 INFO [localhost-startStop-1] org.apache.jasper.servlet.TldScanner.scanJars At least one JAR was scanned for TLDs yet contained no TLDs. Enable debug logging for this logger for a complete list of JARs that were scanned but no TLDs were found in them. Skipping unneeded JARs during scanning can improve startup time and JSP compilation time.
16-Aug-2017 14:15:55.276 INFO [localhost-startStop-1] org.apache.catalina.startup.HostConfig.deployWAR Deployment of web application archive /opt/tomcat/webapps/rest-0.1.0.war has finished in 3,010 ms
16-Aug-2017 14:15:55.279 INFO [localhost-startStop-1] org.apache.catalina.startup.HostConfig.deployDirectory Deploying web application directory /opt/tomcat/webapps/manager
16-Aug-2017 14:15:55.326 INFO [localhost-startStop-1] org.apache.catalina.startup.HostConfig.deployDirectory Deployment of web application directory /opt/tomcat/webapps/manager has finished in 47 ms
16-Aug-2017 14:15:55.326 INFO [localhost-startStop-1] org.apache.catalina.startup.HostConfig.deployDirectory Deploying web application directory /opt/tomcat/webapps/host-manager
16-Aug-2017 14:15:55.344 INFO [localhost-startStop-1] org.apache.catalina.startup.HostConfig.deployDirectory Deployment of web application directory /opt/tomcat/webapps/host-manager has finished in 18 ms
16-Aug-2017 14:15:55.344 INFO [localhost-startStop-1] org.apache.catalina.startup.HostConfig.deployDirectory Deploying web application directory /opt/tomcat/webapps/ROOT
16-Aug-2017 14:15:55.355 INFO [localhost-startStop-1] org.apache.catalina.startup.HostConfig.deployDirectory Deployment of web application directory /opt/tomcat/webapps/ROOT has finished in 11 ms
16-Aug-2017 14:15:55.359 INFO [main] org.apache.coyote.AbstractProtocol.start Starting ProtocolHandler ["http-nio-8080"]
16-Aug-2017 14:15:55.367 INFO [main] org.apache.coyote.AbstractProtocol.start Starting ProtocolHandler ["ajp-nio-8009"]
16-Aug-2017 14:15:55.385 INFO [main] org.apache.catalina.startup.Catalina.start Server startup in 3193 ms
16-Aug-2017 14:30:26.188 INFO [ContainerBackgroundProcessor[StandardEngine[Catalina]]] org.apache.catalina.startup.HostConfig.undeploy Undeploying context [/rest-0.1.0]
16-Aug-2017 14:30:27.373 INFO [Thread-5] org.apache.coyote.AbstractProtocol.pause Pausing ProtocolHandler ["http-nio-8080"]
16-Aug-2017 14:30:27.428 INFO [Thread-5] org.apache.coyote.AbstractProtocol.pause Pausing ProtocolHandler ["ajp-nio-8009"]
16-Aug-2017 14:30:27.479 INFO [Thread-5] org.apache.catalina.core.StandardService.stopInternal Stopping service Catalina
16-Aug-2017 14:30:27.497 INFO [Thread-5] org.apache.coyote.AbstractProtocol.stop Stopping ProtocolHandler ["http-nio-8080"]
16-Aug-2017 14:30:27.498 INFO [Thread-5] org.apache.coyote.AbstractProtocol.stop Stopping ProtocolHandler ["ajp-nio-8009"]
16-Aug-2017 14:30:27.499 INFO [Thread-5] org.apache.coyote.AbstractProtocol.destroy Destroying ProtocolHandler ["http-nio-8080"]
16-Aug-2017 14:30:27.500 INFO [Thread-5] org.apache.coyote.AbstractProtocol.destroy Destroying ProtocolHandler ["ajp-nio-8009"]
16-Aug-2017 14:30:33.898 INFO [main] org.apache.catalina.startup.VersionLoggerListener.log Server version:        Apache Tomcat/8.0.24
16-Aug-2017 14:30:33.900 INFO [main] org.apache.catalina.startup.VersionLoggerListener.log Server built:          Jul 1 2015 20:19:55 UTC
16-Aug-2017 14:30:33.900 INFO [main] org.apache.catalina.startup.VersionLoggerListener.log Server number:         8.0.24.0
16-Aug-2017 14:30:33.900 INFO [main] org.apache.catalina.startup.VersionLoggerListener.log OS Name:               Linux
16-Aug-2017 14:30:33.901 INFO [main] org.apache.catalina.startup.VersionLoggerListener.log OS Version:            4.9.36-moby
16-Aug-2017 14:30:33.901 INFO [main] org.apache.catalina.startup.VersionLoggerListener.log Architecture:          amd64
16-Aug-2017 14:30:33.901 INFO [main] org.apache.catalina.startup.VersionLoggerListener.log Java Home:             /usr/lib/jvm/java-8-oracle/jre
16-Aug-2017 14:30:33.901 INFO [main] org.apache.catalina.startup.VersionLoggerListener.log JVM Version:           1.8.0_25-b17
16-Aug-2017 14:30:33.902 INFO [main] org.apache.catalina.startup.VersionLoggerListener.log JVM Vendor:            Oracle Corporation
16-Aug-2017 14:30:33.902 INFO [main] org.apache.catalina.startup.VersionLoggerListener.log CATALINA_BASE:         /opt/tomcat
16-Aug-2017 14:30:33.902 INFO [main] org.apache.catalina.startup.VersionLoggerListener.log CATALINA_HOME:         /opt/tomcat
16-Aug-2017 14:30:33.903 INFO [main] org.apache.catalina.startup.VersionLoggerListener.log Command line argument: -Djava.util.logging.config.file=/opt/tomcat/conf/logging.properties
16-Aug-2017 14:30:33.903 INFO [main] org.apache.catalina.startup.VersionLoggerListener.log Command line argument: -Djava.util.logging.manager=org.apache.juli.ClassLoaderLogManager
16-Aug-2017 14:30:33.903 INFO [main] org.apache.catalina.startup.VersionLoggerListener.log Command line argument: -Djava.security.egd=file:/dev/./urandom
16-Aug-2017 14:30:33.903 INFO [main] org.apache.catalina.startup.VersionLoggerListener.log Command line argument: -Djava.endorsed.dirs=/opt/tomcat/endorsed
16-Aug-2017 14:30:33.904 INFO [main] org.apache.catalina.startup.VersionLoggerListener.log Command line argument: -Dcatalina.base=/opt/tomcat
16-Aug-2017 14:30:33.904 INFO [main] org.apache.catalina.startup.VersionLoggerListener.log Command line argument: -Dcatalina.home=/opt/tomcat
16-Aug-2017 14:30:33.904 INFO [main] org.apache.catalina.startup.VersionLoggerListener.log Command line argument: -Djava.io.tmpdir=/opt/tomcat/temp
16-Aug-2017 14:30:33.904 INFO [main] org.apache.catalina.core.AprLifecycleListener.lifecycleEvent The APR based Apache Tomcat Native library which allows optimal performance in production environments was not found on the java.library.path: /usr/java/packages/lib/amd64:/usr/lib64:/lib64:/lib:/usr/lib
16-Aug-2017 14:30:34.068 INFO [main] org.apache.coyote.AbstractProtocol.init Initializing ProtocolHandler ["http-nio-8080"]
16-Aug-2017 14:30:34.088 INFO [main] org.apache.tomcat.util.net.NioSelectorPool.getSharedSelector Using a shared selector for servlet write/read
16-Aug-2017 14:30:34.091 INFO [main] org.apache.coyote.AbstractProtocol.init Initializing ProtocolHandler ["ajp-nio-8009"]
16-Aug-2017 14:30:34.093 INFO [main] org.apache.tomcat.util.net.NioSelectorPool.getSharedSelector Using a shared selector for servlet write/read
16-Aug-2017 14:30:34.094 INFO [main] org.apache.catalina.startup.Catalina.load Initialization processed in 629 ms
16-Aug-2017 14:30:34.143 INFO [main] org.apache.catalina.core.StandardService.startInternal Starting service Catalina
16-Aug-2017 14:30:34.143 INFO [main] org.apache.catalina.core.StandardEngine.startInternal Starting Servlet Engine: Apache Tomcat/8.0.24
16-Aug-2017 14:30:34.180 INFO [localhost-startStop-1] org.apache.catalina.startup.HostConfig.deployWAR Deploying web application archive /opt/tomcat/webapps/rest-0.1.0.war
16-Aug-2017 14:30:35.929 INFO [localhost-startStop-1] org.apache.jasper.servlet.TldScanner.scanJars At least one JAR was scanned for TLDs yet contained no TLDs. Enable debug logging for this logger for a complete list of JARs that were scanned but no TLDs were found in them. Skipping unneeded JARs during scanning can improve startup time and JSP compilation time.
16-Aug-2017 14:30:38.743 INFO [localhost-startStop-1] org.apache.catalina.startup.HostConfig.deployWAR Deployment of web application archive /opt/tomcat/webapps/rest-0.1.0.war has finished in 4,562 ms
16-Aug-2017 14:30:38.745 INFO [localhost-startStop-1] org.apache.catalina.startup.HostConfig.deployDirectory Deploying web application directory /opt/tomcat/webapps/manager
16-Aug-2017 14:30:38.795 INFO [localhost-startStop-1] org.apache.catalina.startup.HostConfig.deployDirectory Deployment of web application directory /opt/tomcat/webapps/manager has finished in 50 ms
16-Aug-2017 14:30:38.796 INFO [localhost-startStop-1] org.apache.catalina.startup.HostConfig.deployDirectory Deploying web application directory /opt/tomcat/webapps/host-manager
16-Aug-2017 14:30:38.818 INFO [localhost-startStop-1] org.apache.catalina.startup.HostConfig.deployDirectory Deployment of web application directory /opt/tomcat/webapps/host-manager has finished in 22 ms
16-Aug-2017 14:30:38.819 INFO [localhost-startStop-1] org.apache.catalina.startup.HostConfig.deployDirectory Deploying web application directory /opt/tomcat/webapps/ROOT
16-Aug-2017 14:30:38.833 INFO [localhost-startStop-1] org.apache.catalina.startup.HostConfig.deployDirectory Deployment of web application directory /opt/tomcat/webapps/ROOT has finished in 15 ms
16-Aug-2017 14:30:38.861 INFO [main] org.apache.coyote.AbstractProtocol.start Starting ProtocolHandler ["http-nio-8080"]
16-Aug-2017 14:30:38.881 INFO [main] org.apache.coyote.AbstractProtocol.start Starting ProtocolHandler ["ajp-nio-8009"]
16-Aug-2017 14:30:38.883 INFO [main] org.apache.catalina.startup.Catalina.start Server startup in 4788 ms
16-Aug-2017 14:31:28.452 INFO [main] org.apache.catalina.startup.VersionLoggerListener.log Server version:        Apache Tomcat/8.0.24
16-Aug-2017 14:31:28.454 INFO [main] org.apache.catalina.startup.VersionLoggerListener.log Server built:          Jul 1 2015 20:19:55 UTC
16-Aug-2017 14:31:28.454 INFO [main] org.apache.catalina.startup.VersionLoggerListener.log Server number:         8.0.24.0
16-Aug-2017 14:31:28.455 INFO [main] org.apache.catalina.startup.VersionLoggerListener.log OS Name:               Linux
16-Aug-2017 14:31:28.455 INFO [main] org.apache.catalina.startup.VersionLoggerListener.log OS Version:            4.9.36-moby
16-Aug-2017 14:31:28.455 INFO [main] org.apache.catalina.startup.VersionLoggerListener.log Architecture:          amd64
16-Aug-2017 14:31:28.456 INFO [main] org.apache.catalina.startup.VersionLoggerListener.log Java Home:             /usr/lib/jvm/java-8-oracle/jre
16-Aug-2017 14:31:28.456 INFO [main] org.apache.catalina.startup.VersionLoggerListener.log JVM Version:           1.8.0_25-b17
16-Aug-2017 14:31:28.456 INFO [main] org.apache.catalina.startup.VersionLoggerListener.log JVM Vendor:            Oracle Corporation
16-Aug-2017 14:31:28.456 INFO [main] org.apache.catalina.startup.VersionLoggerListener.log CATALINA_BASE:         /opt/tomcat
16-Aug-2017 14:31:28.457 INFO [main] org.apache.catalina.startup.VersionLoggerListener.log CATALINA_HOME:         /opt/tomcat
16-Aug-2017 14:31:28.458 INFO [main] org.apache.catalina.startup.VersionLoggerListener.log Command line argument: -Djava.util.logging.config.file=/opt/tomcat/conf/logging.properties
16-Aug-2017 14:31:28.458 INFO [main] org.apache.catalina.startup.VersionLoggerListener.log Command line argument: -Djava.util.logging.manager=org.apache.juli.ClassLoaderLogManager
16-Aug-2017 14:31:28.458 INFO [main] org.apache.catalina.startup.VersionLoggerListener.log Command line argument: -Djava.security.egd=file:/dev/./urandom
16-Aug-2017 14:31:28.458 INFO [main] org.apache.catalina.startup.VersionLoggerListener.log Command line argument: -Djava.endorsed.dirs=/opt/tomcat/endorsed
16-Aug-2017 14:31:28.459 INFO [main] org.apache.catalina.startup.VersionLoggerListener.log Command line argument: -Dcatalina.base=/opt/tomcat
16-Aug-2017 14:31:28.459 INFO [main] org.apache.catalina.startup.VersionLoggerListener.log Command line argument: -Dcatalina.home=/opt/tomcat
16-Aug-2017 14:31:28.459 INFO [main] org.apache.catalina.startup.VersionLoggerListener.log Command line argument: -Djava.io.tmpdir=/opt/tomcat/temp
16-Aug-2017 14:31:28.460 INFO [main] org.apache.catalina.core.AprLifecycleListener.lifecycleEvent The APR based Apache Tomcat Native library which allows optimal performance in production environments was not found on the java.library.path: /usr/java/packages/lib/amd64:/usr/lib64:/lib64:/lib:/usr/lib
16-Aug-2017 14:31:28.618 INFO [main] org.apache.coyote.AbstractProtocol.init Initializing ProtocolHandler ["http-nio-8080"]
16-Aug-2017 14:31:28.642 INFO [main] org.apache.tomcat.util.net.NioSelectorPool.getSharedSelector Using a shared selector for servlet write/read
16-Aug-2017 14:31:28.647 INFO [main] org.apache.coyote.AbstractProtocol.init Initializing ProtocolHandler ["ajp-nio-8009"]
16-Aug-2017 14:31:28.650 INFO [main] org.apache.tomcat.util.net.NioSelectorPool.getSharedSelector Using a shared selector for servlet write/read
16-Aug-2017 14:31:28.650 INFO [main] org.apache.catalina.startup.Catalina.load Initialization processed in 623 ms
16-Aug-2017 14:31:28.689 INFO [main] org.apache.catalina.core.StandardService.startInternal Starting service Catalina
16-Aug-2017 14:31:28.690 INFO [main] org.apache.catalina.core.StandardEngine.startInternal Starting Servlet Engine: Apache Tomcat/8.0.24
16-Aug-2017 14:31:28.728 INFO [localhost-startStop-1] org.apache.catalina.startup.HostConfig.deployWAR Deploying web application archive /opt/tomcat/webapps/rest-0.1.0.war
16-Aug-2017 14:31:28.804 INFO [localhost-startStop-1] org.apache.catalina.startup.ExpandWar.expand An expanded directory [/opt/tomcat/webapps/rest-0.1.0] was found with a last modified time that did not match the associated WAR. It will be deleted.
16-Aug-2017 14:31:30.507 INFO [localhost-startStop-1] org.apache.jasper.servlet.TldScanner.scanJars At least one JAR was scanned for TLDs yet contained no TLDs. Enable debug logging for this logger for a complete list of JARs that were scanned but no TLDs were found in them. Skipping unneeded JARs during scanning can improve startup time and JSP compilation time.
16-Aug-2017 14:31:40.320 INFO [localhost-startStop-1] org.apache.catalina.startup.HostConfig.deployWAR Deployment of web application archive /opt/tomcat/webapps/rest-0.1.0.war has finished in 11,590 ms
16-Aug-2017 14:31:40.322 INFO [localhost-startStop-1] org.apache.catalina.startup.HostConfig.deployDirectory Deploying web application directory /opt/tomcat/webapps/manager
16-Aug-2017 14:31:40.353 INFO [localhost-startStop-1] org.apache.catalina.startup.HostConfig.deployDirectory Deployment of web application directory /opt/tomcat/webapps/manager has finished in 31 ms
16-Aug-2017 14:31:40.354 INFO [localhost-startStop-1] org.apache.catalina.startup.HostConfig.deployDirectory Deploying web application directory /opt/tomcat/webapps/host-manager
16-Aug-2017 14:31:40.368 INFO [localhost-startStop-1] org.apache.catalina.startup.HostConfig.deployDirectory Deployment of web application directory /opt/tomcat/webapps/host-manager has finished in 14 ms
16-Aug-2017 14:31:40.369 INFO [localhost-startStop-1] org.apache.catalina.startup.HostConfig.deployDirectory Deploying web application directory /opt/tomcat/webapps/ROOT
16-Aug-2017 14:31:40.381 INFO [localhost-startStop-1] org.apache.catalina.startup.HostConfig.deployDirectory Deployment of web application directory /opt/tomcat/webapps/ROOT has finished in 12 ms
16-Aug-2017 14:31:40.394 INFO [main] org.apache.coyote.AbstractProtocol.start Starting ProtocolHandler ["http-nio-8080"]
16-Aug-2017 14:31:40.410 INFO [main] org.apache.coyote.AbstractProtocol.start Starting ProtocolHandler ["ajp-nio-8009"]
16-Aug-2017 14:31:40.413 INFO [main] org.apache.catalina.startup.Catalina.start Server startup in 11762 ms
16-Aug-2017 20:17:35.531 INFO [Thread-6] org.apache.coyote.AbstractProtocol.pause Pausing ProtocolHandler ["http-nio-8080"]
16-Aug-2017 20:17:35.533 INFO [Thread-6] org.apache.coyote.AbstractProtocol.pause Pausing ProtocolHandler ["ajp-nio-8009"]
16-Aug-2017 20:17:35.534 INFO [Thread-6] org.apache.catalina.core.StandardService.stopInternal Stopping service Catalina
16-Aug-2017 20:17:35.626 INFO [Thread-6] org.apache.coyote.AbstractProtocol.stop Stopping ProtocolHandler ["http-nio-8080"]
16-Aug-2017 20:17:35.632 INFO [Thread-6] org.apache.coyote.AbstractProtocol.stop Stopping ProtocolHandler ["ajp-nio-8009"]
16-Aug-2017 20:17:35.731 INFO [Thread-6] org.apache.coyote.AbstractProtocol.destroy Destroying ProtocolHandler ["http-nio-8080"]
16-Aug-2017 20:17:35.732 INFO [Thread-6] org.apache.coyote.AbstractProtocol.destroy Destroying ProtocolHandler ["ajp-nio-8009"]
16-Aug-2017 20:17:57.347 INFO [main] org.apache.catalina.startup.VersionLoggerListener.log Server version:        Apache Tomcat/8.0.24
16-Aug-2017 20:17:57.349 INFO [main] org.apache.catalina.startup.VersionLoggerListener.log Server built:          Jul 1 2015 20:19:55 UTC
16-Aug-2017 20:17:57.349 INFO [main] org.apache.catalina.startup.VersionLoggerListener.log Server number:         8.0.24.0
16-Aug-2017 20:17:57.350 INFO [main] org.apache.catalina.startup.VersionLoggerListener.log OS Name:               Linux
16-Aug-2017 20:17:57.351 INFO [main] org.apache.catalina.startup.VersionLoggerListener.log OS Version:            4.9.36-moby
16-Aug-2017 20:17:57.351 INFO [main] org.apache.catalina.startup.VersionLoggerListener.log Architecture:          amd64
16-Aug-2017 20:17:57.351 INFO [main] org.apache.catalina.startup.VersionLoggerListener.log Java Home:             /usr/lib/jvm/java-8-oracle/jre
16-Aug-2017 20:17:57.352 INFO [main] org.apache.catalina.startup.VersionLoggerListener.log JVM Version:           1.8.0_25-b17
16-Aug-2017 20:17:57.352 INFO [main] org.apache.catalina.startup.VersionLoggerListener.log JVM Vendor:            Oracle Corporation
16-Aug-2017 20:17:57.353 INFO [main] org.apache.catalina.startup.VersionLoggerListener.log CATALINA_BASE:         /opt/tomcat
16-Aug-2017 20:17:57.353 INFO [main] org.apache.catalina.startup.VersionLoggerListener.log CATALINA_HOME:         /opt/tomcat
16-Aug-2017 20:17:57.354 INFO [main] org.apache.catalina.startup.VersionLoggerListener.log Command line argument: -Djava.util.logging.config.file=/opt/tomcat/conf/logging.properties
16-Aug-2017 20:17:57.355 INFO [main] org.apache.catalina.startup.VersionLoggerListener.log Command line argument: -Djava.util.logging.manager=org.apache.juli.ClassLoaderLogManager
16-Aug-2017 20:17:57.355 INFO [main] org.apache.catalina.startup.VersionLoggerListener.log Command line argument: -Djava.security.egd=file:/dev/./urandom
16-Aug-2017 20:17:57.356 INFO [main] org.apache.catalina.startup.VersionLoggerListener.log Command line argument: -Djava.endorsed.dirs=/opt/tomcat/endorsed
16-Aug-2017 20:17:57.356 INFO [main] org.apache.catalina.startup.VersionLoggerListener.log Command line argument: -Dcatalina.base=/opt/tomcat
16-Aug-2017 20:17:57.356 INFO [main] org.apache.catalina.startup.VersionLoggerListener.log Command line argument: -Dcatalina.home=/opt/tomcat
16-Aug-2017 20:17:57.356 INFO [main] org.apache.catalina.startup.VersionLoggerListener.log Command line argument: -Djava.io.tmpdir=/opt/tomcat/temp
16-Aug-2017 20:17:57.357 INFO [main] org.apache.catalina.core.AprLifecycleListener.lifecycleEvent The APR based Apache Tomcat Native library which allows optimal performance in production environments was not found on the java.library.path: /usr/java/packages/lib/amd64:/usr/lib64:/lib64:/lib:/usr/lib
16-Aug-2017 20:17:57.511 INFO [main] org.apache.coyote.AbstractProtocol.init Initializing ProtocolHandler ["http-nio-8080"]
16-Aug-2017 20:17:57.539 INFO [main] org.apache.tomcat.util.net.NioSelectorPool.getSharedSelector Using a shared selector for servlet write/read
16-Aug-2017 20:17:57.545 INFO [main] org.apache.coyote.AbstractProtocol.init Initializing ProtocolHandler ["ajp-nio-8009"]
16-Aug-2017 20:17:57.547 INFO [main] org.apache.tomcat.util.net.NioSelectorPool.getSharedSelector Using a shared selector for servlet write/read
16-Aug-2017 20:17:57.548 INFO [main] org.apache.catalina.startup.Catalina.load Initialization processed in 622 ms
16-Aug-2017 20:17:57.583 INFO [main] org.apache.catalina.core.StandardService.startInternal Starting service Catalina
16-Aug-2017 20:17:57.583 INFO [main] org.apache.catalina.core.StandardEngine.startInternal Starting Servlet Engine: Apache Tomcat/8.0.24
16-Aug-2017 20:17:57.627 INFO [localhost-startStop-1] org.apache.catalina.startup.HostConfig.deployWAR Deploying web application archive /opt/tomcat/webapps/rest-0.1.0.war
16-Aug-2017 20:17:59.183 INFO [localhost-startStop-1] org.apache.jasper.servlet.TldScanner.scanJars At least one JAR was scanned for TLDs yet contained no TLDs. Enable debug logging for this logger for a complete list of JARs that were scanned but no TLDs were found in them. Skipping unneeded JARs during scanning can improve startup time and JSP compilation time.
16-Aug-2017 20:18:08.781 INFO [localhost-startStop-1] org.apache.catalina.startup.HostConfig.deployWAR Deployment of web application archive /opt/tomcat/webapps/rest-0.1.0.war has finished in 11,153 ms
16-Aug-2017 20:18:08.783 INFO [localhost-startStop-1] org.apache.catalina.startup.HostConfig.deployDirectory Deploying web application directory /opt/tomcat/webapps/manager
16-Aug-2017 20:18:08.810 INFO [localhost-startStop-1] org.apache.catalina.startup.HostConfig.deployDirectory Deployment of web application directory /opt/tomcat/webapps/manager has finished in 27 ms
16-Aug-2017 20:18:08.810 INFO [localhost-startStop-1] org.apache.catalina.startup.HostConfig.deployDirectory Deploying web application directory /opt/tomcat/webapps/host-manager
16-Aug-2017 20:18:08.825 INFO [localhost-startStop-1] org.apache.catalina.startup.HostConfig.deployDirectory Deployment of web application directory /opt/tomcat/webapps/host-manager has finished in 15 ms
16-Aug-2017 20:18:08.825 INFO [localhost-startStop-1] org.apache.catalina.startup.HostConfig.deployDirectory Deploying web application directory /opt/tomcat/webapps/ROOT
16-Aug-2017 20:18:08.839 INFO [localhost-startStop-1] org.apache.catalina.startup.HostConfig.deployDirectory Deployment of web application directory /opt/tomcat/webapps/ROOT has finished in 14 ms
16-Aug-2017 20:18:08.851 INFO [main] org.apache.coyote.AbstractProtocol.start Starting ProtocolHandler ["http-nio-8080"]
16-Aug-2017 20:18:08.871 INFO [main] org.apache.coyote.AbstractProtocol.start Starting ProtocolHandler ["ajp-nio-8009"]
16-Aug-2017 20:18:08.885 INFO [main] org.apache.catalina.startup.Catalina.start Server startup in 11336 ms
