INFO            | Item not available   item=595d43ed2b66a03cefe6e0da
INFO            | Updating             item=595d43eb2b66a03cefe6dfce : 200
INFO            | Item not available   item=595d43ed2b66a03cefe6e0da
INFO            | Updating             item=595d43ed2b66a03cefe6e0db : 200
WARN            | Names differ for     item=595d43ed2b66a03cefe6e0dc. New name=Swift Premium Dry Rubbed Boneless Roasted Onion, Garlic & Bell Pepper Boneless Pork Loin, old name=Swift Premium Dry Rubbed Boneless Roasted Onion, Garlic & Bell Pepper Boneless Pork Loin. Updating name.
INFO            | Names differ for     item=595d43ed2b66a03cefe6e0dc. New name=Swift Premium Dry Rubbed Boneless Roasted Onion, Garlic & Bell Pepper Boneless Pork Loin, old name=Swift Premium Dry Rubbed Boneless Roasted Onion, Garlic & Bell Pepper Boneless Pork Loin. Updating name.
INFO            | Updating             item=595d43ed2b66a03cefe6e0de : 200
WARN            | Names differ for     item=595d43ed2b66a03cefe6e0df. New name=Swift Premium Dry Rubbed Boneless Sauteed Mushroom & Onion Petite Pork Shoulder Roast, old name=Swift Premium Dry Rubbed Boneless Sauteed Mushroom & Onion Petite Pork Shoulder Roast. Updating name.
INFO            | Names differ for     item=595d43ed2b66a03cefe6e0df. New name=Swift Premium Dry Rubbed Boneless Sauteed Mushroom & Onion Petite Pork Shoulder Roast, old name=Swift Premium Dry Rubbed Boneless Sauteed Mushroom & Onion Petite Pork Shoulder Roast. Updating name.
WARN            | Names differ for     item=595d43ed2b66a03cefe6e0e0. New name=Swift Premium Dry Rubbed Boneless Smokey Mesquite Petite Pork Shoulder Roast, old name=Swift Premium Dry Rubbed Boneless Smokey Mesquite Petite Pork Shoulder Roast. Updating name.
INFO            | Names differ for     item=595d43ed2b66a03cefe6e0e0. New name=Swift Premium Dry Rubbed Boneless Smokey Mesquite Petite Pork Shoulder Roast, old name=Swift Premium Dry Rubbed Boneless Smokey Mesquite Petite Pork Shoulder Roast. Updating name.
INFO            | Item not available   item=595d43ed2b66a03cefe6e0da
INFO            | Updating             item=595d43ed2b66a03cefe6e0e1 : 200
INFO            | Updating             item=595d43ed2b66a03cefe6e0e2 : 200
INFO            | Updating             item=595d43ed2b66a03cefe6e0e3 : 200
INFO            | Updating             item=595d43ed2b66a03cefe6e0e4 : 200
INFO            | Updating             item=595d43ed2b66a03cefe6e0e5 : 200
INFO            | Updating             item=595d43ed2b66a03cefe6e0e6 : 200
INFO            | Updating             item=595d43ed2b66a03cefe6e0e7 : 200
INFO            | Updating             item=595d43ed2b66a03cefe6e0e8 : 200
WARN            | Names differ for     item=595d43ed2b66a03cefe6e0e9. New name=Harvestland by Perdue Organic Boneless Chicken Breast, Approx. 2.75 lbs., old name=Harvestland by Perdue Organic Boneless Chicken Breast, Approx. 2.75 lbs.. Updating name.
INFO            | Names differ for     item=595d43ed2b66a03cefe6e0e9. New name=Harvestland by Perdue Organic Boneless Chicken Breast, Approx. 2.75 lbs., old name=Harvestland by Perdue Organic Boneless Chicken Breast, Approx. 2.75 lbs.. Updating name.
INFO            | Updating             item=595d43ed2b66a03cefe6e0ea : 200
INFO            | Updating             item=595d43ed2b66a03cefe6e0eb : 200
INFO            | Updating             item=595d43ed2b66a03cefe6e0ed : 200
INFO            | Updating             item=595d43ed2b66a03cefe6e0ee : 200
INFO            | Updating             item=595d43ed2b66a03cefe6e0ef : 200
INFO            | Updating             item=595d43ed2b66a03cefe6e0f0 : 200
INFO            | Updating             item=595d43ed2b66a03cefe6e0f1 : 200
INFO            | Updating             item=595d43ed2b66a03cefe6e0f2 : 200
INFO            | Updating             item=595d43ed2b66a03cefe6e0f3 : 200
INFO            | Updating             item=595d43ed2b66a03cefe6e0f4 : 200
WARN            | Names differ for     item=595d43ed2b66a03cefe6e0f5. New name=Rastelli Market Fresh Black Angus Beef Filet Mignon Gift Box, 8 pk./6 oz., old name=Rastelli Market Fresh Black Angus Beef Filet Mignon Gift Box, 8 pk./6 oz.. Updating name.
INFO            | Names differ for     item=595d43ed2b66a03cefe6e0f5. New name=Rastelli Market Fresh Black Angus Beef Filet Mignon Gift Box, 8 pk./6 oz., old name=Rastelli Market Fresh Black Angus Beef Filet Mignon Gift Box, 8 pk./6 oz.. Updating name.
INFO            | Updating             item=595d43ed2b66a03cefe6e0f6 : 200
INFO            | Updating             item=595d43ed2b66a03cefe6e0f7 : 200
INFO            | Updating             item=595d43ed2b66a03cefe6e0f8 : 200
INFO            | Updating             item=595d43ed2b66a03cefe6e0f9 : 200
INFO            | Updating             item=595d43ed2b66a03cefe6e0fa : 200
INFO            | Updating             item=595d43ed2b66a03cefe6e0fb : 200
INFO            | Updating             item=595d43ed2b66a03cefe6e0fc : 200
INFO            | Updating             item=595d43ed2b66a03cefe6e0fd : 200
INFO            | Updating             item=595d43ed2b66a03cefe6e0fe : 200
INFO            | Updating             item=595d43ed2b66a03cefe6e0ff : 200
INFO            | Updating             item=595d43ed2b66a03cefe6e100 : 200
INFO            | Updating             item=595d43ed2b66a03cefe6e102 : 200
WARN            | Names differ for     item=595d43ed2b66a03cefe6e104. New name=Rastelli Market Fresh Restaurant Elite Black Angus Filet Mignon Chateaubriand Gift Pack, old name=Rastelli Market Fresh Restaurant Elite Black Angus Filet Mignon Chateaubriand Gift Pack. Updating name.
INFO            | Names differ for     item=595d43ed2b66a03cefe6e104. New name=Rastelli Market Fresh Restaurant Elite Black Angus Filet Mignon Chateaubriand Gift Pack, old name=Rastelli Market Fresh Restaurant Elite Black Angus Filet Mignon Chateaubriand Gift Pack. Updating name.
INFO            | Updating             item=595d43ed2b66a03cefe6e105 : 200
INFO            | Updating             item=595d43ed2b66a03cefe6e106 : 200
INFO            | Updating             item=595d43ed2b66a03cefe6e107 : 200
INFO            | Updating             item=595d43ed2b66a03cefe6e108 : 200
INFO            | Updating             item=595d43ed2b66a03cefe6e109 : 200
INFO            | Updating             item=595d43ed2b66a03cefe6e10a : 200
INFO            | Updating             item=595d43ed2b66a03cefe6e10b : 200
WARN            | Names differ for     item=595d43ed2b66a03cefe6e10c. New name=Smithfield Hometown Original Bacon, Naturally Hickory Smoked, 3 pk./16 oz., old name=Smithfield Hometown Original Bacon, Naturally Hickory Smoked, 3 pk./16 oz.. Updating name.
INFO            | Names differ for     item=595d43ed2b66a03cefe6e10c. New name=Smithfield Hometown Original Bacon, Naturally Hickory Smoked, 3 pk./16 oz., old name=Smithfield Hometown Original Bacon, Naturally Hickory Smoked, 3 pk./16 oz.. Updating name.
INFO            | Updating             item=595d43ed2b66a03cefe6e10d : 200
INFO            | Updating             item=595d43ed2b66a03cefe6e10e : 200
INFO            | Updating             item=595d43ed2b66a03cefe6e10f : 200
INFO            | Updating             item=595d43ed2b66a03cefe6e110 : 200
INFO            | Updating             item=595d43ed2b66a03cefe6e111 : 200
INFO            | Updating             item=595d43ed2b66a03cefe6e112 : 200
INFO            | Updating             item=595d43ed2b66a03cefe6e113 : 200
INFO            | Updating             item=595d43ed2b66a03cefe6e114 : 200
INFO            | Updating             item=595d43ed2b66a03cefe6e115 : 200
INFO            | Updating             item=595d43ed2b66a03cefe6e116 : 200
INFO            | Updating             item=595d43ed2b66a03cefe6e117 : 200
INFO            | Updating             item=595d43ed2b66a03cefe6e118 : 200
INFO            | Updating             item=595d43ed2b66a03cefe6e119 : 200
INFO            | Updating             item=595d43ed2b66a03cefe6e11a : 200
INFO            | Updating             item=595d43ed2b66a03cefe6e11b : 200
INFO            | Updating             item=595d43ed2b66a03cefe6e11c : 200
INFO            | Updating             item=595d43ed2b66a03cefe6e11d : 200
INFO            | Updating             item=595d43ed2b66a03cefe6e11e : 200
INFO            | Updating             item=595d43ed2b66a03cefe6e11f : 200
INFO            | Updating             item=595d43ed2b66a03cefe6e120 : 200
INFO            | Updating             item=595d43ed2b66a03cefe6e121 : 200
INFO            | Updating             item=595d43ed2b66a03cefe6e122 : 200
INFO            | Updating             item=595d43ed2b66a03cefe6e123 : 200
INFO            | Updating             item=595d43ed2b66a03cefe6e124 : 200
INFO            | Updating             item=595d43ed2b66a03cefe6e125 : 200
INFO            | Updating             item=595d43ed2b66a03cefe6e126 : 200
INFO            | Updating             item=595d43ed2b66a03cefe6e127 : 200
INFO            | Updating             item=595d43ed2b66a03cefe6e128 : 200
INFO            | Updating             item=595d43ed2b66a03cefe6e129 : 200
INFO            | Updating             item=595d43ed2b66a03cefe6e12a : 200
INFO            | Updating             item=595d43ed2b66a03cefe6e12b : 200
INFO            | Updating             item=595d43ed2b66a03cefe6e12c : 200
INFO            | Updating             item=595d43ed2b66a03cefe6e12d : 200
INFO            | Updating             item=595d43ed2b66a03cefe6e12e : 200
INFO            | Updating             item=595d43ed2b66a03cefe6e12f : 200
INFO            | Updating             item=595d43ed2b66a03cefe6e130 : 200
INFO            | Updating             item=595d43ed2b66a03cefe6e131 : 200
INFO            | Updating             item=595d43ed2b66a03cefe6e132 : 200
INFO            | Updating             item=595d43ed2b66a03cefe6e133 : 200
INFO            | Updating             item=595d43ed2b66a03cefe6e134 : 200
INFO            | Updating             item=595d43ed2b66a03cefe6e135 : 200
INFO            | Updating             item=595d43ed2b66a03cefe6e136 : 200
INFO            | Updating             item=595d43ed2b66a03cefe6e137 : 200
INFO            | Updating             item=595d43ed2b66a03cefe6e138 : 200
INFO            | Updating             item=595d43ed2b66a03cefe6e139 : 200
INFO            | Updating             item=595d43ed2b66a03cefe6e13a : 200
INFO            | Updating             item=595d43ed2b66a03cefe6e13b : 200
INFO            | Updating             item=595d43ed2b66a03cefe6e13c : 200
INFO            | Updating             item=595d43ed2b66a03cefe6e13d : 200
INFO            | Updating             item=595d43ed2b66a03cefe6e13e : 200
INFO            | Updating             item=595d43ed2b66a03cefe6e13f : 200
INFO            | Updating             item=595d43ed2b66a03cefe6e140 : 200
INFO            | Updating             item=595d43ed2b66a03cefe6e141 : 200
INFO            | Updating             item=595d43ed2b66a03cefe6e142 : 200
INFO            | Updating             item=595d43ed2b66a03cefe6e143 : 200
INFO            | Updating             item=595d43ed2b66a03cefe6e144 : 200
INFO            | Updating             item=595d43ed2b66a03cefe6e145 : 200
INFO            | Updating             item=595d43ed2b66a03cefe6e146 : 200
INFO            | Updating             item=595d43ed2b66a03cefe6e147 : 200
INFO            | Updating             item=595d43ed2b66a03cefe6e148 : 200
INFO            | Updating             item=595d43ed2b66a03cefe6e149 : 200
INFO            | Updating             item=595d43ed2b66a03cefe6e14a : 200
INFO            | Updating             item=595d43ed2b66a03cefe6e14b : 200
INFO            | Updating             item=595d43ed2b66a03cefe6e14c : 200
INFO            | Updating             item=595d43ed2b66a03cefe6e14d : 200
INFO            | Updating             item=595d43ed2b66a03cefe6e14e : 200
INFO            | Updating             item=595d43ed2b66a03cefe6e14f : 200
INFO            | Updating             item=595d43ed2b66a03cefe6e150 : 200
INFO            | Updating             item=595d43ed2b66a03cefe6e151 : 200
INFO            | Updating             item=595d43ed2b66a03cefe6e152 : 200
INFO            | Updating             item=595d43ed2b66a03cefe6e153 : 200
INFO            | Updating             item=595d43ed2b66a03cefe6e154 : 200
INFO            | Updating             item=595d43ed2b66a03cefe6e155 : 200
INFO            | Updating             item=595d43ed2b66a03cefe6e156 : 200
INFO            | Updating             item=595d43ed2b66a03cefe6e157 : 200
INFO            | Updating             item=595d43ed2b66a03cefe6e158 : 200
INFO            | Updating             item=595d43ed2b66a03cefe6e159 : 200
INFO            | Updating             item=595d43ed2b66a03cefe6e15a : 200
INFO            | Updating             item=595d43ed2b66a03cefe6e15b : 200
INFO            | Updating             item=595d43ed2b66a03cefe6e15c : 200
INFO            | Updating             item=595d43ed2b66a03cefe6e15d : 200
INFO            | Updating             item=595d43ed2b66a03cefe6e15e : 200
INFO            | Updating             item=595d43ed2b66a03cefe6e15f : 200
INFO            | Updating             item=595d43ed2b66a03cefe6e160 : 200
INFO            | Updating             item=595d43ed2b66a03cefe6e161 : 200
INFO            | Updating             item=595d43ed2b66a03cefe6e162 : 200
INFO            | Updating             item=595d43ed2b66a03cefe6e163 : 200
INFO            | Updating             item=595d43ed2b66a03cefe6e164 : 200
INFO            | Updating             item=595d43ed2b66a03cefe6e165 : 200
INFO            | Updating             item=595d43ed2b66a03cefe6e166 : 200
INFO            | Updating             item=595d43ed2b66a03cefe6e167 : 200
INFO            | Updating             item=595d43ed2b66a03cefe6e168 : 200
INFO            | Updating             item=595d43ed2b66a03cefe6e169 : 200
INFO            | Updating             item=595d43ed2b66a03cefe6e16a : 200
INFO            | Updating             item=595d43ed2b66a03cefe6e16b : 200
INFO            | Updating             item=595d43ed2b66a03cefe6e16c : 200
INFO            | Updating             item=595d43ed2b66a03cefe6e16d : 200
INFO            | Updating             item=595d43ed2b66a03cefe6e16e : 200
INFO            | Updating             item=595d43ed2b66a03cefe6e16f : 200
INFO            | Updating             item=595d43ed2b66a03cefe6e170 : 200
INFO            | Updating             item=595d43ed2b66a03cefe6e171 : 200
INFO            | Updating             item=595d43ed2b66a03cefe6e172 : 200
INFO            | Updating             item=595d43ed2b66a03cefe6e173 : 200
INFO            | Updating             item=595d43ed2b66a03cefe6e174 : 200
INFO            | Updating             item=595d43ed2b66a03cefe6e175 : 200
INFO            | Updating             item=595d43ed2b66a03cefe6e176 : 200
INFO            | Updating             item=595d43ed2b66a03cefe6e177 : 200
INFO            | Updating             item=595d43ed2b66a03cefe6e178 : 200
INFO            | Updating             item=595d43ed2b66a03cefe6e179 : 200
INFO            | Updating             item=595d43ed2b66a03cefe6e17a : 200
INFO            | Updating             item=595d43ed2b66a03cefe6e17b : 200
WARN            | Names differ for     item=595d43ed2b66a03cefe6e17c. New name=Bolthouse Farms Cherry Multi-V Goodness 100% Fruit Juice Smoothie + Boosts, 52 fl. oz., old name=Bolthouse Farms Cherry Multi-V Goodness 100% Fruit Juice Smoothie + Boosts, 52 fl. oz.. Updating name.
INFO            | Names differ for     item=595d43ed2b66a03cefe6e17c. New name=Bolthouse Farms Cherry Multi-V Goodness 100% Fruit Juice Smoothie + Boosts, 52 fl. oz., old name=Bolthouse Farms Cherry Multi-V Goodness 100% Fruit Juice Smoothie + Boosts, 52 fl. oz.. Updating name.
WARN            | Names differ for     item=595d43ed2b66a03cefe6e17d. New name=Simply Orange Calcium & Vitamin D Pulp Free Orange Juice, 2 ct./59 fl. oz., old name=Simply Orange Calcium & Vitamin D Pulp Free Orange Juice, 2 ct./59 fl. oz.. Updating name.
INFO            | Names differ for     item=595d43ed2b66a03cefe6e17d. New name=Simply Orange Calcium & Vitamin D Pulp Free Orange Juice, 2 ct./59 fl. oz., old name=Simply Orange Calcium & Vitamin D Pulp Free Orange Juice, 2 ct./59 fl. oz.. Updating name.
INFO            | Updating             item=595d43ed2b66a03cefe6e17e : 200
INFO            | Updating             item=595d43ed2b66a03cefe6e17f : 200
INFO            | Updating             item=595d43ed2b66a03cefe6e180 : 200
INFO            | Updating             item=595d43ed2b66a03cefe6e181 : 200
INFO            | Updating             item=595d43ed2b66a03cefe6e182 : 200
INFO            | Updating             item=595d43ed2b66a03cefe6e183 : 200
INFO            | Updating             item=595d43ed2b66a03cefe6e184 : 200
INFO            | Updating             item=595d43ee2b66a03cefe6e185 : 200
INFO            | Updating             item=595d43ee2b66a03cefe6e186 : 200
INFO            | Updating             item=595d43ee2b66a03cefe6e187 : 200
INFO            | Updating             item=595d43ee2b66a03cefe6e188 : 200
INFO            | Updating             item=595d43ee2b66a03cefe6e189 : 200
INFO            | Updating             item=595d43ee2b66a03cefe6e18a : 200
INFO            | Updating             item=595d43ee2b66a03cefe6e18b : 200
INFO            | Updating             item=595d43ee2b66a03cefe6e18c : 200
INFO            | Updating             item=595d43ee2b66a03cefe6e18d : 200
WARN            | Names differ for     item=595d43ee2b66a03cefe6e18e. New name=Deer Park Assorted Flavor Sparkling Natural Spring Water, 24 pk./16 oz., old name=Deer Park Assorted Flavor Sparkling Natural Spring Water, 24 pk./16 oz.. Updating name.
INFO            | Names differ for     item=595d43ee2b66a03cefe6e18e. New name=Deer Park Assorted Flavor Sparkling Natural Spring Water, 24 pk./16 oz., old name=Deer Park Assorted Flavor Sparkling Natural Spring Water, 24 pk./16 oz.. Updating name.
INFO            | Updating             item=595d43ee2b66a03cefe6e18f : 200
INFO            | Updating             item=595d43ee2b66a03cefe6e190 : 200
INFO            | Updating             item=595d43ee2b66a03cefe6e191 : 200
INFO            | Updating             item=595d43ee2b66a03cefe6e192 : 200
INFO            | Updating             item=595d43ee2b66a03cefe6e193 : 200
WARN            | Names differ for     item=595d43ee2b66a03cefe6e194. New name=Poland Spring Assorted Flavor Sparkling Natural Spring Water, 24 pk./16.9 oz., old name=Poland Spring Assorted Flavor Sparkling Natural Spring Water, 24 pk./16.9 oz.. Updating name.
INFO            | Names differ for     item=595d43ee2b66a03cefe6e194. New name=Poland Spring Assorted Flavor Sparkling Natural Spring Water, 24 pk./16.9 oz., old name=Poland Spring Assorted Flavor Sparkling Natural Spring Water, 24 pk./16.9 oz.. Updating name.
INFO            | Updating             item=595d43ee2b66a03cefe6e195 : 200
INFO            | Updating             item=595d43ee2b66a03cefe6e196 : 200
INFO            | Updating             item=595d43ee2b66a03cefe6e197 : 200
INFO            | Updating             item=595d43ee2b66a03cefe6e198 : 200
WARN            | Names differ for     item=595d43ee2b66a03cefe6e199. New name=Poland Spring 100% Natural Spring Water with Sports Cap, 24 pk./23.7 oz., old name=Poland Spring 100% Natural Spring Water with Sports Cap, 24 pk./23.7 oz.. Updating name.
INFO            | Names differ for     item=595d43ee2b66a03cefe6e199. New name=Poland Spring 100% Natural Spring Water with Sports Cap, 24 pk./23.7 oz., old name=Poland Spring 100% Natural Spring Water with Sports Cap, 24 pk./23.7 oz.. Updating name.
INFO            | Updating             item=595d43ee2b66a03cefe6e19a : 200
WARN            | Names differ for     item=595d43ee2b66a03cefe6e19b. New name=Zephyrhills Assorted Flavor Sparkling Natural Spring Water, 24 pk./16 oz., old name=Zephyrhills Assorted Flavor Sparkling Natural Spring Water, 24 pk./16 oz.. Updating name.
INFO            | Names differ for     item=595d43ee2b66a03cefe6e19b. New name=Zephyrhills Assorted Flavor Sparkling Natural Spring Water, 24 pk./16 oz., old name=Zephyrhills Assorted Flavor Sparkling Natural Spring Water, 24 pk./16 oz.. Updating name.
INFO            | Updating             item=595d43ee2b66a03cefe6e19c : 200
WARN            | Names differ for     item=595d43ee2b66a03cefe6e19d. New name=Poland Spring 100% Natural Spring Water with Sports Cap, Deposit, 24 pk./23.7 oz., old name=Poland Spring 100% Natural Spring Water with Sports Cap, Deposit, 24 pk./23.7 oz.. Updating name.
INFO            | Names differ for     item=595d43ee2b66a03cefe6e19d. New name=Poland Spring 100% Natural Spring Water with Sports Cap, Deposit, 24 pk./23.7 oz., old name=Poland Spring 100% Natural Spring Water with Sports Cap, Deposit, 24 pk./23.7 oz.. Updating name.
INFO            | Updating             item=595d43ee2b66a03cefe6e19e : 200
INFO            | Updating             item=595d43ee2b66a03cefe6e19f : 200
INFO            | Updating             item=595d43ee2b66a03cefe6e1a0 : 200
INFO            | Updating             item=595d43ee2b66a03cefe6e1a1 : 200
INFO            | Updating             item=595d43ee2b66a03cefe6e1a2 : 200
INFO            | Updating             item=595d43ee2b66a03cefe6e1a3 : 200
INFO            | Updating             item=595d43ee2b66a03cefe6e1a4 : 200
WARN            | Names differ for     item=595d43ee2b66a03cefe6e1a5. New name=Poland Spring Assorted Flavor Sparkling Natural Spring Water, 12 pk./1L, old name=Poland Spring Assorted Flavor Sparkling Natural Spring Water, 12 pk./1L. Updating name.
INFO            | Names differ for     item=595d43ee2b66a03cefe6e1a5. New name=Poland Spring Assorted Flavor Sparkling Natural Spring Water, 12 pk./1L, old name=Poland Spring Assorted Flavor Sparkling Natural Spring Water, 12 pk./1L. Updating name.
INFO            | Updating             item=595d43ee2b66a03cefe6e1a6 : 200
INFO            | Updating             item=595d43ee2b66a03cefe6e1a7 : 200
INFO            | Updating             item=595d43ee2b66a03cefe6e1a8 : 200
INFO            | Updating             item=595d43ee2b66a03cefe6e1a9 : 200
INFO            | Updating             item=595d43ee2b66a03cefe6e1aa : 200
INFO            | Updating             item=595d43ee2b66a03cefe6e1ab : 200
INFO            | Updating             item=595d43ee2b66a03cefe6e1ac : 200
INFO            | Updating             item=595d43ee2b66a03cefe6e1ad : 200
INFO            | Updating             item=595d43ee2b66a03cefe6e1ae : 200
INFO            | Updating             item=595d43ee2b66a03cefe6e1af : 200
INFO            | Updating             item=595d43ee2b66a03cefe6e1b0 : 200
INFO            | Updating             item=595d43ee2b66a03cefe6e1b1 : 200
INFO            | Updating             item=595d43ee2b66a03cefe6e1b2 : 200
INFO            | Updating             item=595d43ee2b66a03cefe6e1b3 : 200
INFO            | Updating             item=595d43ee2b66a03cefe6e1b4 : 200
INFO            | Updating             item=595d43ee2b66a03cefe6e1b5 : 200
INFO            | Updating             item=595d43ee2b66a03cefe6e1b6 : 200
INFO            | Updating             item=595d43ee2b66a03cefe6e1b7 : 200
INFO            | Updating             item=595d43ee2b66a03cefe6e1b8 : 200
INFO            | Updating             item=595d43ee2b66a03cefe6e1b9 : 200
INFO            | Updating             item=595d43ee2b66a03cefe6e1ba : 200
INFO            | Updating             item=595d43ee2b66a03cefe6e1bb : 200
INFO            | Updating             item=595d43ee2b66a03cefe6e1bc : 200
INFO            | Updating             item=595d43ee2b66a03cefe6e1bd : 200
INFO            | Updating             item=595d43ee2b66a03cefe6e1be : 200
INFO            | Updating             item=595d43ee2b66a03cefe6e1bf : 200
INFO            | Updating             item=595d43ee2b66a03cefe6e1c0 : 200
INFO            | Updating             item=595d43ee2b66a03cefe6e1c1 : 200
INFO            | Updating             item=595d43ee2b66a03cefe6e1c2 : 200
INFO            | Updating             item=595d43ee2b66a03cefe6e1c3 : 200
INFO            | Updating             item=595d43ee2b66a03cefe6e1c4 : 200
INFO            | Updating             item=595d43ee2b66a03cefe6e1c5 : 200
INFO            | Updating             item=595d43ee2b66a03cefe6e1c6 : 200
INFO            | Updating             item=595d43ee2b66a03cefe6e1c7 : 200
INFO            | Updating             item=595d43ee2b66a03cefe6e1c8 : 200
INFO            | Updating             item=595d43ee2b66a03cefe6e1c9 : 200
INFO            | Updating             item=595d43ee2b66a03cefe6e1ca : 200
INFO            | Updating             item=595d43ee2b66a03cefe6e1cb : 200
INFO            | Updating             item=595d43ee2b66a03cefe6e1cc : 200
INFO            | Updating             item=595d43ee2b66a03cefe6e1cd : 200
INFO            | Updating             item=595d43ee2b66a03cefe6e1ce : 200
INFO            | Updating             item=595d43ee2b66a03cefe6e1cf : 200
INFO            | Updating             item=595d43ee2b66a03cefe6e1d0 : 200
INFO            | Updating             item=595d43ee2b66a03cefe6e1d1 : 200
INFO            | Updating             item=595d43ee2b66a03cefe6e1d2 : 200
INFO            | Updating             item=595d43ee2b66a03cefe6e1d3 : 200
INFO            | Updating             item=595d43ee2b66a03cefe6e1d4 : 200
INFO            | Updating             item=595d43ee2b66a03cefe6e1d5 : 200
WARN            | Names differ for     item=595d43ee2b66a03cefe6e1d6. New name=Season Brand Skinless and Boneless Imported Sardines in Olive Oil, 5 pk./3.7 oz., old name=Season Brand Skinless and Boneless Imported Sardines in Olive Oil, 5 pk./3.7 oz.. Updating name.
INFO            | Names differ for     item=595d43ee2b66a03cefe6e1d6. New name=Season Brand Skinless and Boneless Imported Sardines in Olive Oil, 5 pk./3.7 oz., old name=Season Brand Skinless and Boneless Imported Sardines in Olive Oil, 5 pk./3.7 oz.. Updating name.
INFO            | Updating             item=595d43ee2b66a03cefe6e1d7 : 200
INFO            | Updating             item=595d43ee2b66a03cefe6e1d8 : 200
INFO            | Updating             item=595d43ee2b66a03cefe6e1d9 : 200
INFO            | Updating             item=595d43ee2b66a03cefe6e1da : 200
INFO            | Updating             item=595d43ee2b66a03cefe6e1db : 200
INFO            | Updating             item=595d43ee2b66a03cefe6e1dc : 200
INFO            | Updating             item=595d43ee2b66a03cefe6e1dd : 200
INFO            | Updating             item=595d43ee2b66a03cefe6e1de : 200
INFO            | Updating             item=595d43ee2b66a03cefe6e1df : 200
INFO            | Updating             item=595d43ee2b66a03cefe6e1e0 : 200
INFO            | Updating             item=595d43ee2b66a03cefe6e1e1 : 200
INFO            | Updating             item=595d43ee2b66a03cefe6e1e2 : 200
INFO            | Updating             item=595d43ee2b66a03cefe6e1e3 : 200
INFO            | Updating             item=595d43ee2b66a03cefe6e1e4 : 200
INFO            | Updating             item=595d43ee2b66a03cefe6e1e5 : 200
INFO            | Updating             item=595d43ee2b66a03cefe6e1e6 : 200
INFO            | Updating             item=595d43ee2b66a03cefe6e1e7 : 200
INFO            | Updating             item=595d43ee2b66a03cefe6e1e8 : 200
INFO            | Updating             item=595d43ee2b66a03cefe6e1e9 : 200
INFO            | Updating             item=595d43ee2b66a03cefe6e1ea : 200
INFO            | Updating             item=595d43ee2b66a03cefe6e1eb : 200
INFO            | Updating             item=595d43ee2b66a03cefe6e1ec : 200
INFO            | Updating             item=595d43ee2b66a03cefe6e1ed : 200
INFO            | Updating             item=595d43ee2b66a03cefe6e1ee : 200
INFO            | Updating             item=595d43ee2b66a03cefe6e1ef : 200
INFO            | Updating             item=595d43ee2b66a03cefe6e1f0 : 200
INFO            | Updating             item=595d43ee2b66a03cefe6e1f1 : 200
INFO            | Updating             item=595d43ee2b66a03cefe6e1f2 : 200
INFO            | Updating             item=595d43ee2b66a03cefe6e1f3 : 200
INFO            | Updating             item=595d43ee2b66a03cefe6e1f4 : 200
INFO            | Updating             item=595d43ee2b66a03cefe6e1f5 : 200
INFO            | Updating             item=595d43ee2b66a03cefe6e1f6 : 200
INFO            | Updating             item=595d43ee2b66a03cefe6e1f7 : 200
INFO            | Updating             item=595d43ee2b66a03cefe6e1f8 : 200
INFO            | Updating             item=595d43ee2b66a03cefe6e1f9 : 200
INFO            | Updating             item=595d43ee2b66a03cefe6e1fa : 200
INFO            | Updating             item=595d43ee2b66a03cefe6e1fb : 200
INFO            | Updating             item=595d43ee2b66a03cefe6e1fc : 200
INFO            | Updating             item=595d43ee2b66a03cefe6e1fd : 200
INFO            | Updating             item=595d43ee2b66a03cefe6e1fe : 200
INFO            | Updating             item=595d43ee2b66a03cefe6e1ff : 200
INFO            | Updating             item=595d43ee2b66a03cefe6e200 : 200
INFO            | Updating             item=595d43ee2b66a03cefe6e201 : 200
INFO            | Updating             item=595d43ee2b66a03cefe6e202 : 200
INFO            | Updating             item=595d43ee2b66a03cefe6e203 : 200
INFO            | Updating             item=595d43ee2b66a03cefe6e204 : 200
INFO            | Updating             item=595d43ee2b66a03cefe6e205 : 200
INFO            | Updating             item=595d43ee2b66a03cefe6e206 : 200
INFO            | Updating             item=595d43ee2b66a03cefe6e207 : 200
INFO            | Updating             item=595d43ee2b66a03cefe6e208 : 200
INFO            | Updating             item=595d43ee2b66a03cefe6e209 : 200
INFO            | Updating             item=595d43ee2b66a03cefe6e20a : 200
INFO            | Updating             item=595d43ee2b66a03cefe6e20b : 200
INFO            | Updating             item=595d43ee2b66a03cefe6e20c : 200
INFO            | Updating             item=595d43ee2b66a03cefe6e20d : 200
INFO            | Updating             item=595d43ee2b66a03cefe6e20e : 200
INFO            | Updating             item=595d43ee2b66a03cefe6e20f : 200
INFO            | Updating             item=595d43ee2b66a03cefe6e210 : 200
INFO            | Updating             item=595d43ee2b66a03cefe6e211 : 200
INFO            | Updating             item=595d43ee2b66a03cefe6e212 : 200
WARN            | Names differ for     item=595d43ee2b66a03cefe6e213. New name=Nissin Cup Noodles Very Veggie Ramen Noodle Soup, Chicken Flavor, 12 ct./2.65 oz., old name=Nissin Cup Noodles Very Veggie Ramen Noodle Soup, Chicken Flavor, 12 ct./2.65 oz.. Updating name.
INFO            | Names differ for     item=595d43ee2b66a03cefe6e213. New name=Nissin Cup Noodles Very Veggie Ramen Noodle Soup, Chicken Flavor, 12 ct./2.65 oz., old name=Nissin Cup Noodles Very Veggie Ramen Noodle Soup, Chicken Flavor, 12 ct./2.65 oz.. Updating name.
INFO            | Updating             item=595d43ee2b66a03cefe6e214 : 200
INFO            | Updating             item=595d43ee2b66a03cefe6e215 : 200
INFO            | Updating             item=595d43ee2b66a03cefe6e216 : 200
INFO            | Updating             item=595d43ee2b66a03cefe6e217 : 200
INFO            | Updating             item=595d43ee2b66a03cefe6e218 : 200
INFO            | Updating             item=595d43ee2b66a03cefe6e219 : 200
INFO            | Updating             item=595d43ee2b66a03cefe6e21a : 200
INFO            | Updating             item=595d43ee2b66a03cefe6e21b : 200
INFO            | Updating             item=595d43ee2b66a03cefe6e21c : 200
INFO            | Updating             item=595d43ee2b66a03cefe6e21d : 200
INFO            | Updating             item=595d43ee2b66a03cefe6e21e : 200
INFO            | Updating             item=595d43ee2b66a03cefe6e21f : 200
INFO            | Updating             item=595d43ee2b66a03cefe6e220 : 200
INFO            | Updating             item=595d43ee2b66a03cefe6e221 : 200
INFO            | Updating             item=595d43ee2b66a03cefe6e222 : 200
INFO            | Updating             item=595d43ee2b66a03cefe6e223 : 200
INFO            | Updating             item=595d43ee2b66a03cefe6e224 : 200
INFO            | Updating             item=595d43ee2b66a03cefe6e225 : 200
INFO            | Updating             item=595d43ee2b66a03cefe6e226 : 200
INFO            | Updating             item=595d43ee2b66a03cefe6e227 : 200
INFO            | Updating             item=595d43ee2b66a03cefe6e228 : 200
INFO            | Updating             item=595d43ee2b66a03cefe6e229 : 200
INFO            | Updating             item=595d43ee2b66a03cefe6e22a : 200
INFO            | Item not available   item=595d43ed2b66a03cefe6e0da
INFO            | Updating             item=595d43ee2b66a03cefe6e22b : 200
INFO            | Updating             item=595d43ee2b66a03cefe6e22c : 200
INFO            | Updating             item=595d43ee2b66a03cefe6e22d : 200
INFO            | Updating             item=595d43ee2b66a03cefe6e22e : 200
INFO            | Updating             item=595d43ee2b66a03cefe6e22f : 200
INFO            | Updating             item=595d43ee2b66a03cefe6e230 : 200
INFO            | Updating             item=595d43ee2b66a03cefe6e231 : 200
INFO            | Updating             item=595d43ee2b66a03cefe6e232 : 200
INFO            | Updating             item=595d43ee2b66a03cefe6e233 : 200
INFO            | Updating             item=595d43ee2b66a03cefe6e234 : 200
INFO            | Updating             item=595d43ee2b66a03cefe6e235 : 200
INFO            | Updating             item=595d43ee2b66a03cefe6e236 : 200
INFO            | Updating             item=595d43ee2b66a03cefe6e237 : 200
INFO            | Updating             item=595d43ee2b66a03cefe6e238 : 200
INFO            | Updating             item=595d43ee2b66a03cefe6e239 : 200
INFO            | Updating             item=595d43ee2b66a03cefe6e23a : 200
INFO            | Updating             item=595d43ee2b66a03cefe6e23b : 200
INFO            | Updating             item=595d43ee2b66a03cefe6e23c : 200
INFO            | Updating             item=595d43ee2b66a03cefe6e23d : 200
INFO            | Updating             item=595d43ee2b66a03cefe6e23e : 200
INFO            | Updating             item=595d43ee2b66a03cefe6e23f : 200
INFO            | Updating             item=595d43ee2b66a03cefe6e240 : 200
INFO            | Updating             item=595d43ee2b66a03cefe6e241 : 200
INFO            | Updating             item=595d43ee2b66a03cefe6e242 : 200
INFO            | Updating             item=595d43ee2b66a03cefe6e243 : 200
INFO            | Updating             item=595d43ee2b66a03cefe6e244 : 200
INFO            | Updating             item=595d43ef2b66a03cefe6e245 : 200
INFO            | Updating             item=595d43ef2b66a03cefe6e246 : 200
INFO            | Updating             item=595d43ef2b66a03cefe6e247 : 200
INFO            | Updating             item=595d43ef2b66a03cefe6e248 : 200
INFO            | Updating             item=595d43ef2b66a03cefe6e249 : 200
INFO            | Updating             item=595d43ef2b66a03cefe6e24a : 200
INFO            | Updating             item=595d43ef2b66a03cefe6e24b : 200
INFO            | Updating             item=595d43ef2b66a03cefe6e24c : 200
INFO            | Updating             item=595d43ef2b66a03cefe6e24d : 200
INFO            | Updating             item=595d43ef2b66a03cefe6e24e : 200
INFO            | Updating             item=595d43ef2b66a03cefe6e24f : 200
INFO            | Updating             item=595d43ef2b66a03cefe6e250 : 200
INFO            | Updating             item=595d43ef2b66a03cefe6e251 : 200
INFO            | Updating             item=595d43ef2b66a03cefe6e252 : 200
INFO            | Updating             item=595d43ef2b66a03cefe6e253 : 200
INFO            | Updating             item=595d43ef2b66a03cefe6e254 : 200
INFO            | Updating             item=595d43ef2b66a03cefe6e255 : 200
INFO            | Updating             item=595d43ef2b66a03cefe6e256 : 200
INFO            | Updating             item=595d43ef2b66a03cefe6e257 : 200
INFO            | Updating             item=595d43ef2b66a03cefe6e258 : 200
INFO            | Updating             item=595d43ef2b66a03cefe6e259 : 200
INFO            | Updating             item=595d43ef2b66a03cefe6e25a : 200
INFO            | Updating             item=595d43ef2b66a03cefe6e25b : 200
INFO            | Updating             item=595d43ef2b66a03cefe6e25c : 200
INFO            | Updating             item=595d43ef2b66a03cefe6e25d : 200
INFO            | Updating             item=595d43ef2b66a03cefe6e25e : 200
INFO            | Updating             item=595d43ef2b66a03cefe6e25f : 200
INFO            | Updating             item=595d43ef2b66a03cefe6e260 : 200
INFO            | Updating             item=595d43ef2b66a03cefe6e261 : 200
INFO            | Updating             item=595d43ef2b66a03cefe6e262 : 200
INFO            | Updating             item=595d43ef2b66a03cefe6e263 : 200
INFO            | Updating             item=595d43ef2b66a03cefe6e264 : 200
INFO            | Updating             item=595d43ef2b66a03cefe6e265 : 200
INFO            | Updating             item=595d43ef2b66a03cefe6e266 : 200
INFO            | Updating             item=595d43ef2b66a03cefe6e267 : 200
INFO            | Updating             item=595d43ef2b66a03cefe6e268 : 200
INFO            | Updating             item=595d43ef2b66a03cefe6e269 : 200
INFO            | Updating             item=595d43ef2b66a03cefe6e26a : 200
INFO            | Updating             item=595d43ef2b66a03cefe6e26b : 200
INFO            | Updating             item=595d43ef2b66a03cefe6e26c : 200
INFO            | Updating             item=595d43ef2b66a03cefe6e26d : 200
INFO            | Updating             item=595d43ef2b66a03cefe6e26e : 200
INFO            | Updating             item=595d43ef2b66a03cefe6e26f : 200
INFO            | Updating             item=595d43ef2b66a03cefe6e270 : 200
INFO            | Updating             item=595d43ef2b66a03cefe6e271 : 200
INFO            | Updating             item=595d43ef2b66a03cefe6e272 : 200
INFO            | Updating             item=595d43ef2b66a03cefe6e273 : 200
INFO            | Updating             item=595d43ef2b66a03cefe6e274 : 200
INFO            | Updating             item=595d43ef2b66a03cefe6e275 : 200
INFO            | Updating             item=595d43ef2b66a03cefe6e276 : 200
INFO            | Updating             item=595d43ef2b66a03cefe6e277 : 200
INFO            | Updating             item=595d43ef2b66a03cefe6e278 : 200
INFO            | Updating             item=595d43ef2b66a03cefe6e279 : 200
INFO            | Updating             item=595d43ef2b66a03cefe6e27a : 200
WARN            | Names differ for     item=595d43ef2b66a03cefe6e27b. New name=Ken's Steak House Lite Northern Italian Salad Dressing With Basil and Romano, 24 oz., old name=Ken's Steak House Lite Northern Italian Salad Dressing With Basil and Romano, 24 oz.. Updating name.
INFO            | Names differ for     item=595d43ef2b66a03cefe6e27b. New name=Ken's Steak House Lite Northern Italian Salad Dressing With Basil and Romano, 24 oz., old name=Ken's Steak House Lite Northern Italian Salad Dressing With Basil and Romano, 24 oz.. Updating name.
INFO            | Updating             item=595d43ef2b66a03cefe6e27c : 200
INFO            | Updating             item=595d43ef2b66a03cefe6e27d : 200
INFO            | Updating             item=595d43ef2b66a03cefe6e27e : 200
INFO            | Updating             item=595d43ef2b66a03cefe6e27f : 200
INFO            | Updating             item=595d43ef2b66a03cefe6e280 : 200
INFO            | Updating             item=595d43ef2b66a03cefe6e281 : 200
INFO            | Updating             item=595d43ef2b66a03cefe6e282 : 200
INFO            | Updating             item=595d43ef2b66a03cefe6e283 : 200
INFO            | Updating             item=595d43ef2b66a03cefe6e284 : 200
INFO            | Updating             item=595d43ef2b66a03cefe6e285 : 200
INFO            | Updating             item=595d43ef2b66a03cefe6e286 : 200
INFO            | Updating             item=595d43ef2b66a03cefe6e287 : 200
INFO            | Updating             item=595d43ef2b66a03cefe6e288 : 200
INFO            | Updating             item=595d43ef2b66a03cefe6e289 : 200
INFO            | Updating             item=595d43ef2b66a03cefe6e28a : 200
INFO            | Updating             item=595d43ef2b66a03cefe6e28b : 200
INFO            | Updating             item=595d43ef2b66a03cefe6e28c : 200
INFO            | Updating             item=595d43ef2b66a03cefe6e28d : 200
INFO            | Updating             item=595d43ef2b66a03cefe6e28e : 200
INFO            | Updating             item=595d43ef2b66a03cefe6e28f : 200
INFO            | Updating             item=595d43ef2b66a03cefe6e290 : 200
INFO            | Updating             item=595d43ef2b66a03cefe6e291 : 200
INFO            | Updating             item=595d43ef2b66a03cefe6e292 : 200
INFO            | Updating             item=595d43ef2b66a03cefe6e293 : 200
INFO            | Updating             item=595d43ef2b66a03cefe6e294 : 200
INFO            | Updating             item=595d43ef2b66a03cefe6e295 : 200
INFO            | Updating             item=595d43ef2b66a03cefe6e296 : 200
WARN            | Names differ for     item=595d43ef2b66a03cefe6e297. New name=Bertolli Extra Light Tasting Olive Oil, 51 fl. oz., old name=Bertolli Extra Light Tasting Olive Oil, 51 fl. oz.. Updating name.
INFO            | Names differ for     item=595d43ef2b66a03cefe6e297. New name=Bertolli Extra Light Tasting Olive Oil, 51 fl. oz., old name=Bertolli Extra Light Tasting Olive Oil, 51 fl. oz.. Updating name.
INFO            | Updating             item=595d43ef2b66a03cefe6e298 : 200
INFO            | Updating             item=595d43ef2b66a03cefe6e299 : 200
INFO            | Updating             item=595d43ef2b66a03cefe6e29a : 200
INFO            | Updating             item=595d43ef2b66a03cefe6e29b : 200
INFO            | Updating             item=595d43ef2b66a03cefe6e29c : 200
INFO            | Updating             item=595d43ef2b66a03cefe6e29d : 200
INFO            | Updating             item=595d43ef2b66a03cefe6e29e : 200
INFO            | Updating             item=595d43ef2b66a03cefe6e29f : 200
INFO            | Updating             item=595d43ef2b66a03cefe6e2a0 : 200
INFO            | Updating             item=595d43ef2b66a03cefe6e2a1 : 200
INFO            | Updating             item=595d43ef2b66a03cefe6e2a2 : 200
INFO            | Updating             item=595d43ef2b66a03cefe6e2a3 : 200
INFO            | Updating             item=595d43ef2b66a03cefe6e2a4 : 200
INFO            | Updating             item=595d43ef2b66a03cefe6e2a5 : 200
INFO            | Updating             item=595d43ef2b66a03cefe6e2a6 : 200
INFO            | Updating             item=595d43ef2b66a03cefe6e2a7 : 200
INFO            | Updating             item=595d43ef2b66a03cefe6e2a8 : 200
INFO            | Updating             item=595d43ef2b66a03cefe6e2a9 : 200
INFO            | Updating             item=595d43ef2b66a03cefe6e2aa : 200
INFO            | Updating             item=595d43ef2b66a03cefe6e2ab : 200
INFO            | Updating             item=595d43ef2b66a03cefe6e2ac : 200
INFO            | Updating             item=595d43ef2b66a03cefe6e2ad : 200
INFO            | Updating             item=595d43ef2b66a03cefe6e2ae : 200
INFO            | Updating             item=595d43ef2b66a03cefe6e2af : 200
INFO            | Updating             item=595d43ef2b66a03cefe6e2b0 : 200
INFO            | Updating             item=595d43ef2b66a03cefe6e2b1 : 200
INFO            | Updating             item=595d43ef2b66a03cefe6e2b2 : 200
INFO            | Updating             item=595d43ef2b66a03cefe6e2b3 : 200
INFO            | Updating             item=595d43ef2b66a03cefe6e2b4 : 200
INFO            | Updating             item=595d43ef2b66a03cefe6e2b5 : 200
INFO            | Item not available   item=595d43ed2b66a03cefe6e0da
INFO            | Updating             item=595d43ef2b66a03cefe6e2b6 : 200
INFO            | Item not available   item=595d43ed2b66a03cefe6e0da
INFO            | Updating             item=595d43ef2b66a03cefe6e2b7 : 200
INFO            | Updating             item=595d43ef2b66a03cefe6e2b8 : 200
INFO            | Updating             item=595d43ef2b66a03cefe6e2b9 : 200
INFO            | Updating             item=595d43ef2b66a03cefe6e2ba : 200
INFO            | Updating             item=595d43ef2b66a03cefe6e2bb : 200
INFO            | Updating             item=595d43ef2b66a03cefe6e2bc : 200
INFO            | Updating             item=595d43ef2b66a03cefe6e2bd : 200
INFO            | Updating             item=595d43ef2b66a03cefe6e2be : 200
INFO            | Updating             item=595d43ef2b66a03cefe6e2bf : 200
INFO            | Updating             item=595d43ef2b66a03cefe6e2c0 : 200
INFO            | Updating             item=595d43ef2b66a03cefe6e2c1 : 200
INFO            | Updating             item=595d43ef2b66a03cefe6e2c2 : 200
INFO            | Updating             item=595d43ef2b66a03cefe6e2c3 : 200
INFO            | Updating             item=595d43ef2b66a03cefe6e2c4 : 200
INFO            | Updating             item=595d43ef2b66a03cefe6e2c5 : 200
INFO            | Updating             item=595d43ef2b66a03cefe6e2c6 : 200
INFO            | Updating             item=595d43ef2b66a03cefe6e2c7 : 200
INFO            | Updating             item=595d43ef2b66a03cefe6e2c8 : 200
INFO            | Updating             item=595d43ef2b66a03cefe6e2c9 : 200
INFO            | Updating             item=595d43ef2b66a03cefe6e2ca : 200
INFO            | Updating             item=595d43ef2b66a03cefe6e2cb : 200
INFO            | Updating             item=595d43ef2b66a03cefe6e2cc : 200
INFO            | Updating             item=595d43ef2b66a03cefe6e2cd : 200
INFO            | Updating             item=595d43ef2b66a03cefe6e2ce : 200
INFO            | Updating             item=595d43ef2b66a03cefe6e2cf : 200
INFO            | Updating             item=595d43ef2b66a03cefe6e2d0 : 200
INFO            | Updating             item=595d43ef2b66a03cefe6e2d1 : 200
INFO            | Updating             item=595d43ef2b66a03cefe6e2d2 : 200
INFO            | Updating             item=595d43ef2b66a03cefe6e2d3 : 200
INFO            | Updating             item=595d43ef2b66a03cefe6e2d4 : 200
INFO            | Updating             item=595d43ef2b66a03cefe6e2d5 : 200
INFO            | Updating             item=595d43ef2b66a03cefe6e2d6 : 200
INFO            | Updating             item=595d43ef2b66a03cefe6e2d7 : 200
INFO            | Updating             item=595d43ef2b66a03cefe6e2d8 : 200
INFO            | Updating             item=595d43ef2b66a03cefe6e2d9 : 200
INFO            | Updating             item=595d43ef2b66a03cefe6e2da : 200
INFO            | Updating             item=595d43ef2b66a03cefe6e2db : 200
INFO            | Updating             item=595d43ef2b66a03cefe6e2dc : 200
INFO            | Updating             item=595d43ef2b66a03cefe6e2dd : 200
INFO            | Updating             item=595d43ef2b66a03cefe6e2de : 200
INFO            | Updating             item=595d43ef2b66a03cefe6e2df : 200
INFO            | Updating             item=595d43ef2b66a03cefe6e2e0 : 200
INFO            | Updating             item=595d43ef2b66a03cefe6e2e1 : 200
INFO            | Updating             item=595d43ef2b66a03cefe6e2e2 : 200
INFO            | Updating             item=595d43ef2b66a03cefe6e2e3 : 200
INFO            | Updating             item=595d43ef2b66a03cefe6e2e4 : 200
INFO            | Updating             item=595d43ef2b66a03cefe6e2e5 : 200
INFO            | Updating             item=595d43ef2b66a03cefe6e2e6 : 200
INFO            | Updating             item=595d43ef2b66a03cefe6e2e7 : 200
INFO            | Updating             item=595d43ef2b66a03cefe6e2e8 : 200
INFO            | Updating             item=595d43ef2b66a03cefe6e2e9 : 200
INFO            | Updating             item=595d43ef2b66a03cefe6e2ea : 200
INFO            | Updating             item=595d43ef2b66a03cefe6e2eb : 200
INFO            | Updating             item=595d43ef2b66a03cefe6e2ec : 200
INFO            | Updating             item=595d43ef2b66a03cefe6e2ed : 200
INFO            | Updating             item=595d43ef2b66a03cefe6e2ee : 200
INFO            | Updating             item=595d43ef2b66a03cefe6e2ef : 200
INFO            | Updating             item=595d43ef2b66a03cefe6e2f0 : 200
INFO            | Updating             item=595d43ef2b66a03cefe6e2f1 : 200
INFO            | Updating             item=595d43ef2b66a03cefe6e2f2 : 200
INFO            | Updating             item=595d43ef2b66a03cefe6e2f3 : 200
INFO            | Updating             item=595d43ef2b66a03cefe6e2f4 : 200
INFO            | Updating             item=595d43ef2b66a03cefe6e2f5 : 200
INFO            | Updating             item=595d43ef2b66a03cefe6e2f6 : 200
INFO            | Updating             item=595d43ef2b66a03cefe6e2f7 : 200
INFO            | Updating             item=595d43ef2b66a03cefe6e2f8 : 200
INFO            | Updating             item=595d43ef2b66a03cefe6e2f9 : 200
INFO            | Updating             item=595d43ef2b66a03cefe6e2fa : 200
INFO            | Updating             item=595d43ef2b66a03cefe6e2fb : 200
INFO            | Updating             item=595d43ef2b66a03cefe6e2fc : 200
INFO            | Updating             item=595d43ef2b66a03cefe6e2fd : 200
INFO            | Updating             item=595d43ef2b66a03cefe6e2fe : 200
INFO            | Updating             item=595d43ef2b66a03cefe6e2ff : 200
INFO            | Updating             item=595d43ef2b66a03cefe6e300 : 200
INFO            | Updating             item=595d43ef2b66a03cefe6e301 : 200
INFO            | Updating             item=595d43ef2b66a03cefe6e302 : 200
INFO            | Updating             item=595d43ef2b66a03cefe6e303 : 200
INFO            | Updating             item=595d43ef2b66a03cefe6e304 : 200
INFO            | Updating             item=595d43ef2b66a03cefe6e305 : 200
INFO            | Updating             item=595d43ef2b66a03cefe6e306 : 200
INFO            | Updating             item=595d43ef2b66a03cefe6e307 : 200
INFO            | Updating             item=595d43ef2b66a03cefe6e308 : 200
INFO            | Updating             item=595d43f02b66a03cefe6e309 : 200
INFO            | Updating             item=595d43f02b66a03cefe6e30a : 200
INFO            | Updating             item=595d43f02b66a03cefe6e30b : 200
INFO            | Updating             item=595d43f02b66a03cefe6e30c : 200
INFO            | Updating             item=595d43f02b66a03cefe6e30d : 200
INFO            | Updating             item=595d43f02b66a03cefe6e30e : 200
INFO            | Updating             item=595d43f02b66a03cefe6e30f : 200
INFO            | Updating             item=595d43f02b66a03cefe6e310 : 200
INFO            | Updating             item=595d43f02b66a03cefe6e311 : 200
INFO            | Updating             item=595d43f02b66a03cefe6e312 : 200
INFO            | Updating             item=595d43f02b66a03cefe6e313 : 200
INFO            | Updating             item=595d43f02b66a03cefe6e314 : 200
INFO            | Updating             item=595d43f02b66a03cefe6e315 : 200
INFO            | Updating             item=595d43f02b66a03cefe6e316 : 200
INFO            | Updating             item=595d43f02b66a03cefe6e317 : 200
INFO            | Updating             item=595d43f02b66a03cefe6e318 : 200
INFO            | Updating             item=595d43f02b66a03cefe6e319 : 200
INFO            | Updating             item=595d43f02b66a03cefe6e31a : 200
INFO            | Updating             item=595d43f02b66a03cefe6e31b : 200
INFO            | Updating             item=595d43f02b66a03cefe6e31c : 200
INFO            | Updating             item=595d43f02b66a03cefe6e31d : 200
INFO            | Updating             item=595d43f02b66a03cefe6e31e : 200
INFO            | Updating             item=595d43f02b66a03cefe6e31f : 200
INFO            | Updating             item=595d43f02b66a03cefe6e320 : 200
INFO            | Updating             item=595d43f02b66a03cefe6e321 : 200
INFO            | Updating             item=595d43f02b66a03cefe6e322 : 200
INFO            | Updating             item=595d43f02b66a03cefe6e323 : 200
INFO            | Updating             item=595d43f02b66a03cefe6e324 : 200
INFO            | Updating             item=595d43f02b66a03cefe6e325 : 200
INFO            | Updating             item=595d43f02b66a03cefe6e326 : 200
INFO            | Updating             item=595d43f02b66a03cefe6e327 : 200
INFO            | Updating             item=595d43f02b66a03cefe6e328 : 200
INFO            | Updating             item=595d43f02b66a03cefe6e329 : 200
INFO            | Updating             item=595d43f02b66a03cefe6e32a : 200
INFO            | Updating             item=595d43f02b66a03cefe6e32b : 200
WARN            | Names differ for     item=595d43f02b66a03cefe6e32c. New name=Nabisco Teddy Soft Bakes Chocolate Filling Snacks, 24 ct., old name=Nabisco Teddy Soft Bakes Chocolate Filling Snacks, 24 ct.. Updating name.
INFO            | Names differ for     item=595d43f02b66a03cefe6e32c. New name=Nabisco Teddy Soft Bakes Chocolate Filling Snacks, 24 ct., old name=Nabisco Teddy Soft Bakes Chocolate Filling Snacks, 24 ct.. Updating name.
INFO            | Updating             item=595d43f02b66a03cefe6e32d : 200
INFO            | Updating             item=595d43f02b66a03cefe6e32e : 200
INFO            | Updating             item=595d43f02b66a03cefe6e32f : 200
INFO            | Updating             item=595d43f02b66a03cefe6e330 : 200
INFO            | Updating             item=595d43f02b66a03cefe6e331 : 200
INFO            | Updating             item=595d43f02b66a03cefe6e332 : 200
INFO            | Updating             item=595d43f02b66a03cefe6e333 : 200
INFO            | Updating             item=595d43f02b66a03cefe6e334 : 200
INFO            | Updating             item=595d43f02b66a03cefe6e335 : 200
INFO            | Updating             item=595d43f02b66a03cefe6e336 : 200
INFO            | Updating             item=595d43f02b66a03cefe6e337 : 200
INFO            | Updating             item=595d43f02b66a03cefe6e338 : 200
INFO            | Updating             item=595d43f02b66a03cefe6e339 : 200
INFO            | Updating             item=595d43f02b66a03cefe6e33a : 200
INFO            | Updating             item=595d43f02b66a03cefe6e33b : 200
INFO            | Updating             item=595d43f02b66a03cefe6e33c : 200
INFO            | Item not available   item=595d43ed2b66a03cefe6e0da
INFO            | Item not available   item=595d43ed2b66a03cefe6e0da
INFO            | Item not available   item=595d43ed2b66a03cefe6e0da
INFO            | Item not available   item=595d43ed2b66a03cefe6e0da
INFO            | Item not available   item=595d43ed2b66a03cefe6e0da
INFO            | Updating             item=595d43f02b66a03cefe6e33d : 200
INFO            | Updating             item=595d43f02b66a03cefe6e33e : 200
INFO            | Updating             item=595d43f02b66a03cefe6e33f : 200
INFO            | Updating             item=595d43f02b66a03cefe6e340 : 200
INFO            | Updating             item=595d43f02b66a03cefe6e341 : 200
INFO            | Updating             item=595d43f02b66a03cefe6e342 : 200
INFO            | Updating             item=595d43f02b66a03cefe6e343 : 200
INFO            | Updating             item=595d43f02b66a03cefe6e344 : 200
WARN            | Names differ for     item=595d43f02b66a03cefe6e345. New name=Trident Layers Sugar-Free Wild Strawberry & Tangy Citrus Gum, 14 Pieces - 10 pk., old name=Trident Layers Sugar-Free Wild Strawberry & Tangy Citrus Gum, 14 Pieces - 10 pk.. Updating name.
INFO            | Names differ for     item=595d43f02b66a03cefe6e345. New name=Trident Layers Sugar-Free Wild Strawberry & Tangy Citrus Gum, 14 Pieces - 10 pk., old name=Trident Layers Sugar-Free Wild Strawberry & Tangy Citrus Gum, 14 Pieces - 10 pk.. Updating name.
INFO            | Updating             item=595d43f02b66a03cefe6e346 : 200
INFO            | Updating             item=595d43f02b66a03cefe6e347 : 200
INFO            | Updating             item=595d43f02b66a03cefe6e348 : 200
INFO            | Updating             item=595d43f02b66a03cefe6e349 : 200
INFO            | Updating             item=595d43f02b66a03cefe6e34a : 200
INFO            | Updating             item=595d43f02b66a03cefe6e34b : 200
INFO            | Updating             item=595d43f02b66a03cefe6e34c : 200
INFO            | Updating             item=595d43f02b66a03cefe6e34d : 200
INFO            | Updating             item=595d43f02b66a03cefe6e34e : 200
INFO            | Updating             item=595d43f02b66a03cefe6e34f : 200
INFO            | Updating             item=595d43f02b66a03cefe6e350 : 200
INFO            | Updating             item=595d43f02b66a03cefe6e351 : 200
INFO            | Updating             item=595d43f02b66a03cefe6e352 : 200
INFO            | Updating             item=595d43f02b66a03cefe6e353 : 200
INFO            | Updating             item=595d43f02b66a03cefe6e354 : 200
INFO            | Updating             item=595d43f02b66a03cefe6e355 : 200
INFO            | Updating             item=595d43f02b66a03cefe6e356 : 200
INFO            | Updating             item=595d43f02b66a03cefe6e357 : 200
INFO            | Updating             item=595d43f02b66a03cefe6e358 : 200
INFO            | Updating             item=595d43f02b66a03cefe6e359 : 200
INFO            | Updating             item=595d43f02b66a03cefe6e35a : 200
INFO            | Updating             item=595d43f02b66a03cefe6e35b : 200
INFO            | Updating             item=595d43f02b66a03cefe6e35c : 200
INFO            | Updating             item=595d43f02b66a03cefe6e35d : 200
INFO            | Updating             item=595d43f02b66a03cefe6e35e : 200
INFO            | Updating             item=595d43f02b66a03cefe6e35f : 200
INFO            | Updating             item=595d43f02b66a03cefe6e360 : 200
INFO            | Updating             item=595d43f02b66a03cefe6e361 : 200
INFO            | Updating             item=595d43f02b66a03cefe6e362 : 200
INFO            | Updating             item=595d43f02b66a03cefe6e363 : 200
INFO            | Updating             item=595d43f02b66a03cefe6e364 : 200
INFO            | Updating             item=595d43f02b66a03cefe6e365 : 200
INFO            | Updating             item=595d43f02b66a03cefe6e366 : 200
INFO            | Updating             item=595d43f02b66a03cefe6e367 : 200
INFO            | Updating             item=595d43f02b66a03cefe6e368 : 200
INFO            | Updating             item=595d43f02b66a03cefe6e369 : 200
INFO            | Updating             item=595d43f02b66a03cefe6e36a : 200
INFO            | Updating             item=595d43f02b66a03cefe6e36b : 200
INFO            | Updating             item=595d43f02b66a03cefe6e36c : 200
INFO            | Updating             item=595d43f02b66a03cefe6e36d : 200
INFO            | Updating             item=595d43f02b66a03cefe6e36e : 200
INFO            | Updating             item=595d43f02b66a03cefe6e36f : 200
INFO            | Updating             item=595d43f02b66a03cefe6e370 : 200
INFO            | Updating             item=595d43f02b66a03cefe6e371 : 200
INFO            | Updating             item=595d43f02b66a03cefe6e372 : 200
INFO            | Updating             item=595d43f02b66a03cefe6e373 : 200
INFO            | Updating             item=595d43f02b66a03cefe6e374 : 200
INFO            | Updating             item=595d43f02b66a03cefe6e375 : 200
INFO            | Updating             item=595d43f02b66a03cefe6e376 : 200
INFO            | Updating             item=595d43f02b66a03cefe6e377 : 200
INFO            | Updating             item=595d43f02b66a03cefe6e378 : 200
INFO            | Updating             item=595d43f02b66a03cefe6e379 : 200
INFO            | Updating             item=595d43f02b66a03cefe6e37a : 200
INFO            | Updating             item=595d43f02b66a03cefe6e37b : 200
INFO            | Updating             item=595d43f02b66a03cefe6e37c : 200
INFO            | Updating             item=595d43f02b66a03cefe6e37d : 200
INFO            | Updating             item=595d43f02b66a03cefe6e37e : 200
INFO            | Updating             item=595d43f02b66a03cefe6e37f : 200
INFO            | Updating             item=595d43f02b66a03cefe6e380 : 200
INFO            | Updating             item=595d43f02b66a03cefe6e381 : 200
INFO            | Updating             item=595d43f02b66a03cefe6e382 : 200
INFO            | Updating             item=595d43f02b66a03cefe6e383 : 200
INFO            | Updating             item=595d43f02b66a03cefe6e384 : 200
INFO            | Updating             item=595d43f02b66a03cefe6e385 : 200
INFO            | Updating             item=595d43f02b66a03cefe6e386 : 200
INFO            | Updating             item=595d43f02b66a03cefe6e387 : 200
INFO            | Updating             item=595d43f02b66a03cefe6e388 : 200
INFO            | Updating             item=595d43f02b66a03cefe6e389 : 200
INFO            | Updating             item=595d43f02b66a03cefe6e38a : 200
INFO            | Updating             item=595d43f02b66a03cefe6e38b : 200
INFO            | Updating             item=595d43f02b66a03cefe6e38c : 200
INFO            | Updating             item=595d43f02b66a03cefe6e38d : 200
INFO            | Updating             item=595d43f02b66a03cefe6e38e : 200
INFO            | Updating             item=595d43f02b66a03cefe6e38f : 200
INFO            | Updating             item=595d43f02b66a03cefe6e390 : 200
INFO            | Updating             item=595d43f02b66a03cefe6e391 : 200
INFO            | Updating             item=595d43f02b66a03cefe6e392 : 200
INFO            | Updating             item=595d43f02b66a03cefe6e393 : 200
INFO            | Updating             item=595d43f02b66a03cefe6e394 : 200
INFO            | Updating             item=595d43f02b66a03cefe6e395 : 200
INFO            | Updating             item=595d43f02b66a03cefe6e396 : 200
INFO            | Updating             item=595d43f02b66a03cefe6e397 : 200
INFO            | Updating             item=595d43f02b66a03cefe6e398 : 200
INFO            | Updating             item=595d43f02b66a03cefe6e399 : 200
INFO            | Updating             item=595d43f02b66a03cefe6e39a : 200
INFO            | Updating             item=595d43f02b66a03cefe6e39b : 200
INFO            | Updating             item=595d43f02b66a03cefe6e39c : 200
INFO            | Updating             item=595d43f02b66a03cefe6e39d : 200
INFO            | Updating             item=595d43f02b66a03cefe6e39e : 200
INFO            | Updating             item=595d43f02b66a03cefe6e39f : 200
INFO            | Updating             item=595d43f02b66a03cefe6e3a0 : 200
INFO            | Updating             item=595d43f02b66a03cefe6e3a1 : 200
INFO            | Updating             item=595d43f02b66a03cefe6e3a2 : 200
INFO            | Updating             item=595d43f02b66a03cefe6e3a3 : 200
INFO            | Updating             item=595d43f02b66a03cefe6e3a4 : 200
INFO            | Updating             item=595d43f02b66a03cefe6e3a5 : 200
INFO            | Updating             item=595d43f02b66a03cefe6e3a6 : 200
INFO            | Updating             item=595d43f02b66a03cefe6e3a7 : 200
INFO            | Updating             item=595d43f02b66a03cefe6e3a8 : 200
INFO            | Updating             item=595d43f02b66a03cefe6e3a9 : 200
INFO            | Updating             item=595d43f02b66a03cefe6e3aa : 200
INFO            | Updating             item=595d43f02b66a03cefe6e3ab : 200
INFO            | Updating             item=595d43f02b66a03cefe6e3ac : 200
INFO            | Updating             item=595d43f02b66a03cefe6e3ad : 200
INFO            | Updating             item=595d43f02b66a03cefe6e3ae : 200
INFO            | Updating             item=595d43f02b66a03cefe6e3af : 200
INFO            | Updating             item=595d43f02b66a03cefe6e3b0 : 200
WARN            | Names differ for     item=595d43f02b66a03cefe6e3b1. New name=Hampton Farms Super Extra Large Extra Crunchy Salted Roasted Peanuts, 40 oz., old name=Hampton Farms Super Extra Large Extra Crunchy Salted Roasted Peanuts, 40 oz.. Updating name.
INFO            | Names differ for     item=595d43f02b66a03cefe6e3b1. New name=Hampton Farms Super Extra Large Extra Crunchy Salted Roasted Peanuts, 40 oz., old name=Hampton Farms Super Extra Large Extra Crunchy Salted Roasted Peanuts, 40 oz.. Updating name.
INFO            | Updating             item=595d43f02b66a03cefe6e3b2 : 200
INFO            | Updating             item=595d43f02b66a03cefe6e3b3 : 200
INFO            | Updating             item=595d43f02b66a03cefe6e3b4 : 200
INFO            | Updating             item=595d43f02b66a03cefe6e3b5 : 200
INFO            | Updating             item=595d43f02b66a03cefe6e3b6 : 200
INFO            | Updating             item=595d43f02b66a03cefe6e3b7 : 200
INFO            | Updating             item=595d43f02b66a03cefe6e3b8 : 200
INFO            | Updating             item=595d43f02b66a03cefe6e3b9 : 200
INFO            | Updating             item=595d43f02b66a03cefe6e3ba : 200
INFO            | Updating             item=595d43f02b66a03cefe6e3bb : 200
INFO            | Updating             item=595d43f02b66a03cefe6e3bc : 200
INFO            | Updating             item=595d43f02b66a03cefe6e3bd : 200
INFO            | Updating             item=595d43f02b66a03cefe6e3be : 200
INFO            | Updating             item=595d43f02b66a03cefe6e3bf : 200
INFO            | Updating             item=595d43f02b66a03cefe6e3c0 : 200
INFO            | Updating             item=595d43f02b66a03cefe6e3c1 : 200
INFO            | Updating             item=595d43f02b66a03cefe6e3c2 : 200
INFO            | Updating             item=595d43f02b66a03cefe6e3c3 : 200
INFO            | Updating             item=595d43f02b66a03cefe6e3c4 : 200
INFO            | Updating             item=595d43f02b66a03cefe6e3c5 : 200
INFO            | Updating             item=595d43f02b66a03cefe6e3c6 : 200
INFO            | Updating             item=595d43f02b66a03cefe6e3c7 : 200
INFO            | Updating             item=595d43f02b66a03cefe6e3c8 : 200
INFO            | Updating             item=595d43f02b66a03cefe6e3c9 : 200
INFO            | Updating             item=595d43f02b66a03cefe6e3ca : 200
INFO            | Updating             item=595d43f02b66a03cefe6e3cb : 200
INFO            | Updating             item=595d43f02b66a03cefe6e3cc : 200
INFO            | Updating             item=595d43f02b66a03cefe6e3cd : 200
INFO            | Updating             item=595d43f02b66a03cefe6e3ce : 200
INFO            | Updating             item=595d43f02b66a03cefe6e3cf : 200
INFO            | Updating             item=595d43f02b66a03cefe6e3d0 : 200
INFO            | Updating             item=595d43f02b66a03cefe6e3d1 : 200
INFO            | Updating             item=595d43f02b66a03cefe6e3d2 : 200
INFO            | Updating             item=595d43f02b66a03cefe6e3d3 : 200
INFO            | Updating             item=595d43f02b66a03cefe6e3d4 : 200
INFO            | Updating             item=595d43f02b66a03cefe6e3d5 : 200
INFO            | Updating             item=595d43f02b66a03cefe6e3d6 : 200
INFO            | Updating             item=595d43f02b66a03cefe6e3d7 : 200
INFO            | Updating             item=595d43f02b66a03cefe6e3d8 : 200
INFO            | Updating             item=595d43f02b66a03cefe6e3d9 : 200
INFO            | Updating             item=595d43f02b66a03cefe6e3da : 200
INFO            | Updating             item=595d43f12b66a03cefe6e3db : 200
INFO            | Updating             item=595d43f12b66a03cefe6e3dc : 200
INFO            | Updating             item=595d43f12b66a03cefe6e3dd : 200
INFO            | Updating             item=595d43f12b66a03cefe6e3de : 200
INFO            | Updating             item=595d43f12b66a03cefe6e3df : 200
INFO            | Updating             item=595d43f12b66a03cefe6e3e0 : 200
INFO            | Updating             item=595d43f12b66a03cefe6e3e1 : 200
INFO            | Updating             item=595d43f12b66a03cefe6e3e2 : 200
INFO            | Updating             item=595d43f12b66a03cefe6e3e3 : 200
INFO            | Updating             item=595d43f12b66a03cefe6e3e4 : 200
INFO            | Updating             item=595d43f12b66a03cefe6e3e5 : 200
INFO            | Updating             item=595d43f12b66a03cefe6e3e6 : 200
INFO            | Updating             item=595d43f12b66a03cefe6e3e7 : 200
INFO            | Updating             item=595d43f12b66a03cefe6e3e8 : 200
INFO            | Updating             item=595d43f12b66a03cefe6e3e9 : 200
INFO            | Updating             item=595d43f12b66a03cefe6e3ea : 200
INFO            | Updating             item=595d43f12b66a03cefe6e3eb : 200
INFO            | Updating             item=595d43f12b66a03cefe6e3ec : 200
INFO            | Updating             item=595d43f12b66a03cefe6e3ed : 200
INFO            | Updating             item=595d43f12b66a03cefe6e3ee : 200
INFO            | Updating             item=595d43f12b66a03cefe6e3ef : 200
INFO            | Updating             item=595d43f12b66a03cefe6e3f0 : 200
INFO            | Updating             item=595d43f12b66a03cefe6e3f1 : 200
INFO            | Updating             item=595d43f12b66a03cefe6e3f2 : 200
INFO            | Updating             item=595d43f12b66a03cefe6e3f3 : 200
INFO            | Updating             item=595d43f12b66a03cefe6e3f4 : 200
INFO            | Updating             item=595d43f12b66a03cefe6e3f5 : 200
INFO            | Updating             item=595d43f12b66a03cefe6e3f6 : 200
INFO            | Updating             item=595d43f12b66a03cefe6e3f7 : 200
INFO            | Updating             item=595d43f12b66a03cefe6e3f8 : 200
INFO            | Updating             item=595d43f12b66a03cefe6e3f9 : 200
INFO            | Updating             item=595d43f12b66a03cefe6e3fa : 200
INFO            | Updating             item=595d43f12b66a03cefe6e3fb : 200
INFO            | Updating             item=595d43f12b66a03cefe6e3fc : 200
INFO            | Updating             item=595d43f12b66a03cefe6e3fd : 200
INFO            | Updating             item=595d43f12b66a03cefe6e3fe : 200
INFO            | Updating             item=595d43f12b66a03cefe6e3ff : 200
INFO            | Updating             item=595d43f12b66a03cefe6e400 : 200
INFO            | Updating             item=595d43f12b66a03cefe6e401 : 200
INFO            | Updating             item=595d43f12b66a03cefe6e402 : 200
INFO            | Updating             item=595d43f12b66a03cefe6e403 : 200
INFO            | Updating             item=595d43f12b66a03cefe6e404 : 200
INFO            | Updating             item=595d43f12b66a03cefe6e405 : 200
INFO            | Updating             item=595d43f12b66a03cefe6e406 : 200
INFO            | Updating             item=595d43f12b66a03cefe6e407 : 200
INFO            | Updating             item=595d43f12b66a03cefe6e408 : 200
INFO            | Updating             item=595d43f12b66a03cefe6e409 : 200
INFO            | Updating             item=595d43f12b66a03cefe6e40a : 200
INFO            | Updating             item=595d43f12b66a03cefe6e40c : 200
INFO            | Updating             item=595d43f12b66a03cefe6e40e : 200
INFO            | Updating             item=595d43f12b66a03cefe6e40f : 200
INFO            | Updating             item=595d43f12b66a03cefe6e410 : 200
INFO            | Updating             item=595d43f12b66a03cefe6e411 : 200
INFO            | Updating             item=595d43f12b66a03cefe6e412 : 200
INFO            | Updating             item=595d43f12b66a03cefe6e413 : 200
INFO            | Updating             item=595d43f12b66a03cefe6e414 : 200
INFO            | Updating             item=595d43f12b66a03cefe6e415 : 200
INFO            | Updating             item=595d43f12b66a03cefe6e416 : 200
INFO            | Updating             item=595d43f12b66a03cefe6e417 : 200
INFO            | Updating             item=595d43f12b66a03cefe6e418 : 200
INFO            | Updating             item=595d43f12b66a03cefe6e419 : 200
INFO            | Updating             item=595d43f12b66a03cefe6e41a : 200
INFO            | Updating             item=595d43f12b66a03cefe6e41b : 200
INFO            | Updating             item=595d43f12b66a03cefe6e41c : 200
INFO            | Updating             item=595d43f12b66a03cefe6e41d : 200
INFO            | Updating             item=595d43f12b66a03cefe6e41e : 200
INFO            | Updating             item=595d43f12b66a03cefe6e41f : 200
INFO            | Updating             item=595d43f12b66a03cefe6e420 : 200
INFO            | Updating             item=595d43f12b66a03cefe6e421 : 200
INFO            | Updating             item=595d43f12b66a03cefe6e422 : 200
INFO            | Updating             item=595d43f12b66a03cefe6e423 : 200
INFO            | Updating             item=595d43f12b66a03cefe6e424 : 200
INFO            | Updating             item=595d43f12b66a03cefe6e425 : 200
INFO            | Updating             item=595d43f12b66a03cefe6e426 : 200
INFO            | Updating             item=595d43f12b66a03cefe6e427 : 200
INFO            | Updating             item=595d43f12b66a03cefe6e428 : 200
INFO            | Updating             item=595d43f12b66a03cefe6e429 : 200
INFO            | Updating             item=595d43f12b66a03cefe6e42a : 200
INFO            | Updating             item=595d43f12b66a03cefe6e42b : 200
INFO            | Updating             item=595d43f12b66a03cefe6e42c : 200
INFO            | Updating             item=595d43f12b66a03cefe6e42d : 200
INFO            | Updating             item=595d43f12b66a03cefe6e42e : 200
INFO            | Updating             item=595d43f12b66a03cefe6e42f : 200
INFO            | Updating             item=595d43f12b66a03cefe6e430 : 200
WARN            | Names differ for     item=595d43f12b66a03cefe6e431. New name=Kellogg's Frosted Flakes and Froot Loops Cereal Variety Pack, 2 pk./29 oz., old name=Kellogg's Frosted Flakes and Froot Loops Cereal Variety Pack, 2 pk./29 oz.. Updating name.
INFO            | Names differ for     item=595d43f12b66a03cefe6e431. New name=Kellogg's Frosted Flakes and Froot Loops Cereal Variety Pack, 2 pk./29 oz., old name=Kellogg's Frosted Flakes and Froot Loops Cereal Variety Pack, 2 pk./29 oz.. Updating name.
INFO            | Updating             item=595d43f12b66a03cefe6e432 : 200
INFO            | Updating             item=595d43f12b66a03cefe6e433 : 200
INFO            | Updating             item=595d43f12b66a03cefe6e434 : 200
INFO            | Updating             item=595d43f12b66a03cefe6e435 : 200
INFO            | Updating             item=595d43f12b66a03cefe6e437 : 200
INFO            | Updating             item=595d43f12b66a03cefe6e438 : 200
WARN            | Names differ for     item=595d43f12b66a03cefe6e439. New name=General Mills Cereal Variety Pack, Lucky Charms, Cocoa Puffs, Trix, 3 pk., old name=General Mills Cereal Variety Pack, Lucky Charms, Cocoa Puffs, Trix, 3 pk.. Updating name.
INFO            | Names differ for     item=595d43f12b66a03cefe6e439. New name=General Mills Cereal Variety Pack, Lucky Charms, Cocoa Puffs, Trix, 3 pk., old name=General Mills Cereal Variety Pack, Lucky Charms, Cocoa Puffs, Trix, 3 pk.. Updating name.
INFO            | Updating             item=595d43f12b66a03cefe6e43a : 200
INFO            | Updating             item=595d43f12b66a03cefe6e43b : 200
INFO            | Updating             item=595d43f12b66a03cefe6e43c : 200
INFO            | Updating             item=595d43f12b66a03cefe6e43d : 200
INFO            | Updating             item=595d43f12b66a03cefe6e45e : 200
INFO            | Updating             item=595d43f12b66a03cefe6e45f : 200
INFO            | Updating             item=595d43f12b66a03cefe6e460 : 200
INFO            | Updating             item=595d43f12b66a03cefe6e461 : 200
INFO            | Updating             item=595d43f12b66a03cefe6e462 : 200
INFO            | Updating             item=595d43f12b66a03cefe6e463 : 200
INFO            | Updating             item=595d43f12b66a03cefe6e464 : 200
INFO            | Updating             item=595d43f12b66a03cefe6e465 : 200
INFO            | Updating             item=595d43f12b66a03cefe6e466 : 200
INFO            | Updating             item=595d43f12b66a03cefe6e467 : 200
INFO            | Updating             item=595d43f12b66a03cefe6e468 : 200
INFO            | Updating             item=595d43f12b66a03cefe6e469 : 200
INFO            | Updating             item=595d43f12b66a03cefe6e46a : 200
INFO            | Updating             item=595d43f12b66a03cefe6e46b : 200
INFO            | Updating             item=595d43f12b66a03cefe6e46c : 200
INFO            | Updating             item=595d43f12b66a03cefe6e46d : 200
INFO            | Updating             item=595d43f12b66a03cefe6e46e : 200
INFO            | Updating             item=595d43f12b66a03cefe6e46f : 200
INFO            | Updating             item=595d43f12b66a03cefe6e470 : 200
INFO            | Updating             item=595d43f12b66a03cefe6e471 : 200
INFO            | Updating             item=595d43f12b66a03cefe6e472 : 200
INFO            | Updating             item=595d43f12b66a03cefe6e473 : 200
INFO            | Updating             item=595d43f12b66a03cefe6e474 : 200
INFO            | Updating             item=595d43f12b66a03cefe6e475 : 200
INFO            | Updating             item=595d43f12b66a03cefe6e476 : 200
INFO            | Updating             item=595d43f12b66a03cefe6e477 : 200
INFO            | Updating             item=595d43f12b66a03cefe6e478 : 200
INFO            | Updating             item=595d43f12b66a03cefe6e479 : 200
INFO            | Updating             item=595d43f12b66a03cefe6e47a : 200
INFO            | Updating             item=595d43f12b66a03cefe6e47b : 200
WARN            | Names differ for     item=595d43f12b66a03cefe6e47c. New name=Weber Roasted Garlic & Herb Seasoning, 7.75 oz., old name=Weber Roasted Garlic & Herb Seasoning, 7.75 oz.. Updating name.
INFO            | Names differ for     item=595d43f12b66a03cefe6e47c. New name=Weber Roasted Garlic & Herb Seasoning, 7.75 oz., old name=Weber Roasted Garlic & Herb Seasoning, 7.75 oz.. Updating name.
INFO            | Updating             item=595d43f12b66a03cefe6e47d : 200
INFO            | Updating             item=595d43f12b66a03cefe6e47e : 200
INFO            | Updating             item=595d43f12b66a03cefe6e47f : 200
INFO            | Updating             item=595d43f12b66a03cefe6e480 : 200
INFO            | Updating             item=595d43f12b66a03cefe6e481 : 200
INFO            | Updating             item=595d43f12b66a03cefe6e482 : 200
INFO            | Updating             item=595d43f12b66a03cefe6e483 : 200
INFO            | Updating             item=595d43f12b66a03cefe6e484 : 200
INFO            | Updating             item=595d43f12b66a03cefe6e485 : 200
WARN            | Names differ for     item=595d43f22b66a03cefe6e486. New name=Lawry's Salt-Free Southwest Sweet & Smoky Seasoning, 13 oz., old name=Lawry's Salt-Free Southwest Sweet & Smoky Seasoning, 13 oz.. Updating name.
INFO            | Names differ for     item=595d43f22b66a03cefe6e486. New name=Lawry's Salt-Free Southwest Sweet & Smoky Seasoning, 13 oz., old name=Lawry's Salt-Free Southwest Sweet & Smoky Seasoning, 13 oz.. Updating name.
INFO            | Updating             item=595d43f22b66a03cefe6e487 : 200
INFO            | Updating             item=595d43f22b66a03cefe6e488 : 200
INFO            | Updating             item=595d43f22b66a03cefe6e489 : 200
INFO            | Updating             item=595d43f22b66a03cefe6e48b : 200
INFO            | Updating             item=595d43f22b66a03cefe6e48c : 200
INFO            | Updating             item=595d43f22b66a03cefe6e48d : 200
INFO            | Updating             item=595d43f22b66a03cefe6e48e : 200
INFO            | Updating             item=595d43f22b66a03cefe6e48f : 200
INFO            | Updating             item=595d43f22b66a03cefe6e490 : 200
INFO            | Updating             item=595d43f22b66a03cefe6e492 : 200
INFO            | Updating             item=595d43f22b66a03cefe6e493 : 200
INFO            | Updating             item=595d43f22b66a03cefe6e494 : 200
INFO            | Updating             item=595d43f22b66a03cefe6e495 : 200
INFO            | Updating             item=595d43f22b66a03cefe6e496 : 200
INFO            | Updating             item=595d43f22b66a03cefe6e497 : 200
INFO            | Updating             item=595d43f22b66a03cefe6e498 : 200
INFO            | Updating             item=595d43f22b66a03cefe6e499 : 200
INFO            | Updating             item=595d43f22b66a03cefe6e49a : 200
INFO            | Updating             item=595d43f22b66a03cefe6e49b : 200
INFO            | Updating             item=595d43f22b66a03cefe6e49c : 200
INFO            | Updating             item=595d43f22b66a03cefe6e49d : 200
INFO            | Updating             item=595d43f22b66a03cefe6e49e : 200
INFO            | Updating             item=595d43f22b66a03cefe6e49f : 200
INFO            | Updating             item=595d43f22b66a03cefe6e4a0 : 200
INFO            | Updating             item=595d43f22b66a03cefe6e4a1 : 200
INFO            | Updating             item=595d43f22b66a03cefe6e4a2 : 200
INFO            | Updating             item=595d43f22b66a03cefe6e4a3 : 200
INFO            | Updating             item=595d43f22b66a03cefe6e4a4 : 200
INFO            | Updating             item=595d43f22b66a03cefe6e4a5 : 200
INFO            | Updating             item=595d43f22b66a03cefe6e4a6 : 200
INFO            | Updating             item=595d43f22b66a03cefe6e4a7 : 200
INFO            | Updating             item=595d43f22b66a03cefe6e4a8 : 200
WARN            | Names differ for     item=595d43f22b66a03cefe6e4a9. New name=Kimberly-Clark Nonperforated Paper Towel Rolls, 8" x 423', 12 pk. - White, old name=Kimberly-Clark Nonperforated Paper Towel Rolls, 8" x 423', 12 pk. - White. Updating name.
INFO            | Names differ for     item=595d43f22b66a03cefe6e4a9. New name=Kimberly-Clark Nonperforated Paper Towel Rolls, 8" x 423', 12 pk. - White, old name=Kimberly-Clark Nonperforated Paper Towel Rolls, 8" x 423', 12 pk. - White. Updating name.
WARN            | Names differ for     item=595d43f22b66a03cefe6e4aa. New name=Georgia Pacific Sofpull Paper Towels, 7 3/4" x 15", 6 rolls/320 sheets - White, old name=Georgia Pacific Sofpull Paper Towels, 7 3/4" x 15", 6 rolls/320 sheets - White. Updating name.
INFO            | Names differ for     item=595d43f22b66a03cefe6e4aa. New name=Georgia Pacific Sofpull Paper Towels, 7 3/4" x 15", 6 rolls/320 sheets - White, old name=Georgia Pacific Sofpull Paper Towels, 7 3/4" x 15", 6 rolls/320 sheets - White. Updating name.
INFO            | Updating             item=595d43f22b66a03cefe6e4ab : 200
WARN            | Names differ for     item=595d43f22b66a03cefe6e4ac. New name=Georgia Pacific Envision Unperforated Paper Towel Roll, 7 7/8" x 350', 12 ct. - Brown, old name=Georgia Pacific Envision Unperforated Paper Towel Roll, 7 7/8" x 350', 12 ct. - Brown. Updating name.
INFO            | Names differ for     item=595d43f22b66a03cefe6e4ac. New name=Georgia Pacific Envision Unperforated Paper Towel Roll, 7 7/8" x 350', 12 ct. - Brown, old name=Georgia Pacific Envision Unperforated Paper Towel Roll, 7 7/8" x 350', 12 ct. - Brown. Updating name.
INFO            | Updating             item=595d43f22b66a03cefe6e4ad : 200
INFO            | Updating             item=595d43f22b66a03cefe6e4ae : 200
INFO            | Updating             item=595d43f22b66a03cefe6e4af : 200
INFO            | Updating             item=595d43f22b66a03cefe6e4b0 : 200
INFO            | Updating             item=595d43f22b66a03cefe6e4b1 : 200
INFO            | Updating             item=595d43f22b66a03cefe6e4b2 : 200
INFO            | Updating             item=595d43f22b66a03cefe6e4b3 : 200
INFO            | Updating             item=595d43f22b66a03cefe6e4b4 : 200
WARN            | Names differ for     item=595d43f22b66a03cefe6e4b5. New name=Georgia Pacific Acclaim C-Fold Paper Towels, 10 1/4" x 13 1/4", 12 ct./120 towels - White, old name=Georgia Pacific Acclaim C-Fold Paper Towels, 10 1/4" x 13 1/4", 12 ct./120 towels - White. Updating name.
INFO            | Names differ for     item=595d43f22b66a03cefe6e4b5. New name=Georgia Pacific Acclaim C-Fold Paper Towels, 10 1/4" x 13 1/4", 12 ct./120 towels - White, old name=Georgia Pacific Acclaim C-Fold Paper Towels, 10 1/4" x 13 1/4", 12 ct./120 towels - White. Updating name.
INFO            | Updating             item=595d43f22b66a03cefe6e4b6 : 200
WARN            | Names differ for     item=595d43f22b66a03cefe6e4b7. New name=Windsoft Nonperforated Paper Towel Rolls, 8" x 800', 12 ct. - Bleached White, old name=Windsoft Nonperforated Paper Towel Rolls, 8" x 800', 12 ct. - Bleached White. Updating name.
INFO            | Names differ for     item=595d43f22b66a03cefe6e4b7. New name=Windsoft Nonperforated Paper Towel Rolls, 8" x 800', 12 ct. - Bleached White, old name=Windsoft Nonperforated Paper Towel Rolls, 8" x 800', 12 ct. - Bleached White. Updating name.
WARN            | Names differ for     item=595d43f22b66a03cefe6e4b9. New name=Windsoft Perforated Paper Towel Rolls, 8 7/8" x 11", 30 rolls/85 sheets - White, old name=Windsoft Perforated Paper Towel Rolls, 8 7/8" x 11", 30 rolls/85 sheets - White. Updating name.
INFO            | Names differ for     item=595d43f22b66a03cefe6e4b9. New name=Windsoft Perforated Paper Towel Rolls, 8 7/8" x 11", 30 rolls/85 sheets - White, old name=Windsoft Perforated Paper Towel Rolls, 8 7/8" x 11", 30 rolls/85 sheets - White. Updating name.
INFO            | Updating             item=595d43f22b66a03cefe6e4ba : 200
INFO            | Updating             item=595d43f22b66a03cefe6e4bb : 200
INFO            | Updating             item=595d43f22b66a03cefe6e4bc : 200
INFO            | Updating             item=595d43f22b66a03cefe6e4bd : 200
INFO            | Updating             item=595d43f22b66a03cefe6e4be : 200
INFO            | Updating             item=595d43f22b66a03cefe6e4bf : 200
INFO            | Updating             item=595d43f22b66a03cefe6e4c0 : 200
INFO            | Updating             item=595d43f22b66a03cefe6e4c1 : 200
INFO            | Updating             item=595d43f22b66a03cefe6e4c2 : 200
INFO            | Updating             item=595d43f22b66a03cefe6e4c3 : 200
INFO            | Updating             item=595d43f22b66a03cefe6e4c4 : 200
INFO            | Updating             item=595d43f22b66a03cefe6e4c5 : 200
INFO            | Updating             item=595d43f22b66a03cefe6e4c6 : 200
INFO            | Updating             item=595d43f22b66a03cefe6e4c7 : 200
INFO            | Updating             item=595d43f22b66a03cefe6e4c8 : 200
INFO            | Updating             item=595d43f22b66a03cefe6e4c9 : 200
INFO            | Updating             item=595d43f22b66a03cefe6e4ca : 200
INFO            | Updating             item=595d43f22b66a03cefe6e4cb : 200
INFO            | Updating             item=595d43f22b66a03cefe6e4cc : 200
INFO            | Updating             item=595d43f22b66a03cefe6e4cd : 200
INFO            | Updating             item=595d43f22b66a03cefe6e4ce : 200
INFO            | Updating             item=595d43f22b66a03cefe6e4cf : 200
INFO            | Updating             item=595d43f22b66a03cefe6e4d0 : 200
INFO            | Updating             item=595d43f22b66a03cefe6e4d1 : 200
INFO            | Updating             item=595d43f22b66a03cefe6e4d2 : 200
INFO            | Updating             item=595d43f22b66a03cefe6e4d3 : 200
INFO            | Updating             item=595d43f22b66a03cefe6e4d4 : 200
INFO            | Updating             item=595d43f22b66a03cefe6e4d5 : 200
INFO            | Updating             item=595d43f22b66a03cefe6e4d6 : 200
INFO            | Updating             item=595d43f22b66a03cefe6e4d7 : 200
INFO            | Updating             item=595d43f22b66a03cefe6e4d8 : 200
INFO            | Updating             item=595d43f22b66a03cefe6e4d9 : 200
INFO            | Updating             item=595d43f22b66a03cefe6e4da : 200
INFO            | Updating             item=595d43f22b66a03cefe6e4db : 200
INFO            | Updating             item=595d43f22b66a03cefe6e4dc : 200
INFO            | Updating             item=595d43f22b66a03cefe6e4dd : 200
INFO            | Updating             item=595d43f22b66a03cefe6e4de : 200
INFO            | Updating             item=595d43f22b66a03cefe6e4df : 200
INFO            | Updating             item=595d43f22b66a03cefe6e4e0 : 200
INFO            | Updating             item=595d43f22b66a03cefe6e4e1 : 200
INFO            | Updating             item=595d43f22b66a03cefe6e4e2 : 200
INFO            | Updating             item=595d43f22b66a03cefe6e4e3 : 200
INFO            | Updating             item=595d43f22b66a03cefe6e4e4 : 200
INFO            | Updating             item=595d43f22b66a03cefe6e4e5 : 200
INFO            | Updating             item=595d43f22b66a03cefe6e4e6 : 200
INFO            | Updating             item=595d43f22b66a03cefe6e4e7 : 200
INFO            | Updating             item=595d43f22b66a03cefe6e4e8 : 200
INFO            | Updating             item=595d43f22b66a03cefe6e4e9 : 200
INFO            | Updating             item=595d43f22b66a03cefe6e4ea : 200
INFO            | Updating             item=595d43f22b66a03cefe6e4eb : 200
INFO            | Updating             item=595d43f22b66a03cefe6e4ec : 200
INFO            | Updating             item=595d43f22b66a03cefe6e4ed : 200
INFO            | Updating             item=595d43f22b66a03cefe6e4ee : 200
INFO            | Updating             item=595d43f22b66a03cefe6e4ef : 200
INFO            | Updating             item=595d43f22b66a03cefe6e4f0 : 200
INFO            | Updating             item=595d43f22b66a03cefe6e4f1 : 200
INFO            | Updating             item=595d43f22b66a03cefe6e4f2 : 200
INFO            | Updating             item=595d43f22b66a03cefe6e4f3 : 200
INFO            | Updating             item=595d43f22b66a03cefe6e4f4 : 200
INFO            | Updating             item=595d43f22b66a03cefe6e4f5 : 200
INFO            | Updating             item=595d43f22b66a03cefe6e4f6 : 200
INFO            | Updating             item=595d43f22b66a03cefe6e4f7 : 200
INFO            | Updating             item=595d43f22b66a03cefe6e4f8 : 200
INFO            | Updating             item=595d43f22b66a03cefe6e4f9 : 200
INFO            | Updating             item=595d43f22b66a03cefe6e4fa : 200
INFO            | Updating             item=595d43f22b66a03cefe6e4fb : 200
INFO            | Updating             item=595d43f22b66a03cefe6e4fc : 200
INFO            | Updating             item=595d43f22b66a03cefe6e4fd : 200
WARN            | Names differ for     item=595d43f22b66a03cefe6e4fe. New name=Yankee Candle Ultimate Car Jar Odor Neutralizing Car Air Freshener - Assorted Fragrances, old name=Yankee Candle Ultimate Car Jar Odor Neutralizing Car Air Freshener - Assorted Fragrances. Updating name.
INFO            | Names differ for     item=595d43f22b66a03cefe6e4fe. New name=Yankee Candle Ultimate Car Jar Odor Neutralizing Car Air Freshener - Assorted Fragrances, old name=Yankee Candle Ultimate Car Jar Odor Neutralizing Car Air Freshener - Assorted Fragrances. Updating name.
INFO            | Updating             item=595d43f22b66a03cefe6e4ff : 200
WARN            | Names differ for     item=595d43f22b66a03cefe6e500. New name=Unstopables Fresh Pluggable Scented Oil, 3 ct./2.6 oz. with Warmer Air Freshener, old name=Unstopables Fresh Pluggable Scented Oil, 3 ct./2.6 oz. with Warmer Air Freshener. Updating name.
INFO            | Names differ for     item=595d43f22b66a03cefe6e500. New name=Unstopables Fresh Pluggable Scented Oil, 3 ct./2.6 oz. with Warmer Air Freshener, old name=Unstopables Fresh Pluggable Scented Oil, 3 ct./2.6 oz. with Warmer Air Freshener. Updating name.
INFO            | Updating             item=595d43f22b66a03cefe6e501 : 200
INFO            | Updating             item=595d43f22b66a03cefe6e502 : 200
INFO            | Updating             item=595d43f22b66a03cefe6e503 : 200
INFO            | Updating             item=595d43f22b66a03cefe6e504 : 200
INFO            | Updating             item=595d43f22b66a03cefe6e505 : 200
INFO            | Updating             item=595d43f22b66a03cefe6e506 : 200
INFO            | Updating             item=595d43f22b66a03cefe6e507 : 200
WARN            | Names differ for     item=595d43f22b66a03cefe6e508. New name=Earthsense Recycled 1.25mil Can Liners, 60-gal. Capacity, 100 ct. - Black, old name=Earthsense Recycled 1.25mil Can Liners, 60-gal. Capacity, 100 ct. - Black. Updating name.
INFO            | Names differ for     item=595d43f22b66a03cefe6e508. New name=Earthsense Recycled 1.25mil Can Liners, 60-gal. Capacity, 100 ct. - Black, old name=Earthsense Recycled 1.25mil Can Liners, 60-gal. Capacity, 100 ct. - Black. Updating name.
WARN            | Names differ for     item=595d43f22b66a03cefe6e509. New name=Earthsense Recycled Large .9mil Trash and Yard Bags, 33-gal. Capacity, 80 ct. - Black, old name=Earthsense Recycled Large .9mil Trash and Yard Bags, 33-gal. Capacity, 80 ct. - Black. Updating name.
INFO            | Names differ for     item=595d43f22b66a03cefe6e509. New name=Earthsense Recycled Large .9mil Trash and Yard Bags, 33-gal. Capacity, 80 ct. - Black, old name=Earthsense Recycled Large .9mil Trash and Yard Bags, 33-gal. Capacity, 80 ct. - Black. Updating name.
WARN            | Names differ for     item=595d43f22b66a03cefe6e50a. New name=Glad 33-Gal. ForceFlex Black Drawstring Plastic Trash Bags, 70 ct. - Black, old name=Glad 33-Gal. ForceFlex Black Drawstring Plastic Trash Bags, 70 ct. - Black. Updating name.
INFO            | Names differ for     item=595d43f22b66a03cefe6e50a. New name=Glad 33-Gal. ForceFlex Black Drawstring Plastic Trash Bags, 70 ct. - Black, old name=Glad 33-Gal. ForceFlex Black Drawstring Plastic Trash Bags, 70 ct. - Black. Updating name.
INFO            | Updating             item=595d43f22b66a03cefe6e50b : 200
INFO            | Updating             item=595d43f22b66a03cefe6e50c : 200
WARN            | Names differ for     item=595d43f22b66a03cefe6e50d. New name=Glad 13-Gal. ForceFlex OdorShield Lavender Drawstring Plastic Trash Bags, 120 ct. - White, old name=Glad 13-Gal. ForceFlex OdorShield Lavender Drawstring Plastic Trash Bags, 120 ct. - White. Updating name.
INFO            | Names differ for     item=595d43f22b66a03cefe6e50d. New name=Glad 13-Gal. ForceFlex OdorShield Lavender Drawstring Plastic Trash Bags, 120 ct. - White, old name=Glad 13-Gal. ForceFlex OdorShield Lavender Drawstring Plastic Trash Bags, 120 ct. - White. Updating name.
INFO            | Updating             item=595d43f22b66a03cefe6e50e : 200
INFO            | Updating             item=595d43f22b66a03cefe6e50f : 200
WARN            | Names differ for     item=595d43f22b66a03cefe6e510. New name=Earthsense Recycled Tall .7 mil Kitchen Bags, 13-gal. Capacity, 150 ct. - White, old name=Earthsense Recycled Tall .7 mil Kitchen Bags, 13-gal. Capacity, 150 ct. - White. Updating name.
INFO            | Names differ for     item=595d43f22b66a03cefe6e510. New name=Earthsense Recycled Tall .7 mil Kitchen Bags, 13-gal. Capacity, 150 ct. - White, old name=Earthsense Recycled Tall .7 mil Kitchen Bags, 13-gal. Capacity, 150 ct. - White. Updating name.
WARN            | Names differ for     item=595d43f22b66a03cefe6e511. New name=Glad 13-gal. Kitchen Drawstring Recycled Plastic Trash Bags, 45 ct. - Clear, old name=Glad 13-gal. Kitchen Drawstring Recycled Plastic Trash Bags, 45 ct. - Clear. Updating name.
INFO            | Names differ for     item=595d43f22b66a03cefe6e511. New name=Glad 13-gal. Kitchen Drawstring Recycled Plastic Trash Bags, 45 ct. - Clear, old name=Glad 13-gal. Kitchen Drawstring Recycled Plastic Trash Bags, 45 ct. - Clear. Updating name.
INFO            | Updating             item=595d43f22b66a03cefe6e512 : 200
WARN            | Names differ for     item=595d43f22b66a03cefe6e513. New name=Berkley Jensen 42-Gal. 3mil Heavy Duty Contractor & Industrial Use Bags, 32 ct., old name=Berkley Jensen 42-Gal. 3mil Heavy Duty Contractor & Industrial Use Bags, 32 ct.. Updating name.
INFO            | Names differ for     item=595d43f22b66a03cefe6e513. New name=Berkley Jensen 42-Gal. 3mil Heavy Duty Contractor & Industrial Use Bags, 32 ct., old name=Berkley Jensen 42-Gal. 3mil Heavy Duty Contractor & Industrial Use Bags, 32 ct.. Updating name.
INFO            | Updating             item=595d43f22b66a03cefe6e514 : 200
WARN            | Names differ for     item=595d43f22b66a03cefe6e515. New name=Glad 13-Gal. ForceFlex OdorShield Drawstring Plastic Trash Bags, 120 ct. - White, old name=Glad 13-Gal. ForceFlex OdorShield Drawstring Plastic Trash Bags, 120 ct. - White. Updating name.
INFO            | Names differ for     item=595d43f22b66a03cefe6e515. New name=Glad 13-Gal. ForceFlex OdorShield Drawstring Plastic Trash Bags, 120 ct. - White, old name=Glad 13-Gal. ForceFlex OdorShield Drawstring Plastic Trash Bags, 120 ct. - White. Updating name.
INFO            | Updating             item=595d43f22b66a03cefe6e516 : 200
INFO            | Updating             item=595d43f22b66a03cefe6e517 : 200
INFO            | Updating             item=595d43f22b66a03cefe6e518 : 200
INFO            | Updating             item=595d43f22b66a03cefe6e519 : 200
INFO            | Updating             item=595d43f22b66a03cefe6e51a : 200
WARN            | Names differ for     item=595d43f22b66a03cefe6e51b. New name=Glad 13-Gal. Tall Kitchen Drawstring Plastic Trash Bags, 150 ct. - White, old name=Glad 13-Gal. Tall Kitchen Drawstring Plastic Trash Bags, 150 ct. - White. Updating name.
INFO            | Names differ for     item=595d43f22b66a03cefe6e51b. New name=Glad 13-Gal. Tall Kitchen Drawstring Plastic Trash Bags, 150 ct. - White, old name=Glad 13-Gal. Tall Kitchen Drawstring Plastic Trash Bags, 150 ct. - White. Updating name.
